nohup: ignoring input
[Tue May 12 06:08:34 AM UTC 2026] Starting ai_layer...
[Sat May 16 07:21:24 AM UTC 2026] Starting ai_layer...
[Sat May 16 11:03:35 AM UTC 2026] ai_layer exited  restarting in 300s...
[Sat May 16 11:03:40 AM UTC 2026] Starting ai_layer...
[Sat May 16 11:08:35 AM UTC 2026] Starting ai_layer...
[Sun May 17 05:10:20 AM UTC 2026] ai_layer exited  restarting in 300s...
[Sun May 17 05:10:20 AM UTC 2026] ai_layer exited  restarting in 300s...
[Sun May 17 05:11:10 AM UTC 2026] Starting ai_layer...
[Sun May 17 05:15:20 AM UTC 2026] Starting ai_layer...
[Sun May 17 05:15:20 AM UTC 2026] Starting ai_layer...
[Sun May 17 06:00:29 AM UTC 2026] ai_layer exited  restarting in 300s...
[Sun May 17 06:00:29 AM UTC 2026] ai_layer exited  restarting in 300s...
Terminated
[Sun May 17 06:00:29 AM UTC 2026] ai_layer exited  restarting in 300s...
[Sun May 17 06:00:36 AM UTC 2026] Starting ai_layer...
[Sun May 17 06:05:29 AM UTC 2026] Starting ai_layer...
[Sun May 17 06:05:29 AM UTC 2026] Starting ai_layer...
[Sun May 17 06:05:29 AM UTC 2026] Starting ai_layer...
[Sun May 17 07:14:08 AM UTC 2026] ai_layer exited  restarting in 300s...
[Sun May 17 07:14:08 AM UTC 2026] ai_layer exited  restarting in 300s...
Terminated
[Sun May 17 07:14:08 AM UTC 2026] ai_layer exited  restarting in 300s...
[Sun May 17 07:14:08 AM UTC 2026] ai_layer exited  restarting in 300s...
[Sun May 17 07:14:25 AM UTC 2026] Starting ai_layer...
[Sun May 17 07:19:08 AM UTC 2026] Starting ai_layer...
[Sun May 17 07:19:08 AM UTC 2026] Starting ai_layer...
[Sun May 17 07:19:08 AM UTC 2026] Starting ai_layer...
[Sun May 17 07:19:08 AM UTC 2026] Starting ai_layer...
[Sun May 17 07:28:02 AM UTC 2026] ai_layer exited  restarting in 300s...
[Sun May 17 07:28:02 AM UTC 2026] ai_layer exited  restarting in 300s...
[Sun May 17 07:28:02 AM UTC 2026] ai_layer exited  restarting in 300s...
Terminated
[Sun May 17 07:28:03 AM UTC 2026] ai_layer exited  restarting in 300s...
[Sun May 17 07:28:03 AM UTC 2026] ai_layer exited  restarting in 300s...
[Sun May 17 07:28:20 AM UTC 2026] Starting ai_layer...
[Sun May 17 07:33:02 AM UTC 2026] Starting ai_layer...
[Sun May 17 07:33:02 AM UTC 2026] Starting ai_layer...
[Sun May 17 07:33:02 AM UTC 2026] Starting ai_layer...
[Sun May 17 07:33:03 AM UTC 2026] Starting ai_layer...
[Sun May 17 07:33:04 AM UTC 2026] Starting ai_layer...
