[Institutional] 🚀 Starting Institutional Robustness Layer

============================================================
[Institutional] 🚀 Running full analysis...
============================================================
[CrossAsset] NEUTRAL | Score: 60
[Liquidity] TIGHTENING | Score: 40
[Psychology] COMPLACENT | Fear=30 | VIX=17.2
[FailSafe] 1 issues found
[Institutional] ✅ Report sent | Env=50
[FailSafe] 1 issues found
[FailSafe] 1 issues found
[FailSafe] 1 issues found
[FailSafe] 1 issues found
[FailSafe] 1 issues found
[FailSafe] 1 issues found
[FailSafe] 1 issues found
[FailSafe] 1 issues found
[FailSafe] 1 issues found
[FailSafe] 1 issues found
[FailSafe] 1 issues found
[CrossAsset] NEUTRAL | Score: 60
[FailSafe] 1 issues found
[FailSafe] 1 issues found
[FailSafe] 1 issues found
[FailSafe] 1 issues found
[FailSafe] 1 issues found
[FailSafe] 1 issues found
[FailSafe] 1 issues found
[FailSafe] 1 issues found
[FailSafe] 1 issues found
[FailSafe] 1 issues found
[FailSafe] 1 issues found
[FailSafe] 1 issues found
[Liquidity] TIGHTENING | Score: 40
[CrossAsset] NEUTRAL | Score: 60
[FailSafe] 1 issues found
[FailSafe] 1 issues found
[FailSafe] 1 issues found
[FailSafe] 1 issues found
[FailSafe] 1 issues found
[FailSafe] 1 issues found
[FailSafe] 1 issues found
[FailSafe] 1 issues found
[FailSafe] 1 issues found
[FailSafe] 1 issues found
[FailSafe] 1 issues found
[FailSafe] 1 issues found
[Psychology] COMPLACENT | Fear=30 | VIX=17.2
[CrossAsset] NEUTRAL | Score: 60
[FailSafe] 1 issues found
[FailSafe] 1 issues found
[FailSafe] 1 issues found
[FailSafe] 1 issues found
[FailSafe] 1 issues found
[FailSafe] 1 issues found
[FailSafe] 1 issues found
[FailSafe] 1 issues found
[FailSafe] 1 issues found
[FailSafe] 1 issues found
[FailSafe] 1 issues found
[FailSafe] 1 issues found
[Liquidity] TIGHTENING | Score: 40
[CrossAsset] NEUTRAL | Score: 60
[FailSafe] 1 issues found
[FailSafe] 1 issues found
[FailSafe] 1 issues found
[FailSafe] 1 issues found
[FailSafe] 1 issues found
[FailSafe] 1 issues found
[FailSafe] 1 issues found
[FailSafe] 1 issues found
[FailSafe] 1 issues found
[FailSafe] 1 issues found
[FailSafe] 1 issues found
[FailSafe] 1 issues found
[CrossAsset] NEUTRAL | Score: 60
[FailSafe] 1 issues found
[FailSafe] 1 issues found
[FailSafe] 1 issues found
[FailSafe] 1 issues found
[FailSafe] 1 issues found
[FailSafe] 1 issues found
[FailSafe] 1 issues found
[FailSafe] 1 issues found
[FailSafe] 1 issues found
[FailSafe] 1 issues found
[FailSafe] 1 issues found
[FailSafe] 1 issues found

============================================================
[Institutional] 🚀 Running full analysis...
============================================================
[CrossAsset] NEUTRAL | Score: 60
[Liquidity] TIGHTENING | Score: 40
[Psychology] COMPLACENT | Fear=30 | VIX=17.2
[FailSafe] 1 issues found
[Institutional] ✅ Report sent | Env=50
[Psychology] COMPLACENT | Fear=30 | VIX=17.2
[Liquidity] TIGHTENING | Score: 40
[CrossAsset] NEUTRAL | Score: 60
[FailSafe] 1 issues found
[FailSafe] 1 issues found
[FailSafe] 1 issues found
[FailSafe] 1 issues found
[FailSafe] 1 issues found
[FailSafe] 1 issues found
[FailSafe] 1 issues found
[FailSafe] 1 issues found
[FailSafe] 1 issues found
[FailSafe] 1 issues found
[FailSafe] 1 issues found
[FailSafe] 1 issues found
[CrossAsset] NEUTRAL | Score: 60
[FailSafe] 1 issues found
[FailSafe] 1 issues found
[FailSafe] 1 issues found
[FailSafe] 1 issues found
[FailSafe] 1 issues found
[FailSafe] 1 issues found
[FailSafe] 1 issues found
[FailSafe] 1 issues found
[FailSafe] 1 issues found
[FailSafe] 1 issues found
[FailSafe] 1 issues found
[FailSafe] 1 issues found
[Liquidity] TIGHTENING | Score: 40
[CrossAsset] NEUTRAL | Score: 60
[FailSafe] 1 issues found
[FailSafe] 1 issues found
[FailSafe] 1 issues found
[FailSafe] 1 issues found
[FailSafe] 1 issues found
[FailSafe] 1 issues found
[FailSafe] 1 issues found
[FailSafe] 1 issues found
[FailSafe] 1 issues found
[FailSafe] 1 issues found
[FailSafe] 1 issues found
[FailSafe] 1 issues found
[Psychology] COMPLACENT | Fear=30 | VIX=17.2
[CrossAsset] NEUTRAL | Score: 60
[FailSafe] 1 issues found
[FailSafe] 1 issues found
[FailSafe] 1 issues found
[FailSafe] 1 issues found
[FailSafe] 1 issues found
[FailSafe] 1 issues found
[FailSafe] 1 issues found
[FailSafe] 1 issues found
[FailSafe] 1 issues found
[FailSafe] 1 issues found
[FailSafe] 1 issues found
[FailSafe] 1 issues found
[Liquidity] TIGHTENING | Score: 40
[CrossAsset] NEUTRAL | Score: 60
[FailSafe] 1 issues found
[FailSafe] 1 issues found
[FailSafe] 1 issues found
[FailSafe] 1 issues found
[FailSafe] 1 issues found
[FailSafe] 1 issues found
[FailSafe] 1 issues found
[FailSafe] 1 issues found
[FailSafe] 1 issues found
[FailSafe] 1 issues found
[FailSafe] 1 issues found
[FailSafe] 1 issues found
[CrossAsset] NEUTRAL | Score: 60
[FailSafe] 1 issues found
[FailSafe] 1 issues found
[FailSafe] 1 issues found
[FailSafe] 1 issues found
[FailSafe] 1 issues found
[FailSafe] 1 issues found
[FailSafe] 1 issues found
[FailSafe] 1 issues found
[FailSafe] 1 issues found
[FailSafe] 1 issues found
[FailSafe] 1 issues found
[FailSafe] 1 issues found

============================================================
[Institutional] 🚀 Running full analysis...
============================================================
[CrossAsset] NEUTRAL | Score: 60
[Liquidity] TIGHTENING | Score: 40
[Psychology] COMPLACENT | Fear=30 | VIX=17.2
[FailSafe] 1 issues found
[Institutional] ✅ Report sent | Env=50
[Psychology] COMPLACENT | Fear=30 | VIX=17.2
[Liquidity] TIGHTENING | Score: 40
[CrossAsset] NEUTRAL | Score: 60
[FailSafe] 1 issues found
[FailSafe] 1 issues found
[FailSafe] 1 issues found
[FailSafe] 1 issues found
[FailSafe] 1 issues found
[FailSafe] 1 issues found
[FailSafe] 1 issues found
[FailSafe] 1 issues found
[FailSafe] 1 issues found
[FailSafe] 1 issues found
[FailSafe] 1 issues found
[FailSafe] 1 issues found
[CrossAsset] NEUTRAL | Score: 60
[FailSafe] 1 issues found
[FailSafe] 1 issues found
[FailSafe] 1 issues found
[FailSafe] 1 issues found
[FailSafe] 1 issues found
[FailSafe] 1 issues found
[FailSafe] 1 issues found
[FailSafe] 1 issues found
[FailSafe] 1 issues found
[FailSafe] 1 issues found
[FailSafe] 1 issues found
[FailSafe] 1 issues found
[Liquidity] TIGHTENING | Score: 40
[CrossAsset] NEUTRAL | Score: 60
[FailSafe] 1 issues found
[FailSafe] 1 issues found
[FailSafe] 1 issues found
[FailSafe] 1 issues found
[FailSafe] 1 issues found
[FailSafe] 1 issues found
[FailSafe] 1 issues found
[FailSafe] 1 issues found
[FailSafe] 1 issues found
[FailSafe] 1 issues found
[FailSafe] 1 issues found
[FailSafe] 1 issues found
[Psychology] COMPLACENT | Fear=30 | VIX=17.2
[CrossAsset] NEUTRAL | Score: 60
[FailSafe] 1 issues found
[FailSafe] 1 issues found
[FailSafe] 1 issues found
[FailSafe] 1 issues found
[FailSafe] 1 issues found
[FailSafe] 1 issues found
[FailSafe] 1 issues found
[FailSafe] 1 issues found
[FailSafe] 1 issues found
[FailSafe] 1 issues found
[FailSafe] 2 issues found
[FailSafe] 2 issues found
[Liquidity] TIGHTENING | Score: 40
[CrossAsset] NEUTRAL | Score: 60
[FailSafe] 2 issues found
[FailSafe] 2 issues found
[FailSafe] 2 issues found
[FailSafe] 2 issues found
[FailSafe] 2 issues found
[FailSafe] 2 issues found
[FailSafe] 2 issues found
[FailSafe] 2 issues found
[FailSafe] 2 issues found
[FailSafe] 2 issues found
[FailSafe] 2 issues found
[FailSafe] 2 issues found
[CrossAsset] NEUTRAL | Score: 60
[FailSafe] 2 issues found
[FailSafe] 2 issues found
[FailSafe] 2 issues found
[FailSafe] 2 issues found
[FailSafe] 2 issues found
[FailSafe] 2 issues found
[FailSafe] 2 issues found
[FailSafe] 2 issues found
[FailSafe] 2 issues found
[FailSafe] 2 issues found
[FailSafe] 2 issues found
[FailSafe] 2 issues found

============================================================
[Institutional] 🚀 Running full analysis...
============================================================
[CrossAsset] NEUTRAL | Score: 60
[Liquidity] TIGHTENING | Score: 40
[Psychology] COMPLACENT | Fear=30 | VIX=17.2
[FailSafe] 2 issues found
[Institutional] ✅ Report sent | Env=50
[Psychology] COMPLACENT | Fear=30 | VIX=17.2
[Liquidity] TIGHTENING | Score: 40Traceback (most recent call last):
  File "/root/institutional_layer.py", line 25, in <module>
    from config import (TELEGRAM_TOKEN, TELEGRAM_CHAT_ID,
ImportError: cannot import name 'TELEGRAM_TOKEN' from 'config' (/root/config.py)
[Institutional] 🚀 Starting Institutional Robustness Layer

============================================================
[Institutional] 🚀 Running full analysis...
============================================================
[CrossAsset] NEUTRAL | Score: 60
[Liquidity] TIGHTENING | Score: 40
[Psychology] COMPLACENT | Fear=30 | VIX=17.2
[FailSafe] ✅ All systems OK
[Institutional] ✅ Report sent | Env=50
[FailSafe] ✅ All systems OK
[FailSafe] ✅ All systems OK
[FailSafe] ✅ All systems OK
[FailSafe] ✅ All systems OK
[FailSafe] 1 issues found
[FailSafe] 1 issues found
[FailSafe] 1 issues found
[FailSafe] 1 issues found
[FailSafe] 1 issues found
[FailSafe] 1 issues found
[FailSafe] 1 issues found
[CrossAsset] NEUTRAL | Score: 60
[FailSafe] 1 issues found
[FailSafe] 1 issues found
[FailSafe] 1 issues found
[FailSafe] 1 issues found
[FailSafe] 1 issues found
[FailSafe] 1 issues found
[FailSafe] 1 issues found
[FailSafe] 1 issues found
[FailSafe] 1 issues found
[FailSafe] 1 issues found
[FailSafe] 1 issues found
[FailSafe] 1 issues found
[Liquidity] TIGHTENING | Score: 40
[CrossAsset] NEUTRAL | Score: 60
[FailSafe] 1 issues found
[FailSafe] 1 issues found
[FailSafe] 1 issues found
[FailSafe] 1 issues found
[FailSafe] 1 issues found
[FailSafe] 1 issues found
[FailSafe] 1 issues found
[FailSafe] 1 issues found
[FailSafe] 1 issues found
[FailSafe] 1 issues found
[FailSafe] 1 issues found
[FailSafe] 1 issues found
[Psychology] COMPLACENT | Fear=30 | VIX=17.2
[CrossAsset] NEUTRAL | Score: 60
[FailSafe] 1 issues found
[FailSafe] 1 issues found
[FailSafe] 1 issues found
[FailSafe] 1 issues found
[FailSafe] 1 issues found
[FailSafe] 1 issues found
[FailSafe] 1 issues found
[FailSafe] 1 issues found
[FailSafe] 1 issues found
[FailSafe] 1 issues found
[FailSafe] 1 issues found
[FailSafe] 1 issues found
[Liquidity] TIGHTENING | Score: 40
[CrossAsset] NEUTRAL | Score: 60
[FailSafe] 1 issues found
[FailSafe] 1 issues found
[FailSafe] 1 issues found
[FailSafe] 1 issues found
[FailSafe] 1 issues found
[FailSafe] 1 issues found
[FailSafe] 1 issues found
[FailSafe] 1 issues found
[FailSafe] 1 issues found
[FailSafe] 1 issues found
[FailSafe] 1 issues found
[FailSafe] 1 issues found
[CrossAsset] NEUTRAL | Score: 60
[FailSafe] 1 issues found
[FailSafe] 1 issues found
[FailSafe] 1 issues found
[FailSafe] 1 issues found
[FailSafe] 1 issues found
[FailSafe] 1 issues found
[FailSafe] 1 issues found
[FailSafe] 1 issues found
[FailSafe] 1 issues found
[FailSafe] 1 issues found
[FailSafe] 1 issues found
[FailSafe] 1 issues found

============================================================
[Institutional] 🚀 Running full analysis...
============================================================
[CrossAsset] NEUTRAL | Score: 60
[Liquidity] TIGHTENING | Score: 40
[Psychology] COMPLACENT | Fear=30 | VIX=17.2
[FailSafe] 1 issues found
[Institutional] ✅ Report sent | Env=50
[Psychology] COMPLACENT | Fear=30 | VIX=17.2
[Liquidity] TIGHTENING | Score: 40
[CrossAsset] NEUTRAL | Score: 60
[FailSafe] 1 issues found
[FailSafe] 1 issues found
[FailSafe] 1 issues found
[FailSafe] 1 issues found
[FailSafe] 1 issues found
[FailSafe] 1 issues found
[FailSafe] 1 issues found
[FailSafe] 1 issues found
[FailSafe] 1 issues found
[FailSafe] 1 issues found
[FailSafe] 1 issues found
[FailSafe] 1 issues found
[CrossAsset] NEUTRAL | Score: 60
[FailSafe] 1 issues found
[FailSafe] 1 issues found
[FailSafe] 1 issues found
[FailSafe] 1 issues found
[FailSafe] 1 issues found
[FailSafe] 1 issues found
[FailSafe] 1 issues found
[FailSafe] 1 issues found
[FailSafe] 1 issues found
[FailSafe] 1 issues found
[FailSafe] 1 issues found
[FailSafe] 1 issues found
[Liquidity] TIGHTENING | Score: 40
[CrossAsset] NEUTRAL | Score: 60
[FailSafe] 1 issues found
[FailSafe] 1 issues found
[FailSafe] 1 issues found
[FailSafe] 1 issues found
[FailSafe] 1 issues found
[FailSafe] 1 issues found
[FailSafe] 1 issues found
[FailSafe] 1 issues found
[FailSafe] 1 issues found
[FailSafe] 1 issues found
[FailSafe] 1 issues found
[FailSafe] 1 issues found
[Psychology] COMPLACENT | Fear=30 | VIX=17.2
[CrossAsset] NEUTRAL | Score: 60
[FailSafe] 1 issues found
[FailSafe] 1 issues found
[FailSafe] 1 issues found
[FailSafe] 1 issues found
[FailSafe] 1 issues found
[FailSafe] 1 issues found
[FailSafe] 1 issues found
[FailSafe] 1 issues found
[FailSafe] 1 issues found
[FailSafe] 1 issues found
[FailSafe] 1 issues found
[FailSafe] 1 issues found
[Liquidity] TIGHTENING | Score: 40
[CrossAsset] NEUTRAL | Score: 60
[FailSafe] 1 issues found
[FailSafe] 1 issues found
[FailSafe] 1 issues found
[FailSafe] 1 issues found
[FailSafe] 1 issues found
[FailSafe] 1 issues found
[FailSafe] 1 issues found
[FailSafe] 1 issues found
[FailSafe] 1 issues found
[FailSafe] 1 issues found
[FailSafe] 1 issues found
[FailSafe] 1 issues found
[CrossAsset] NEUTRAL | Score: 60
[FailSafe] 1 issues found
[FailSafe] 1 issues found
[FailSafe] 1 issues found
[FailSafe] 1 issues found
[FailSafe] 1 issues found
[FailSafe] 1 issues found
[FailSafe] 1 issues found
[FailSafe] 1 issues found
[FailSafe] 1 issues found
[FailSafe] 1 issues found
[FailSafe] 1 issues found
[FailSafe] 1 issues found

============================================================
[Institutional] 🚀 Running full analysis...
============================================================
[CrossAsset] NEUTRAL | Score: 60
[Liquidity] TIGHTENING | Score: 40
[Psychology] COMPLACENT | Fear=30 | VIX=17.2
[FailSafe] 1 issues found
[Institutional] ✅ Report sent | Env=50
[Psychology] COMPLACENT | Fear=30 | VIX=17.2
[Liquidity] TIGHTENING | Score: 40
[CrossAsset] NEUTRAL | Score: 60
[FailSafe] 1 issues found
[FailSafe] 1 issues found
[FailSafe] 1 issues found
[FailSafe] 1 issues found
[FailSafe] 1 issues found
[FailSafe] 1 issues found
[FailSafe] 1 issues found
[FailSafe] 1 issues found
[FailSafe] 1 issues found
[FailSafe] 1 issues found
[FailSafe] 1 issues found
[FailSafe] 1 issues found
[CrossAsset] NEUTRAL | Score: 60
[FailSafe] 1 issues found
[FailSafe] 1 issues found
[FailSafe] 1 issues found
[FailSafe] 1 issues found
[FailSafe] 1 issues found
[FailSafe] 1 issues found
[FailSafe] 1 issues found
[FailSafe] 1 issues found
[FailSafe] 1 issues found
[FailSafe] 1 issues found
[FailSafe] 1 issues found
[FailSafe] 1 issues found
[Liquidity] TIGHTENING | Score: 40
[CrossAsset] NEUTRAL | Score: 60
[FailSafe] 1 issues found
[FailSafe] 1 issues found
[FailSafe] 1 issues found
[FailSafe] 1 issues found
[FailSafe] 1 issues found
[FailSafe] 1 issues found
[FailSafe] 1 issues found
[FailSafe] 1 issues found
[FailSafe] 1 issues found
[FailSafe] 1 issues found
[FailSafe] 1 issues found
[FailSafe] 1 issues found
[Psychology] COMPLACENT | Fear=30 | VIX=17.2
[CrossAsset] NEUTRAL | Score: 68
[FailSafe] 1 issues found
[FailSafe] 1 issues found
[FailSafe] 1 issues found
[FailSafe] 1 issues found
[FailSafe] 1 issues found
[FailSafe] 1 issues found
[FailSafe] 1 issues found
[FailSafe] 1 issues found
[FailSafe] 1 issues found
[FailSafe] 1 issues found
[FailSafe] 1 issues found
[FailSafe] 1 issues found
[Liquidity] TIGHTENING | Score: 40
[CrossAsset] NEUTRAL | Score: 60
[FailSafe] 1 issues found
[FailSafe] 1 issues found
[FailSafe] 1 issues found
[FailSafe] 1 issues found
[FailSafe] 1 issues found
[FailSafe] 1 issues found
[FailSafe] 1 issues found
[FailSafe] 1 issues found
[FailSafe] 1 issues found
[FailSafe] 1 issues found
[FailSafe] 1 issues found
[FailSafe] 1 issues found
[CrossAsset] NEUTRAL | Score: 60
[FailSafe] 1 issues found
[FailSafe] 1 issues found
[FailSafe] 1 issues found
[FailSafe] 1 issues found
[FailSafe] 1 issues found
[FailSafe] 1 issues found
[FailSafe] 1 issues found
[FailSafe] 1 issues found
[FailSafe] 1 issues found
[FailSafe] 1 issues found
[FailSafe] 1 issues found
[FailSafe] 1 issues found

============================================================
[Institutional] 🚀 Running full analysis...
============================================================
[CrossAsset] NEUTRAL | Score: 60
[Liquidity] TIGHTENING | Score: 40
[Psychology] COMPLACENT | Fear=30 | VIX=17.2
[FailSafe] 1 issues found
[Institutional] ✅ Report sent | Env=50
[Psychology] COMPLACENT | Fear=30 | VIX=17.2
