nohup: ignoring input
🧪 اختبار Macro Intelligence...


[Macro] جلب بيانات المؤشرات...
  DXY     : 98.27 (+0.33%)
  US10Y   : 4.43 (+0.39%)
  US02Y   : 3.61 (+0.14%)
  VIX     : 18.67 (+1.58%)
  GOLD    : 4716.70 (-0.04%)
  OIL     : 100.94 (+2.93%)
  COPPER  : 6.50 (+1.32%)
  SPY     : 739.30 (+0.23%)
  QQQ     : 713.29 (+0.29%)
  TLT     : 85.56 (-0.60%)

=======================================================
  المرحلة: 🚀 صعود قوي — اشتر بجرأة
  النقاط: +5
  القطاعات: التكنولوجيا, أشباه الموصلات, السيبراني, النمو
=======================================================

الإشارات:
  ⚖️ DXY محايد (98.3)
  ✅ US10Y مقبول (4.4)
  ✅ Yield Curve طبيعي (+0.8)
  ✅ VIX طبيعي (18.7)
  ✅ النحاس يرتفع (+7.0%) — نمو اقتصادي
  ✅ الذهب مستقر (-2.2%)
  ⚠️ النفط يرتفع بقوة (+10.6%) — ضغط تضخمي

اختبار فلتر الشراء:
  ✅ NVDA: الماكرو يسمح بالشراء
  ✅ XOM: الماكرو يسمح بالشراء
  ✅ MSFT: الماكرو يسمح بالشراء
  ✅ GLD: الماكرو يسمح بالشراء
[Macro] تقرير أُرسل على Telegram ✅

✅ اكتمل! التقرير وصل على Telegram

🔍 الخيوط الخفية:
  🚀 <b>خيط خفي:</b> الذهب يهبط + النحاس يرتفع
   → المال يتحول من الملاذ الآمن للن
[Correlation] تقرير الخيوط الخفية أُرسل ✅

✅ اكتمل! كلا التقريرين وصلا على Telegram

[Macro] جلب بيانات المؤشرات...
  DXY     : 98.27 (+0.33%)
  US10Y   : 4.43 (+0.39%)
  US02Y   : 3.61 (+0.14%)
  VIX     : 18.67 (+1.58%)
  GOLD    : 4716.70 (-0.04%)
  OIL     : 100.94 (+2.93%)
  COPPER  : 6.50 (+1.31%)
  SPY     : 739.30 (+0.23%)
  QQQ     : 713.29 (+0.29%)
  TLT     : 85.56 (-0.60%)

[Macro] جلب بيانات المؤشرات...
  DXY     : 98.39 (+0.46%)
  US10Y   : 4.45 (+0.84%)
  US02Y   : 3.61 (+0.14%)
  VIX     : 18.61 (+1.25%)
  GOLD    : 4699.20 (-0.41%)
  OIL     : 101.61 (+3.61%)
  COPPER  : 6.49 (+1.24%)
  SPY     : 734.86 (-0.60%)
  QQQ     : 706.10 (-1.01%)
  TLT     : 85.05 (-0.60%)

[Macro] جلب بيانات المؤشرات...
  DXY     : 98.39 (+0.46%)
  US10Y   : 4.45 (+0.98%)
  US02Y   : 3.61 (+0.14%)
  VIX     : 18.81 (+2.34%)
  GOLD    : 4683.10 (-0.75%)
  OIL     : 101.89 (+3.90%)
  COPPER  : 6.52 (+1.63%)
  SPY     : 733.73 (-0.75%)
  QQQ     : 703.26 (-1.41%)
  TLT     : 85.08 (-0.56%)

[Macro] جلب بيانات المؤشرات...
  DXY     : 98.39 (+0.46%)
  US10Y   : 4.45 (+0.84%)
  US02Y   : 3.61 (+0.19%)
  VIX     : 18.83 (+2.45%)
  GOLD    : 4671.80 (-0.99%)
  OIL     : 101.59 (+3.59%)
  COPPER  : 6.54 (+1.95%)
  SPY     : 732.45 (-0.93%)
  QQQ     : 698.91 (-2.02%)
  TLT     : 85.07 (-0.57%)

[Macro] جلب بيانات المؤشرات...
  DXY     : 98.40 (+0.47%)
  US10Y   : 4.45 (+1.02%)
  US02Y   : 3.61 (+0.19%)
  VIX     : 18.66 (+1.52%)
  GOLD    : 4677.20 (-0.88%)
  OIL     : 101.89 (+3.90%)
  COPPER  : 6.52 (+1.72%)
  SPY     : 732.26 (-0.95%)
  QQQ     : 697.45 (-2.22%)
  TLT     : 85.06 (-0.59%)

[Macro] جلب بيانات المؤشرات...
  DXY     : 98.38 (+0.45%)
  US10Y   : 4.46 (+1.07%)
  US02Y   : 3.61 (+0.19%)
  VIX     : 18.28 (-0.54%)
  GOLD    : 4685.40 (-0.71%)
  OIL     : 101.65 (+3.65%)
  COPPER  : 6.58 (+2.53%)
  SPY     : 734.99 (-0.58%)
  QQQ     : 700.89 (-1.74%)
  TLT     : 85.00 (-0.65%)

[Macro] جلب بيانات المؤشرات...
  DXY     : 98.32 (+0.38%)
  US10Y   : 4.47 (+1.25%)
  US02Y   : 3.61 (+0.14%)
  VIX     : 18.11 (-1.47%)
  GOLD    : 4700.00 (-0.40%)
  OIL     : 102.66 (+4.68%)
  COPPER  : 6.63 (+3.39%)
  SPY     : 736.22 (-0.42%)
  QQQ     : 702.38 (-1.53%)
  TLT     : 84.97 (-0.69%)

[Macro] جلب بيانات المؤشرات...
  DXY     : 98.27 (+0.33%)
  US10Y   : 4.46 (+1.20%)
  US02Y   : 3.60 (+0.08%)
  VIX     : 18.05 (-1.80%)
  GOLD    : 4718.30 (-0.01%)
  OIL     : 102.28 (+4.29%)
  COPPER  : 6.64 (+3.56%)
  SPY     : 738.17 (-0.15%)
  QQQ     : 707.24 (-0.85%)
  TLT     : 84.99 (-0.67%)

[Macro] جلب بيانات المؤشرات...
  DXY     : 98.31 (+0.37%)
  US10Y   : 4.46 (+1.20%)
  US02Y   : 3.60 (+0.08%)
  VIX     : 17.99 (-2.12%)
  GOLD    : 4722.40 (+0.08%)
  OIL     : 102.09 (+4.10%)
  COPPER  : 6.64 (+3.48%)
  SPY     : 738.18 (-0.15%)
  QQQ     : 707.24 (-0.85%)
  TLT     : 84.99 (-0.67%)

[Macro] جلب بيانات المؤشرات...
  DXY     : 98.29 (+0.36%)
  US10Y   : 4.46 (+1.20%)
  US02Y   : 3.60 (+0.08%)
  VIX     : 17.99 (-2.12%)
  GOLD    : 4722.60 (+0.08%)
  OIL     : 102.05 (+4.06%)
  COPPER  : 6.63 (+3.43%)
  SPY     : 738.18 (-0.15%)
  QQQ     : 707.24 (-0.85%)
  TLT     : 84.99 (-0.67%)

[Macro] جلب بيانات المؤشرات...
  DXY     : 98.29 (+0.36%)
  US10Y   : 4.46 (+1.20%)
  US02Y   : 3.60 (+0.08%)
  VIX     : 17.99 (-2.12%)
  GOLD    : 4725.00 (+0.13%)
  OIL     : 101.88 (+3.88%)
  COPPER  : 6.64 (+3.48%)
  SPY     : 738.18 (-0.15%)
  QQQ     : 707.24 (-0.85%)
  TLT     : 84.99 (-0.67%)

[Macro] جلب بيانات المؤشرات...
  DXY     : 98.31 (+0.38%)
  US10Y   : 4.46 (+1.20%)
  US02Y   : 3.60 (+0.08%)
  VIX     : 17.99 (-2.12%)
  GOLD    : 4725.30 (+0.14%)
  OIL     : 102.10 (+4.11%)
  COPPER  : 6.63 (+3.43%)
  SPY     : 738.18 (-0.15%)
  QQQ     : 707.24 (-0.85%)
  TLT     : 84.99 (-0.67%)

[Macro] جلب بيانات المؤشرات...
  DXY     : 98.34 (+0.41%)
  US10Y   : 4.46 (+1.20%)
  US02Y   : 3.60 (+0.08%)
  VIX     : 17.99 (-2.12%)
  GOLD    : 4725.50 (+0.14%)
  OIL     : 101.54 (+3.54%)
  COPPER  : 6.64 (+3.56%)
  SPY     : 738.18 (-0.15%)
  QQQ     : 707.24 (-0.85%)
  TLT     : 84.99 (-0.67%)

[Macro] جلب بيانات المؤشرات...
  DXY     : 98.27 (+0.34%)
  US10Y   : 4.46 (+1.20%)
  US02Y   : 3.60 (+0.08%)
  VIX     : 17.99 (-2.12%)
  GOLD    : 4716.90 (-0.04%)
  OIL     : 101.55 (+3.55%)
  COPPER  : 6.67 (+4.03%)
  SPY     : 738.18 (-0.15%)
  QQQ     : 707.24 (-0.85%)
  TLT     : 84.99 (-0.67%)

[Macro] جلب بيانات المؤشرات...
  DXY     : 98.30 (+0.36%)
  US10Y   : 4.46 (+1.20%)
  US02Y   : 3.60 (+0.08%)
  VIX     : 17.99 (-2.12%)
  GOLD    : 4701.00 (-0.38%)
  OIL     : 101.34 (+3.33%)
  COPPER  : 6.65 (+3.66%)
  SPY     : 738.18 (-0.15%)
  QQQ     : 707.24 (-0.85%)
  TLT     : 84.99 (-0.67%)

[Macro] جلب بيانات المؤشرات...
  DXY     : 98.29 (+0.36%)
  US10Y   : 4.46 (+1.20%)
  US02Y   : 3.60 (+0.08%)
  VIX     : 17.99 (-2.12%)
  GOLD    : 4677.60 (-0.87%)
  OIL     : 102.18 (+4.19%)
  COPPER  : 6.49 (+1.11%)
  SPY     : 738.18 (-0.15%)
  QQQ     : 707.24 (-0.85%)
  TLT     : 84.99 (-0.67%)

[Macro] جلب بيانات المؤشرات...
  DXY     : 98.33 (+0.04%)
  US10Y   : 4.46 (+1.20%)
  US02Y   : 3.60 (+0.08%)
  VIX     : 17.99 (-2.12%)
  GOLD    : 4708.50 (+0.66%)
  OIL     : 100.65 (-1.50%)
  COPPER  : 6.64 (+2.34%)
  SPY     : 738.18 (-0.15%)
  QQQ     : 707.24 (-0.85%)
  TLT     : 84.99 (-0.67%)

[Macro] جلب بيانات المؤشرات...
  DXY     : 98.33 (+0.04%)
  US10Y   : 4.46 (+1.20%)
  US02Y   : 3.60 (+0.08%)
  VIX     : 17.99 (-2.12%)
  GOLD    : 4704.80 (+0.58%)
  OIL     : 100.71 (-1.44%)
  COPPER  : 6.63 (+2.22%)
  SPY     : 738.18 (-0.15%)
  QQQ     : 707.24 (-0.85%)
  TLT     : 84.99 (-0.67%)

[Macro] جلب بيانات المؤشرات...
  DXY     : 98.41 (+0.12%)
  US10Y   : 4.46 (+1.20%)
  US02Y   : 3.60 (+0.08%)
  VIX     : 17.99 (-2.12%)
  GOLD    : 4715.20 (+0.80%)
  OIL     : 100.98 (-1.17%)
  COPPER  : 6.64 (+2.43%)
  SPY     : 738.18 (-0.15%)
  QQQ     : 707.24 (-0.85%)
  TLT     : 84.99 (-0.67%)

[Macro] جلب بيانات المؤشرات...
  DXY     : 98.46 (+0.18%)
  US10Y   : 4.46 (+1.20%)
  US02Y   : 3.60 (+0.08%)
  VIX     : 17.91 (-0.44%)
  GOLD    : 4710.20 (+0.70%)
  OIL     : 101.02 (-1.14%)
  COPPER  : 6.64 (+2.34%)
  SPY     : 738.18 (-0.15%)
  QQQ     : 707.24 (-0.85%)
  TLT     : 84.99 (-0.67%)

[Macro] جلب بيانات المؤشرات...
  DXY     : 98.53 (+0.24%)
  US10Y   : 4.46 (+1.20%)
  US02Y   : 3.60 (+0.08%)
