nohup: ignoring input
[DB] 2026-05-10 12:08:12,210 INFO: Connection pool created
[DB] 2026-05-10 12:08:12,212 INFO: Market snapshot inserted
[DB] 2026-05-10 14:08:27,245 INFO: Market snapshot inserted

=======================================================
  🧠 MASTER AI ORCHESTRATOR
=======================================================
  2026-05-10 08:08 ET
=======================================================
[Orchestrator] Reading market state...

  Regime:  RISK_ON (score:75)
  VIX:     17.2
  SPY:     Above VWAP | Mom:+0.35%
  Lockdown:False

  Mode:    SWING_FOCUS
  Capital: 80% Swing | 20% Intraday

  📈 Running Swing Engine...
  🔍 Running Intraday Engine (partial)...

===========================================================================
  🏦 Institutional Intraday Scanner | 2026-05-10 12:08
===========================================================================
[Regime] RISK_ON | SPY VWAP: ✅ | Mom: +0.35% | VIX: 17.2

  Scanning 10 symbols...

  ❌ NVDA   |  51.7 | IGNORE | Gap:+0.7% RV:0.7x Mom:+1.0% VWAP:❌ ➡️In VOL:🔥 MTF:✅ ATR:7.36 SL:204.17 T1:229.93
  🔥 AMD    | 100.0 | HOT    | Gap:+2.4% RV:1.2x Mom:+8.8% VWAP:✅ 🚀ORB VOL:🔥 MTF:✅ ATR:26.88 SL:414.68 T1:508.76
  🔥 TSLA   | 100.0 | HOT    | Gap:+1.4% RV:0.9x Mom:+2.6% VWAP:✅ 🚀ORB VOL:🔥 MTF:✅ ATR:13.8 SL:407.62 T1:455.92
  🔥 AAPL   |  91.3 | HOT    | Gap:+0.9% RV:0.8x Mom:+1.1% VWAP:✅ ➡️In VOL:🔥 MTF:✅ ATR:6.92 SL:282.9 T1:307.12
  ❌ META   |   0.0 | IGNORE | Gap:-0.3% RV:0.6x Mom:-0.9% VWAP:❌ 🔻Brk VOL:🔥 MTF:❌ ATR:18.13 SL:582.45 T1:645.9
  ❌ MSFT   |  22.0 | IGNORE | Gap:-0.8% RV:0.7x Mom:-0.5% VWAP:❌ ➡️In VOL:🔥 MTF:✅ ATR:11.83 SL:397.4 T1:438.81
  🔥 AVGO   | 100.0 | HOT    | Gap:+1.7% RV:0.8x Mom:+2.4% VWAP:✅ 🚀ORB VOL:🔥 MTF:✅ ATR:15.43 SL:406.75 T1:460.76
  🔥 SMCI   | 100.0 | HOT    | Gap:-0.9% RV:1.3x Mom:+6.2% VWAP:✅ 🚀ORB VOL:🔥 MTF:✅ ATR:2.24 SL:32.01 T1:39.85
  🔥 GOOGL  |  89.7 | HOT    | Gap:-0.2% RV:0.8x Mom:+0.9% VWAP:✅ 🚀ORB VOL:🔥 MTF:✅ ATR:10.34 SL:385.3 T1:421.49
  💪 AMZN   |  83.1 | STRONG | Gap:+0.2% RV:0.8x Mom:+0.4% VWAP:✅ 🚀ORB VOL:🔥 MTF:✅ ATR:7.35 SL:261.65 T1:287.38

  ✅ HOT: 6 | STRONG: 1 | WATCH: 0

====================================================================================================
SYM      SCR RATING   GAP%   RV  MOM% VWAP  ORB  VOL  MTF    ATR      SL      T1    SZ
====================================================================================================
AMD    100.0 HOT      +2.4  1.2x  +8.8    ✅    🚀    🔥    ✅  26.88  414.68  508.76    12
TSLA   100.0 HOT      +1.4  0.9x  +2.6    ✅    🚀    🔥    ✅  13.80  407.62  455.92    24
AVGO   100.0 HOT      +1.7  0.8x  +2.4    ✅    🚀    🔥    ✅  15.43  406.75  460.76    21
SMCI   100.0 HOT      -0.9  1.3x  +6.2    ✅    🚀    🔥    ✅   2.24   32.01   39.85   148
AAPL    91.3 HOT      +0.9  0.8x  +1.1    ✅    ❌    🔥    ✅   6.92  282.90  307.12    48
GOOGL   89.7 HOT      -0.2  0.8x  +0.9    ✅    🚀    🔥    ✅  10.34  385.30  421.49    32
AMZN    83.1 STRONG   +0.2  0.8x  +0.4    ✅    🚀    🔥    ✅   7.35  261.65  287.38    45
NVDA    51.7 IGNORE   +0.7  0.7x  +1.0    ❌    ❌    🔥    ✅   7.36  204.17  229.93    45
MSFT    22.0 IGNORE   -0.8  0.7x  -0.5    ❌    ❌    🔥    ✅  11.83  397.40  438.81    28
META     0.0 IGNORE   -0.3  0.6x  -0.9    ❌    ❌    🔥    ❌  18.13  582.45  645.90    18
====================================================================================================

=======================================================
  CAPITAL ALLOCATION: 80% Swing | 20% Intraday

  🔥 Top Intraday (5):
    AMD    | Score:100.0 | HOT
    TSLA   | Score:100.0 | HOT
    AVGO   | Score:100.0 | HOT
    SMCI   | Score:100.0 | HOT
    AAPL   | Score: 91.3 | HOT
=======================================================


=======================================================
  🧠 MASTER AI ORCHESTRATOR
=======================================================
  2026-05-10 10:08 ET
=======================================================
[Orchestrator] Reading market state...

  Regime:  RISK_ON (score:75)
  VIX:     17.2
  SPY:     Above VWAP | Mom:+0.35%
  Lockdown:False

  Mode:    SWING_FOCUS
  Capital: 80% Swing | 20% Intraday

  📈 Running Swing Engine...
  🔍 Running Intraday Engine (partial)...

===========================================================================
  🏦 Institutional Intraday Scanner | 2026-05-10 14:08
===========================================================================
[Regime] RISK_ON | SPY VWAP: ✅ | Mom: +0.35% | VIX: 17.2

  Scanning 10 symbols...

  ❌ NVDA   |  51.7 | IGNORE | Gap:+0.7% RV:0.7x Mom:+1.0% VWAP:❌ ➡️In VOL:🔥 MTF:✅ ATR:7.36 SL:204.17 T1:229.93
  🔥 AMD    | 100.0 | HOT    | Gap:+2.4% RV:1.2x Mom:+8.8% VWAP:✅ 🚀ORB VOL:🔥 MTF:✅ ATR:26.88 SL:414.68 T1:508.76
  🔥 TSLA   | 100.0 | HOT    | Gap:+1.4% RV:0.9x Mom:+2.6% VWAP:✅ 🚀ORB VOL:🔥 MTF:✅ ATR:13.8 SL:407.62 T1:455.92
  🔥 AAPL   |  91.3 | HOT    | Gap:+0.9% RV:0.8x Mom:+1.1% VWAP:✅ ➡️In VOL:🔥 MTF:✅ ATR:6.92 SL:282.9 T1:307.12
  ❌ META   |   0.0 | IGNORE | Gap:-0.3% RV:0.6x Mom:-0.9% VWAP:❌ 🔻Brk VOL:🔥 MTF:❌ ATR:18.13 SL:582.45 T1:645.9
  ❌ MSFT   |  22.0 | IGNORE | Gap:-0.8% RV:0.7x Mom:-0.5% VWAP:❌ ➡️In VOL:🔥 MTF:✅ ATR:11.83 SL:397.4 T1:438.81
  🔥 AVGO   | 100.0 | HOT    | Gap:+1.7% RV:0.8x Mom:+2.4% VWAP:✅ 🚀ORB VOL:🔥 MTF:✅ ATR:15.43 SL:406.75 T1:460.76
  🔥 SMCI   | 100.0 | HOT    | Gap:-0.9% RV:1.3x Mom:+6.2% VWAP:✅ 🚀ORB VOL:🔥 MTF:✅ ATR:2.24 SL:32.01 T1:39.85
  🔥 GOOGL  |  89.7 | HOT    | Gap:-0.2% RV:0.8x Mom:+0.9% VWAP:✅ 🚀ORB VOL:🔥 MTF:✅ ATR:10.34 SL:385.3 T1:421.49
  💪 AMZN   |  83.1 | STRONG | Gap:+0.2% RV:0.8x Mom:+0.4% VWAP:✅ 🚀ORB VOL:🔥 MTF:✅ ATR:7.35 SL:261.65 T1:287.38

  ✅ HOT: 6 | STRONG: 1 | WATCH: 0

====================================================================================================
SYM      SCR RATING   GAP%   RV  MOM% VWAP  ORB  VOL  MTF    ATR      SL      T1    SZ
====================================================================================================
AMD    100.0 HOT      +2.4  1.2x  +8.8    ✅    🚀    🔥    ✅  26.88  414.68  508.76    12
TSLA   100.0 HOT      +1.4  0.9x  +2.6    ✅    🚀    🔥    ✅  13.80  407.62  455.92    24
AVGO   100.0 HOT      +1.7  0.8x  +2.4    ✅    🚀    🔥    ✅  15.43  406.75  460.76    21
SMCI   100.0 HOT      -0.9  1.3x  +6.2    ✅    🚀    🔥    ✅   2.24   32.01   39.85   148
AAPL    91.3 HOT      +0.9  0.8x  +1.1    ✅    ❌    🔥    ✅   6.92  282.90  307.12    48
GOOGL   89.7 HOT      -0.2  0.8x  +0.9    ✅    🚀    🔥    ✅  10.34  385.30  421.49    32
AMZN    83.1 STRONG   +0.2  0.8x  +0.4    ✅    🚀    🔥    ✅   7.35  261.65  287.38    45
NVDA    51.7 IGNORE   +0.7  0.7x  +1.0    ❌    ❌    🔥    ✅   7.36  204.17  229.93    45
MSFT    22.0 IGNORE   -0.8  0.7x  -0.5    ❌    ❌    🔥    ✅  11.83  397.40  438.81    28
META     0.0 IGNORE   -0.3  0.6x  -0.9    ❌    ❌    🔥    ❌  18.13  582.45  645.90    18
====================================================================================================

=======================================================
  CAPITAL ALLOCATION: 80% Swing | 20% Intraday

  🔥 Top Intraday (5):
    AMD    | Score:100.0 | HOT
    TSLA   | Score:100.0 | HOT
    AVGO   | Score:100.0 | HOT
    SMCI   | Score:100.0 | HOT
    AAPL   | Score: 91.3 | HOT
=======================================================


=======================================================
  🧠 MASTER AI ORCHESTRATOR
=======================================================
  2026-05-10 12:08 ET
=======================================================
[Orchestrator] Reading market state...

  Regime:  RISK_ON (score:75)
  VIX:     17.2
  SPY:     Above VWAP | Mom:+0.35%
  Lockdown:False

  Mode:    SWING_FOCUS
  Capital: 80% Swing | 20% Intraday

  📈 Running Swing Engine...
  🔍 Running Intraday Engine (partial)...

===========================================================================
  🏦 Institutional Intraday Scanner | 2026-05-10 16:08
[DB] 2026-05-10 16:08:41,369 INFO: Market snapshot inserted
[DB] 2026-05-10 18:08:56,002 INFO: Market snapshot inserted
===========================================================================
[Regime] RISK_ON | SPY VWAP: ✅ | Mom: +0.35% | VIX: 17.2

  Scanning 10 symbols...

  ❌ NVDA   |  51.7 | IGNORE | Gap:+0.7% RV:0.7x Mom:+1.0% VWAP:❌ ➡️In VOL:🔥 MTF:✅ ATR:7.36 SL:204.17 T1:229.93
  🔥 AMD    | 100.0 | HOT    | Gap:+2.4% RV:1.2x Mom:+8.8% VWAP:✅ 🚀ORB VOL:🔥 MTF:✅ ATR:26.88 SL:414.68 T1:508.76
  🔥 TSLA   | 100.0 | HOT    | Gap:+1.4% RV:0.9x Mom:+2.6% VWAP:✅ 🚀ORB VOL:🔥 MTF:✅ ATR:13.8 SL:407.62 T1:455.92
  🔥 AAPL   |  91.3 | HOT    | Gap:+0.9% RV:0.8x Mom:+1.1% VWAP:✅ ➡️In VOL:🔥 MTF:✅ ATR:6.92 SL:282.9 T1:307.12
  ❌ META   |   0.0 | IGNORE | Gap:-0.3% RV:0.6x Mom:-0.9% VWAP:❌ 🔻Brk VOL:🔥 MTF:❌ ATR:18.13 SL:582.45 T1:645.9
  ❌ MSFT   |  22.0 | IGNORE | Gap:-0.8% RV:0.7x Mom:-0.5% VWAP:❌ ➡️In VOL:🔥 MTF:✅ ATR:11.83 SL:397.4 T1:438.81
  🔥 AVGO   | 100.0 | HOT    | Gap:+1.7% RV:0.8x Mom:+2.4% VWAP:✅ 🚀ORB VOL:🔥 MTF:✅ ATR:15.43 SL:406.75 T1:460.76
  🔥 SMCI   | 100.0 | HOT    | Gap:-0.9% RV:1.3x Mom:+6.2% VWAP:✅ 🚀ORB VOL:🔥 MTF:✅ ATR:2.24 SL:32.01 T1:39.85
  🔥 GOOGL  |  89.7 | HOT    | Gap:-0.2% RV:0.8x Mom:+0.9% VWAP:✅ 🚀ORB VOL:🔥 MTF:✅ ATR:10.34 SL:385.3 T1:421.49
  💪 AMZN   |  83.1 | STRONG | Gap:+0.2% RV:0.8x Mom:+0.4% VWAP:✅ 🚀ORB VOL:🔥 MTF:✅ ATR:7.35 SL:261.65 T1:287.38

  ✅ HOT: 6 | STRONG: 1 | WATCH: 0

====================================================================================================
SYM      SCR RATING   GAP%   RV  MOM% VWAP  ORB  VOL  MTF    ATR      SL      T1    SZ
====================================================================================================
AMD    100.0 HOT      +2.4  1.2x  +8.8    ✅    🚀    🔥    ✅  26.88  414.68  508.76    12
TSLA   100.0 HOT      +1.4  0.9x  +2.6    ✅    🚀    🔥    ✅  13.80  407.62  455.92    24
AVGO   100.0 HOT      +1.7  0.8x  +2.4    ✅    🚀    🔥    ✅  15.43  406.75  460.76    21
SMCI   100.0 HOT      -0.9  1.3x  +6.2    ✅    🚀    🔥    ✅   2.24   32.01   39.85   148
AAPL    91.3 HOT      +0.9  0.8x  +1.1    ✅    ❌    🔥    ✅   6.92  282.90  307.12    48
GOOGL   89.7 HOT      -0.2  0.8x  +0.9    ✅    🚀    🔥    ✅  10.34  385.30  421.49    32
AMZN    83.1 STRONG   +0.2  0.8x  +0.4    ✅    🚀    🔥    ✅   7.35  261.65  287.38    45
NVDA    51.7 IGNORE   +0.7  0.7x  +1.0    ❌    ❌    🔥    ✅   7.36  204.17  229.93    45
MSFT    22.0 IGNORE   -0.8  0.7x  -0.5    ❌    ❌    🔥    ✅  11.83  397.40  438.81    28
META     0.0 IGNORE   -0.3  0.6x  -0.9    ❌    ❌    🔥    ❌  18.13  582.45  645.90    18
====================================================================================================

=======================================================
  CAPITAL ALLOCATION: 80% Swing | 20% Intraday

  🔥 Top Intraday (5):
    AMD    | Score:100.0 | HOT
    TSLA   | Score:100.0 | HOT
    AVGO   | Score:100.0 | HOT
    SMCI   | Score:100.0 | HOT
    AAPL   | Score: 91.3 | HOT
=======================================================


=======================================================
  🧠 MASTER AI ORCHESTRATOR
=======================================================
  2026-05-10 14:08 ET
=======================================================
[Orchestrator] Reading market state...

  Regime:  RISK_ON (score:75)
  VIX:     17.2
  SPY:     Above VWAP | Mom:+0.35%
  Lockdown:False

  Mode:    SWING_FOCUS
  Capital: 80% Swing | 20% Intraday

  📈 Running Swing Engine...
  🔍 Running Intraday Engine (partial)...

===========================================================================
  🏦 Institutional Intraday Scanner | 2026-05-10 18:08
===========================================================================
[Regime] RISK_ON | SPY VWAP: ✅ | Mom: +0.35% | VIX: 17.2

  Scanning 10 symbols...

  ❌ NVDA   |  51.7 | IGNORE | Gap:+0.7% RV:0.7x Mom:+1.0% VWAP:❌ ➡️In VOL:🔥 MTF:✅ ATR:7.36 SL:204.17 T1:229.93
  🔥 AMD    | 100.0 | HOT    | Gap:+2.4% RV:1.2x Mom:+8.8% VWAP:✅ 🚀ORB VOL:🔥 MTF:✅ ATR:26.88 SL:414.68 T1:508.76
  🔥 TSLA   | 100.0 | HOT    | Gap:+1.4% RV:0.9x Mom:+2.6% VWAP:✅ 🚀ORB VOL:🔥 MTF:✅ ATR:13.8 SL:407.62 T1:455.92
  🔥 AAPL   |  91.3 | HOT    | Gap:+0.9% RV:0.8x Mom:+1.1% VWAP:✅ ➡️In VOL:🔥 MTF:✅ ATR:6.92 SL:282.9 T1:307.12
  ❌ META   |   0.0 | IGNORE | Gap:-0.3% RV:0.6x Mom:-0.9% VWAP:❌ 🔻Brk VOL:🔥 MTF:❌ ATR:18.13 SL:582.45 T1:645.9
  ❌ MSFT   |  22.0 | IGNORE | Gap:-0.8% RV:0.7x Mom:-0.5% VWAP:❌ ➡️In VOL:🔥 MTF:✅ ATR:11.83 SL:397.4 T1:438.81
  🔥 AVGO   | 100.0 | HOT    | Gap:+1.7% RV:0.8x Mom:+2.4% VWAP:✅ 🚀ORB VOL:🔥 MTF:✅ ATR:15.43 SL:406.75 T1:460.76
  🔥 SMCI   | 100.0 | HOT    | Gap:-0.9% RV:1.3x Mom:+6.2% VWAP:✅ 🚀ORB VOL:🔥 MTF:✅ ATR:2.24 SL:32.01 T1:39.85
  🔥 GOOGL  |  89.7 | HOT    | Gap:-0.2% RV:0.8x Mom:+0.9% VWAP:✅ 🚀ORB VOL:🔥 MTF:✅ ATR:10.34 SL:385.3 T1:421.49
  💪 AMZN   |  83.1 | STRONG | Gap:+0.2% RV:0.8x Mom:+0.4% VWAP:✅ 🚀ORB VOL:🔥 MTF:✅ ATR:7.35 SL:261.65 T1:287.38

  ✅ HOT: 6 | STRONG: 1 | WATCH: 0

====================================================================================================
SYM      SCR RATING   GAP%   RV  MOM% VWAP  ORB  VOL  MTF    ATR      SL      T1    SZ
====================================================================================================
AMD    100.0 HOT      +2.4  1.2x  +8.8    ✅    🚀    🔥    ✅  26.88  414.68  508.76    12
TSLA   100.0 HOT      +1.4  0.9x  +2.6    ✅    🚀    🔥    ✅  13.80  407.62  455.92    24
AVGO   100.0 HOT      +1.7  0.8x  +2.4    ✅    🚀    🔥    ✅  15.43  406.75  460.76    21
SMCI   100.0 HOT      -0.9  1.3x  +6.2    ✅    🚀    🔥    ✅   2.24   32.01   39.85   148
AAPL    91.3 HOT      +0.9  0.8x  +1.1    ✅    ❌    🔥    ✅   6.92  282.90  307.12    48
GOOGL   89.7 HOT      -0.2  0.8x  +0.9    ✅    🚀    🔥    ✅  10.34  385.30  421.49    32
AMZN    83.1 STRONG   +0.2  0.8x  +0.4    ✅    🚀    🔥    ✅   7.35  261.65  287.38    45
NVDA    51.7 IGNORE   +0.7  0.7x  +1.0    ❌    ❌    🔥    ✅   7.36  204.17  229.93    45
MSFT    22.0 IGNORE   -0.8  0.7x  -0.5    ❌    ❌    🔥    ✅  11.83  397.40  438.81    28
META     0.0 IGNORE   -0.3  0.6x  -0.9    ❌    ❌    🔥    ❌  18.13  582.45  645.90    18
====================================================================================================

=======================================================
  CAPITAL ALLOCATION: 80% Swing | 20% Intraday

  🔥 Top Intraday (5):
    AMD    | Score:100.0 | HOT
    TSLA   | Score:100.0 | HOT
    AVGO   | Score:100.0 | HOT
    SMCI   | Score:100.0 | HOT
    AAPL   | Score: 91.3 | HOT
=======================================================


=======================================================
  🧠 MASTER AI ORCHESTRATOR
=======================================================
  2026-05-10 16:09 ET
=======================================================
[Orchestrator] Reading market state...

  Regime:  RISK_ON (score:75)
  VIX:     17.2
  SPY:     Above VWAP | Mom:+0.35%
  Lockdown:False

  Mode:    SWING_FOCUS
  Capital: 80% Swing | 20% Intraday

  📈 Running Swing Engine...
  🔍 Running Intraday Engine (partial)...

===========================================================================
  🏦 Institutional Intraday Scanner | 2026-05-10 20:09
===========================================================================
[Regime] RISK_ON | SPY VWAP: ✅ | Mom: +0.35% | VIX: 17.2

  Scanning 10 symbols...

  ❌ NVDA   |  51.7 | IGNORE | Gap:+0.7% RV:0.7x Mom:+1.0% VWAP:❌ ➡️In VOL:🔥 MTF:✅ ATR:7.36 SL:204.17 T1:229.93
  🔥 AMD    | 100.0 | HOT    | Gap:+2.4% RV:1.2x Mom:+8.8% VWAP:✅ 🚀ORB VOL:🔥 MTF:✅ ATR:26.88 SL:414.68 T1:508.76
  🔥 TSLA   | 100.0 | HOT    | Gap:+1.4% RV:0.9x Mom:+2.6% VWAP:✅ 🚀ORB VOL:🔥 MTF:✅ ATR:13.8 SL:407.62 T1:455.92
[DB] 2026-05-10 20:09:11,099 INFO: Market snapshot inserted
[DB] 2026-05-10 22:09:25,832 INFO: Market snapshot inserted
  🔥 AAPL   |  91.3 | HOT    | Gap:+0.9% RV:0.8x Mom:+1.1% VWAP:✅ ➡️In VOL:🔥 MTF:✅ ATR:6.92 SL:282.9 T1:307.12
  ❌ META   |   0.0 | IGNORE | Gap:-0.3% RV:0.6x Mom:-0.9% VWAP:❌ 🔻Brk VOL:🔥 MTF:❌ ATR:18.13 SL:582.45 T1:645.9
  ❌ MSFT   |  22.0 | IGNORE | Gap:-0.8% RV:0.7x Mom:-0.5% VWAP:❌ ➡️In VOL:🔥 MTF:✅ ATR:11.83 SL:397.4 T1:438.81
  🔥 AVGO   | 100.0 | HOT    | Gap:+1.7% RV:0.8x Mom:+2.4% VWAP:✅ 🚀ORB VOL:🔥 MTF:✅ ATR:15.43 SL:406.75 T1:460.76
  🔥 SMCI   | 100.0 | HOT    | Gap:-0.9% RV:1.3x Mom:+6.2% VWAP:✅ 🚀ORB VOL:🔥 MTF:✅ ATR:2.24 SL:32.01 T1:39.85
  🔥 GOOGL  |  89.7 | HOT    | Gap:-0.2% RV:0.8x Mom:+0.9% VWAP:✅ 🚀ORB VOL:🔥 MTF:✅ ATR:10.34 SL:385.3 T1:421.49
  💪 AMZN   |  83.1 | STRONG | Gap:+0.2% RV:0.8x Mom:+0.4% VWAP:✅ 🚀ORB VOL:🔥 MTF:✅ ATR:7.35 SL:261.65 T1:287.38

  ✅ HOT: 6 | STRONG: 1 | WATCH: 0

====================================================================================================
SYM      SCR RATING   GAP%   RV  MOM% VWAP  ORB  VOL  MTF    ATR      SL      T1    SZ
====================================================================================================
AMD    100.0 HOT      +2.4  1.2x  +8.8    ✅    🚀    🔥    ✅  26.88  414.68  508.76    12
TSLA   100.0 HOT      +1.4  0.9x  +2.6    ✅    🚀    🔥    ✅  13.80  407.62  455.92    24
AVGO   100.0 HOT      +1.7  0.8x  +2.4    ✅    🚀    🔥    ✅  15.43  406.75  460.76    21
SMCI   100.0 HOT      -0.9  1.3x  +6.2    ✅    🚀    🔥    ✅   2.24   32.01   39.85   148
AAPL    91.3 HOT      +0.9  0.8x  +1.1    ✅    ❌    🔥    ✅   6.92  282.90  307.12    48
GOOGL   89.7 HOT      -0.2  0.8x  +0.9    ✅    🚀    🔥    ✅  10.34  385.30  421.49    32
AMZN    83.1 STRONG   +0.2  0.8x  +0.4    ✅    🚀    🔥    ✅   7.35  261.65  287.38    45
NVDA    51.7 IGNORE   +0.7  0.7x  +1.0    ❌    ❌    🔥    ✅   7.36  204.17  229.93    45
MSFT    22.0 IGNORE   -0.8  0.7x  -0.5    ❌    ❌    🔥    ✅  11.83  397.40  438.81    28
META     0.0 IGNORE   -0.3  0.6x  -0.9    ❌    ❌    🔥    ❌  18.13  582.45  645.90    18
====================================================================================================

=======================================================
  CAPITAL ALLOCATION: 80% Swing | 20% Intraday

  🔥 Top Intraday (5):
    AMD    | Score:100.0 | HOT
    TSLA   | Score:100.0 | HOT
    AVGO   | Score:100.0 | HOT
    SMCI   | Score:100.0 | HOT
    AAPL   | Score: 91.3 | HOT
=======================================================


=======================================================
  🧠 MASTER AI ORCHESTRATOR
=======================================================
  2026-05-10 18:09 ET
=======================================================
[Orchestrator] Reading market state...

  Regime:  RISK_ON (score:75)
  VIX:     17.2
  SPY:     Above VWAP | Mom:+0.35%
  Lockdown:False

  Mode:    SWING_FOCUS
  Capital: 80% Swing | 20% Intraday

  📈 Running Swing Engine...
  🔍 Running Intraday Engine (partial)...

===========================================================================
  🏦 Institutional Intraday Scanner | 2026-05-10 22:09
===========================================================================
[Regime] RISK_ON | SPY VWAP: ✅ | Mom: +0.35% | VIX: 17.2

  Scanning 10 symbols...

  ❌ NVDA   |  51.7 | IGNORE | Gap:+0.7% RV:0.7x Mom:+1.0% VWAP:❌ ➡️In VOL:🔥 MTF:✅ ATR:7.36 SL:204.17 T1:229.93
  🔥 AMD    | 100.0 | HOT    | Gap:+2.4% RV:1.2x Mom:+8.8% VWAP:✅ 🚀ORB VOL:🔥 MTF:✅ ATR:26.88 SL:414.68 T1:508.76
  🔥 TSLA   | 100.0 | HOT    | Gap:+1.4% RV:0.9x Mom:+2.6% VWAP:✅ 🚀ORB VOL:🔥 MTF:✅ ATR:13.8 SL:407.62 T1:455.92
  🔥 AAPL   |  91.3 | HOT    | Gap:+0.9% RV:0.8x Mom:+1.1% VWAP:✅ ➡️In VOL:🔥 MTF:✅ ATR:6.92 SL:282.9 T1:307.12
  ❌ META   |   0.0 | IGNORE | Gap:-0.3% RV:0.6x Mom:-0.9% VWAP:❌ 🔻Brk VOL:🔥 MTF:❌ ATR:18.13 SL:582.45 T1:645.9
  ❌ MSFT   |  22.0 | IGNORE | Gap:-0.8% RV:0.7x Mom:-0.5% VWAP:❌ ➡️In VOL:🔥 MTF:✅ ATR:11.83 SL:397.4 T1:438.81
  🔥 AVGO   | 100.0 | HOT    | Gap:+1.7% RV:0.8x Mom:+2.4% VWAP:✅ 🚀ORB VOL:🔥 MTF:✅ ATR:15.43 SL:406.75 T1:460.76
  🔥 SMCI   | 100.0 | HOT    | Gap:-0.9% RV:1.3x Mom:+6.2% VWAP:✅ 🚀ORB VOL:🔥 MTF:✅ ATR:2.24 SL:32.01 T1:39.85
  🔥 GOOGL  |  89.7 | HOT    | Gap:-0.2% RV:0.8x Mom:+0.9% VWAP:✅ 🚀ORB VOL:🔥 MTF:✅ ATR:10.34 SL:385.3 T1:421.49
  💪 AMZN   |  83.1 | STRONG | Gap:+0.2% RV:0.8x Mom:+0.4% VWAP:✅ 🚀ORB VOL:🔥 MTF:✅ ATR:7.35 SL:261.65 T1:287.38

  ✅ HOT: 6 | STRONG: 1 | WATCH: 0

====================================================================================================
SYM      SCR RATING   GAP%   RV  MOM% VWAP  ORB  VOL  MTF    ATR      SL      T1    SZ
====================================================================================================
AMD    100.0 HOT      +2.4  1.2x  +8.8    ✅    🚀    🔥    ✅  26.88  414.68  508.76    12
TSLA   100.0 HOT      +1.4  0.9x  +2.6    ✅    🚀    🔥    ✅  13.80  407.62  455.92    24
AVGO   100.0 HOT      +1.7  0.8x  +2.4    ✅    🚀    🔥    ✅  15.43  406.75  460.76    21
SMCI   100.0 HOT      -0.9  1.3x  +6.2    ✅    🚀    🔥    ✅   2.24   32.01   39.85   148
AAPL    91.3 HOT      +0.9  0.8x  +1.1    ✅    ❌    🔥    ✅   6.92  282.90  307.12    48
GOOGL   89.7 HOT      -0.2  0.8x  +0.9    ✅    🚀    🔥    ✅  10.34  385.30  421.49    32
AMZN    83.1 STRONG   +0.2  0.8x  +0.4    ✅    🚀    🔥    ✅   7.35  261.65  287.38    45
NVDA    51.7 IGNORE   +0.7  0.7x  +1.0    ❌    ❌    🔥    ✅   7.36  204.17  229.93    45
MSFT    22.0 IGNORE   -0.8  0.7x  -0.5    ❌    ❌    🔥    ✅  11.83  397.40  438.81    28
META     0.0 IGNORE   -0.3  0.6x  -0.9    ❌    ❌    🔥    ❌  18.13  582.45  645.90    18
====================================================================================================

=======================================================
  CAPITAL ALLOCATION: 80% Swing | 20% Intraday

  🔥 Top Intraday (5):
    AMD    | Score:100.0 | HOT
    TSLA   | Score:100.0 | HOT
    AVGO   | Score:100.0 | HOT
    SMCI   | Score:100.0 | HOT
    AAPL   | Score: 91.3 | HOT
=======================================================


=======================================================
  🧠 MASTER AI ORCHESTRATOR
=======================================================
  2026-05-10 20:09 ET
=======================================================
[Orchestrator] Reading market state...

  Regime:  RISK_ON (score:75)
  VIX:     17.2
  SPY:     Above VWAP | Mom:+0.35%
  Lockdown:False

  Mode:    SWING_FOCUS
  Capital: 80% Swing | 20% Intraday

  📈 Running Swing Engine...
  🔍 Running Intraday Engine (partial)...

===========================================================================
  🏦 Institutional Intraday Scanner | 2026-05-11 00:09
===========================================================================
[Regime] RISK_ON | SPY VWAP: ✅ | Mom: +0.35% | VIX: 17.2

  Scanning 10 symbols...

  ❌ NVDA   |  51.7 | IGNORE | Gap:+0.7% RV:0.7x Mom:+1.0% VWAP:❌ ➡️In VOL:🔥 MTF:✅ ATR:7.36 SL:204.17 T1:229.93
  🔥 AMD    | 100.0 | HOT    | Gap:+2.4% RV:1.2x Mom:+8.8% VWAP:✅ 🚀ORB VOL:🔥 MTF:✅ ATR:26.88 SL:414.68 T1:508.76
  🔥 TSLA   | 100.0 | HOT    | Gap:+1.4% RV:0.9x Mom:+2.6% VWAP:✅ 🚀ORB VOL:🔥 MTF:✅ ATR:13.8 SL:407.62 T1:455.92
  🔥 AAPL   |  91.3 | HOT    | Gap:+0.9% RV:0.8x Mom:+1.1% VWAP:✅ ➡️In VOL:🔥 MTF:✅ ATR:6.92 SL:282.9 T1:307.12
  ❌ META   |   0.0 | IGNORE | Gap:-0.3% RV:0.6x Mom:-0.9% VWAP:❌ 🔻Brk VOL:🔥 MTF:❌ ATR:18.13 SL:582.45 T1:645.9
  ❌ MSFT   |  22.0 | IGNORE | Gap:-0.8% RV:0.7x Mom:-0.5% VWAP:❌ ➡️In VOL:🔥 MTF:✅ ATR:11.83 SL:397.4 T1:438.81
  🔥 AVGO   | 100.0 | HOT    | Gap:+1.7% RV:0.8x Mom:+2.4% VWAP:✅ 🚀ORB VOL:🔥 MTF:✅ ATR:15.43 SL:406.75 T1:460.76
  🔥 SMCI   | 100.0 | HOT    | Gap:-0.9% RV:1.3x Mom:+6.2% VWAP:✅ 🚀ORB VOL:🔥 MTF:✅ ATR:2.24 SL:32.01 T1:39.85
[DB] 2026-05-11 00:09:41,433 INFO: Market snapshot inserted
[DB] 2026-05-11 02:09:56,748 INFO: Market snapshot inserted
  🔥 GOOGL  |  89.7 | HOT    | Gap:-0.2% RV:0.8x Mom:+0.9% VWAP:✅ 🚀ORB VOL:🔥 MTF:✅ ATR:10.34 SL:385.3 T1:421.49
  💪 AMZN   |  83.1 | STRONG | Gap:+0.2% RV:0.8x Mom:+0.4% VWAP:✅ 🚀ORB VOL:🔥 MTF:✅ ATR:7.35 SL:261.65 T1:287.38

  ✅ HOT: 6 | STRONG: 1 | WATCH: 0

====================================================================================================
SYM      SCR RATING   GAP%   RV  MOM% VWAP  ORB  VOL  MTF    ATR      SL      T1    SZ
====================================================================================================
AMD    100.0 HOT      +2.4  1.2x  +8.8    ✅    🚀    🔥    ✅  26.88  414.68  508.76    12
TSLA   100.0 HOT      +1.4  0.9x  +2.6    ✅    🚀    🔥    ✅  13.80  407.62  455.92    24
AVGO   100.0 HOT      +1.7  0.8x  +2.4    ✅    🚀    🔥    ✅  15.43  406.75  460.76    21
SMCI   100.0 HOT      -0.9  1.3x  +6.2    ✅    🚀    🔥    ✅   2.24   32.01   39.85   148
AAPL    91.3 HOT      +0.9  0.8x  +1.1    ✅    ❌    🔥    ✅   6.92  282.90  307.12    48
GOOGL   89.7 HOT      -0.2  0.8x  +0.9    ✅    🚀    🔥    ✅  10.34  385.30  421.49    32
AMZN    83.1 STRONG   +0.2  0.8x  +0.4    ✅    🚀    🔥    ✅   7.35  261.65  287.38    45
NVDA    51.7 IGNORE   +0.7  0.7x  +1.0    ❌    ❌    🔥    ✅   7.36  204.17  229.93    45
MSFT    22.0 IGNORE   -0.8  0.7x  -0.5    ❌    ❌    🔥    ✅  11.83  397.40  438.81    28
META     0.0 IGNORE   -0.3  0.6x  -0.9    ❌    ❌    🔥    ❌  18.13  582.45  645.90    18
====================================================================================================

=======================================================
  CAPITAL ALLOCATION: 80% Swing | 20% Intraday

  🔥 Top Intraday (5):
    AMD    | Score:100.0 | HOT
    TSLA   | Score:100.0 | HOT
    AVGO   | Score:100.0 | HOT
    SMCI   | Score:100.0 | HOT
    AAPL   | Score: 91.3 | HOT
=======================================================


=======================================================
  🧠 MASTER AI ORCHESTRATOR
=======================================================
  2026-05-10 22:09 ET
=======================================================
[Orchestrator] Reading market state...

  Regime:  RISK_ON (score:75)
  VIX:     17.2
  SPY:     Above VWAP | Mom:+0.35%
  Lockdown:False

  Mode:    SWING_FOCUS
  Capital: 80% Swing | 20% Intraday

  📈 Running Swing Engine...
  🔍 Running Intraday Engine (partial)...

===========================================================================
  🏦 Institutional Intraday Scanner | 2026-05-11 02:09
===========================================================================
[Regime] RISK_ON | SPY VWAP: ✅ | Mom: +0.35% | VIX: 17.2

  Scanning 10 symbols...

  ❌ NVDA   |  51.7 | IGNORE | Gap:+0.7% RV:0.7x Mom:+1.0% VWAP:❌ ➡️In VOL:🔥 MTF:✅ ATR:7.36 SL:204.17 T1:229.93
  🔥 AMD    | 100.0 | HOT    | Gap:+2.4% RV:1.2x Mom:+8.8% VWAP:✅ 🚀ORB VOL:🔥 MTF:✅ ATR:26.88 SL:414.68 T1:508.76
  🔥 TSLA   | 100.0 | HOT    | Gap:+1.4% RV:0.9x Mom:+2.6% VWAP:✅ 🚀ORB VOL:🔥 MTF:✅ ATR:13.8 SL:407.62 T1:455.92
  🔥 AAPL   |  91.3 | HOT    | Gap:+0.9% RV:0.8x Mom:+1.1% VWAP:✅ ➡️In VOL:🔥 MTF:✅ ATR:6.92 SL:282.9 T1:307.12
  ❌ META   |   0.0 | IGNORE | Gap:-0.3% RV:0.6x Mom:-0.9% VWAP:❌ 🔻Brk VOL:🔥 MTF:❌ ATR:18.13 SL:582.45 T1:645.9
  ❌ MSFT   |  22.0 | IGNORE | Gap:-0.8% RV:0.7x Mom:-0.5% VWAP:❌ ➡️In VOL:🔥 MTF:✅ ATR:11.83 SL:397.4 T1:438.81
  🔥 AVGO   | 100.0 | HOT    | Gap:+1.7% RV:0.8x Mom:+2.4% VWAP:✅ 🚀ORB VOL:🔥 MTF:✅ ATR:15.43 SL:406.75 T1:460.76
  🔥 SMCI   | 100.0 | HOT    | Gap:-0.9% RV:1.3x Mom:+6.2% VWAP:✅ 🚀ORB VOL:🔥 MTF:✅ ATR:2.24 SL:32.01 T1:39.85
  🔥 GOOGL  |  89.7 | HOT    | Gap:-0.2% RV:0.8x Mom:+0.9% VWAP:✅ 🚀ORB VOL:🔥 MTF:✅ ATR:10.34 SL:385.3 T1:421.49
  💪 AMZN   |  83.1 | STRONG | Gap:+0.2% RV:0.8x Mom:+0.4% VWAP:✅ 🚀ORB VOL:🔥 MTF:✅ ATR:7.35 SL:261.65 T1:287.38

  ✅ HOT: 6 | STRONG: 1 | WATCH: 0

====================================================================================================
SYM      SCR RATING   GAP%   RV  MOM% VWAP  ORB  VOL  MTF    ATR      SL      T1    SZ
====================================================================================================
AMD    100.0 HOT      +2.4  1.2x  +8.8    ✅    🚀    🔥    ✅  26.88  414.68  508.76    12
TSLA   100.0 HOT      +1.4  0.9x  +2.6    ✅    🚀    🔥    ✅  13.80  407.62  455.92    24
AVGO   100.0 HOT      +1.7  0.8x  +2.4    ✅    🚀    🔥    ✅  15.43  406.75  460.76    21
SMCI   100.0 HOT      -0.9  1.3x  +6.2    ✅    🚀    🔥    ✅   2.24   32.01   39.85   148
AAPL    91.3 HOT      +0.9  0.8x  +1.1    ✅    ❌    🔥    ✅   6.92  282.90  307.12    48
GOOGL   89.7 HOT      -0.2  0.8x  +0.9    ✅    🚀    🔥    ✅  10.34  385.30  421.49    32
AMZN    83.1 STRONG   +0.2  0.8x  +0.4    ✅    🚀    🔥    ✅   7.35  261.65  287.38    45
NVDA    51.7 IGNORE   +0.7  0.7x  +1.0    ❌    ❌    🔥    ✅   7.36  204.17  229.93    45
MSFT    22.0 IGNORE   -0.8  0.7x  -0.5    ❌    ❌    🔥    ✅  11.83  397.40  438.81    28
META     0.0 IGNORE   -0.3  0.6x  -0.9    ❌    ❌    🔥    ❌  18.13  582.45  645.90    18
====================================================================================================

=======================================================
  CAPITAL ALLOCATION: 80% Swing | 20% Intraday

  🔥 Top Intraday (5):
    AMD    | Score:100.0 | HOT
    TSLA   | Score:100.0 | HOT
    AVGO   | Score:100.0 | HOT
    SMCI   | Score:100.0 | HOT
    AAPL   | Score: 91.3 | HOT
=======================================================


=======================================================
  🧠 MASTER AI ORCHESTRATOR
=======================================================
  2026-05-11 00:10 ET
=======================================================
[Orchestrator] Reading market state...

  Regime:  RISK_ON (score:75)
  VIX:     17.2
  SPY:     Above VWAP | Mom:+0.35%
  Lockdown:False

  Mode:    SWING_FOCUS
  Capital: 80% Swing | 20% Intraday

  📈 Running Swing Engine...
  🔍 Running Intraday Engine (partial)...

===========================================================================
  🏦 Institutional Intraday Scanner | 2026-05-11 04:10
===========================================================================
[Regime] RISK_ON | SPY VWAP: ✅ | Mom: +0.35% | VIX: 17.2

  Scanning 10 symbols...

  ❌ NVDA   |  51.7 | IGNORE | Gap:+0.7% RV:0.7x Mom:+1.0% VWAP:❌ ➡️In VOL:🔥 MTF:✅ ATR:7.36 SL:204.17 T1:229.93
  🔥 AMD    | 100.0 | HOT    | Gap:+2.4% RV:1.2x Mom:+8.8% VWAP:✅ 🚀ORB VOL:🔥 MTF:✅ ATR:26.88 SL:414.68 T1:508.76
  🔥 TSLA   | 100.0 | HOT    | Gap:+1.4% RV:0.9x Mom:+2.6% VWAP:✅ 🚀ORB VOL:🔥 MTF:✅ ATR:13.8 SL:407.62 T1:455.92
  🔥 AAPL   |  91.3 | HOT    | Gap:+0.9% RV:0.8x Mom:+1.1% VWAP:✅ ➡️In VOL:🔥 MTF:✅ ATR:6.92 SL:282.9 T1:307.12
  ❌ META   |   0.0 | IGNORE | Gap:-0.3% RV:0.6x Mom:-0.9% VWAP:❌ 🔻Brk VOL:🔥 MTF:❌ ATR:18.13 SL:582.45 T1:645.9
  ❌ MSFT   |  22.0 | IGNORE | Gap:-0.8% RV:0.7x Mom:-0.5% VWAP:❌ ➡️In VOL:🔥 MTF:✅ ATR:11.83 SL:397.4 T1:438.81
  🔥 AVGO   | 100.0 | HOT    | Gap:+1.7% RV:0.8x Mom:+2.4% VWAP:✅ 🚀ORB VOL:🔥 MTF:✅ ATR:15.43 SL:406.75 T1:460.76
  🔥 SMCI   | 100.0 | HOT    | Gap:-0.9% RV:1.3x Mom:+6.2% VWAP:✅ 🚀ORB VOL:🔥 MTF:✅ ATR:2.24 SL:32.01 T1:39.85
  🔥 GOOGL  |  89.7 | HOT    | Gap:-0.2% RV:0.8x Mom:+0.9% VWAP:✅ 🚀ORB VOL:🔥 MTF:✅ ATR:10.34 SL:385.3 T1:421.49
  💪 AMZN   |  83.1 | STRONG | Gap:+0.2% RV:0.8x Mom:+0.4% VWAP:✅ 🚀ORB VOL:🔥 MTF:✅ ATR:7.35 SL:261.65 T1:287.38

  ✅ HOT: 6 | STRONG: 1 | WATCH: 0

====================================================================================================
SYM      SCR RATING   GAP%   RV  MOM% VWAP  ORB  VOL  MTF    ATR      SL      T1    SZ
====================================================================================================
[DB] 2026-05-11 04:10:11,842 INFO: Market snapshot inserted
[DB] 2026-05-11 06:10:26,707 INFO: Market snapshot inserted
AMD    100.0 HOT      +2.4  1.2x  +8.8    ✅    🚀    🔥    ✅  26.88  414.68  508.76    12
TSLA   100.0 HOT      +1.4  0.9x  +2.6    ✅    🚀    🔥    ✅  13.80  407.62  455.92    24
AVGO   100.0 HOT      +1.7  0.8x  +2.4    ✅    🚀    🔥    ✅  15.43  406.75  460.76    21
SMCI   100.0 HOT      -0.9  1.3x  +6.2    ✅    🚀    🔥    ✅   2.24   32.01   39.85   148
AAPL    91.3 HOT      +0.9  0.8x  +1.1    ✅    ❌    🔥    ✅   6.92  282.90  307.12    48
GOOGL   89.7 HOT      -0.2  0.8x  +0.9    ✅    🚀    🔥    ✅  10.34  385.30  421.49    32
AMZN    83.1 STRONG   +0.2  0.8x  +0.4    ✅    🚀    🔥    ✅   7.35  261.65  287.38    45
NVDA    51.7 IGNORE   +0.7  0.7x  +1.0    ❌    ❌    🔥    ✅   7.36  204.17  229.93    45
MSFT    22.0 IGNORE   -0.8  0.7x  -0.5    ❌    ❌    🔥    ✅  11.83  397.40  438.81    28
META     0.0 IGNORE   -0.3  0.6x  -0.9    ❌    ❌    🔥    ❌  18.13  582.45  645.90    18
====================================================================================================

=======================================================
  CAPITAL ALLOCATION: 80% Swing | 20% Intraday

  🔥 Top Intraday (5):
    AMD    | Score:100.0 | HOT
    TSLA   | Score:100.0 | HOT
    AVGO   | Score:100.0 | HOT
    SMCI   | Score:100.0 | HOT
    AAPL   | Score: 91.3 | HOT
=======================================================


=======================================================
  🧠 MASTER AI ORCHESTRATOR
=======================================================
  2026-05-11 02:10 ET
=======================================================
[Orchestrator] Reading market state...

  Regime:  RISK_ON (score:75)
  VIX:     17.2
  SPY:     Above VWAP | Mom:+0.35%
  Lockdown:False

  Mode:    SWING_FOCUS
  Capital: 80% Swing | 20% Intraday

  📈 Running Swing Engine...
  🔍 Running Intraday Engine (partial)...

===========================================================================
  🏦 Institutional Intraday Scanner | 2026-05-11 06:10
===========================================================================
[Regime] RISK_ON | SPY VWAP: ✅ | Mom: +0.35% | VIX: 17.2

  Scanning 10 symbols...

  ❌ NVDA   |  51.7 | IGNORE | Gap:+0.7% RV:0.7x Mom:+1.0% VWAP:❌ ➡️In VOL:🔥 MTF:✅ ATR:7.36 SL:204.17 T1:229.93
  🔥 AMD    | 100.0 | HOT    | Gap:+2.4% RV:1.2x Mom:+8.8% VWAP:✅ 🚀ORB VOL:🔥 MTF:✅ ATR:26.88 SL:414.68 T1:508.76
  🔥 TSLA   | 100.0 | HOT    | Gap:+1.4% RV:0.9x Mom:+2.6% VWAP:✅ 🚀ORB VOL:🔥 MTF:✅ ATR:13.8 SL:407.62 T1:455.92
  🔥 AAPL   |  91.3 | HOT    | Gap:+0.9% RV:0.8x Mom:+1.1% VWAP:✅ ➡️In VOL:🔥 MTF:✅ ATR:6.92 SL:282.9 T1:307.12
  ❌ META   |   0.0 | IGNORE | Gap:-0.3% RV:0.6x Mom:-0.9% VWAP:❌ 🔻Brk VOL:🔥 MTF:❌ ATR:18.13 SL:582.45 T1:645.9
  ❌ MSFT   |  22.0 | IGNORE | Gap:-0.8% RV:0.7x Mom:-0.5% VWAP:❌ ➡️In VOL:🔥 MTF:✅ ATR:11.83 SL:397.4 T1:438.81
  🔥 AVGO   | 100.0 | HOT    | Gap:+1.7% RV:0.8x Mom:+2.4% VWAP:✅ 🚀ORB VOL:🔥 MTF:✅ ATR:15.43 SL:406.75 T1:460.76
  🔥 SMCI   | 100.0 | HOT    | Gap:-0.9% RV:1.3x Mom:+6.2% VWAP:✅ 🚀ORB VOL:🔥 MTF:✅ ATR:2.24 SL:32.01 T1:39.85
  🔥 GOOGL  |  89.7 | HOT    | Gap:-0.2% RV:0.8x Mom:+0.9% VWAP:✅ 🚀ORB VOL:🔥 MTF:✅ ATR:10.34 SL:385.3 T1:421.49
  💪 AMZN   |  83.1 | STRONG | Gap:+0.2% RV:0.8x Mom:+0.4% VWAP:✅ 🚀ORB VOL:🔥 MTF:✅ ATR:7.35 SL:261.65 T1:287.38

  ✅ HOT: 6 | STRONG: 1 | WATCH: 0

====================================================================================================
SYM      SCR RATING   GAP%   RV  MOM% VWAP  ORB  VOL  MTF    ATR      SL      T1    SZ
====================================================================================================
AMD    100.0 HOT      +2.4  1.2x  +8.8    ✅    🚀    🔥    ✅  26.88  414.68  508.76    12
TSLA   100.0 HOT      +1.4  0.9x  +2.6    ✅    🚀    🔥    ✅  13.80  407.62  455.92    24
AVGO   100.0 HOT      +1.7  0.8x  +2.4    ✅    🚀    🔥    ✅  15.43  406.75  460.76    21
SMCI   100.0 HOT      -0.9  1.3x  +6.2    ✅    🚀    🔥    ✅   2.24   32.01   39.85   148
AAPL    91.3 HOT      +0.9  0.8x  +1.1    ✅    ❌    🔥    ✅   6.92  282.90  307.12    48
GOOGL   89.7 HOT      -0.2  0.8x  +0.9    ✅    🚀    🔥    ✅  10.34  385.30  421.49    32
AMZN    83.1 STRONG   +0.2  0.8x  +0.4    ✅    🚀    🔥    ✅   7.35  261.65  287.38    45
NVDA    51.7 IGNORE   +0.7  0.7x  +1.0    ❌    ❌    🔥    ✅   7.36  204.17  229.93    45
MSFT    22.0 IGNORE   -0.8  0.7x  -0.5    ❌    ❌    🔥    ✅  11.83  397.40  438.81    28
META     0.0 IGNORE   -0.3  0.6x  -0.9    ❌    ❌    🔥    ❌  18.13  582.45  645.90    18
====================================================================================================

=======================================================
  CAPITAL ALLOCATION: 80% Swing | 20% Intraday

  🔥 Top Intraday (5):
    AMD    | Score:100.0 | HOT
    TSLA   | Score:100.0 | HOT
    AVGO   | Score:100.0 | HOT
    SMCI   | Score:100.0 | HOT
    AAPL   | Score: 91.3 | HOT
=======================================================


=======================================================
  🧠 MASTER AI ORCHESTRATOR
=======================================================
  2026-05-11 04:10 ET
=======================================================
[Orchestrator] Reading market state...

  Regime:  RISK_ON (score:65)
  VIX:     18.2
  SPY:     Above VWAP | Mom:+0.35%
  Lockdown:False

  Mode:    SWING_FOCUS
  Capital: 80% Swing | 20% Intraday

  📈 Running Swing Engine...
  🔍 Running Intraday Engine (partial)...

===========================================================================
  🏦 Institutional Intraday Scanner | 2026-05-11 08:10
===========================================================================
[Regime] RISK_ON | SPY VWAP: ✅ | Mom: +0.35% | VIX: 18.2

  Scanning 10 symbols...

  ❌ NVDA   |  51.7 | IGNORE | Gap:+0.7% RV:0.7x Mom:+1.0% VWAP:❌ ➡️In VOL:🔥 MTF:✅ ATR:7.36 SL:204.17 T1:229.93
  🔥 AMD    | 100.0 | HOT    | Gap:+2.4% RV:1.2x Mom:+8.8% VWAP:✅ 🚀ORB VOL:🔥 MTF:✅ ATR:26.88 SL:414.68 T1:508.76
  🔥 TSLA   | 100.0 | HOT    | Gap:+1.4% RV:0.9x Mom:+2.6% VWAP:✅ 🚀ORB VOL:🔥 MTF:✅ ATR:13.8 SL:407.62 T1:455.92
  🔥 AAPL   |  91.3 | HOT    | Gap:+0.9% RV:0.8x Mom:+1.1% VWAP:✅ ➡️In VOL:🔥 MTF:✅ ATR:6.92 SL:282.9 T1:307.12
  ❌ META   |   0.0 | IGNORE | Gap:-0.3% RV:0.6x Mom:-0.9% VWAP:❌ 🔻Brk VOL:🔥 MTF:❌ ATR:18.13 SL:582.45 T1:645.9
  ❌ MSFT   |  22.0 | IGNORE | Gap:-0.8% RV:0.7x Mom:-0.5% VWAP:❌ ➡️In VOL:🔥 MTF:✅ ATR:11.83 SL:397.4 T1:438.81
  🔥 AVGO   | 100.0 | HOT    | Gap:+1.7% RV:0.8x Mom:+2.4% VWAP:✅ 🚀ORB VOL:🔥 MTF:✅ ATR:15.43 SL:406.75 T1:460.76
  🔥 SMCI   | 100.0 | HOT    | Gap:-0.9% RV:1.3x Mom:+6.2% VWAP:✅ 🚀ORB VOL:🔥 MTF:✅ ATR:2.24 SL:32.01 T1:39.85
  🔥 GOOGL  |  89.7 | HOT    | Gap:-0.2% RV:0.8x Mom:+0.9% VWAP:✅ 🚀ORB VOL:🔥 MTF:✅ ATR:10.34 SL:385.3 T1:421.49
  💪 AMZN   |  83.1 | STRONG | Gap:+0.2% RV:0.8x Mom:+0.4% VWAP:✅ 🚀ORB VOL:🔥 MTF:✅ ATR:7.35 SL:261.65 T1:287.38

  ✅ HOT: 6 | STRONG: 1 | WATCH: 0

====================================================================================================
SYM      SCR RATING   GAP%   RV  MOM% VWAP  ORB  VOL  MTF    ATR      SL      T1    SZ
====================================================================================================
AMD    100.0 HOT      +2.4  1.2x  +8.8    ✅    🚀    🔥    ✅  26.88  414.68  508.76    12
TSLA   100.0 HOT      +1.4  0.9x  +2.6    ✅    🚀    🔥    ✅  13.80  407.62  455.92    24
AVGO   100.0 HOT      +1.7  0.8x  +2.4    ✅    🚀    🔥    ✅  15.43  406.75  460.76    21
SMCI   100.0 HOT      -0.9  1.3x  +6.2    ✅    🚀    🔥    ✅   2.24   32.01   39.85   148
AAPL    91.3 HOT      +0.9  0.8x  +1.1    ✅    ❌    🔥    ✅   6.92  282.90  307.12    48
GOOGL   89.7 HOT      -0.2  0.8x  +0.9    ✅    🚀    🔥    ✅  10.34  385.30  421.49    32
[DB] 2026-05-11 08:10:41,087 INFO: Market snapshot inserted
[DB] 2026-05-11 10:10:55,492 INFO: Market snapshot inserted
AMZN    83.1 STRONG   +0.2  0.8x  +0.4    ✅    🚀    🔥    ✅   7.35  261.65  287.38    45
NVDA    51.7 IGNORE   +0.7  0.7x  +1.0    ❌    ❌    🔥    ✅   7.36  204.17  229.93    45
MSFT    22.0 IGNORE   -0.8  0.7x  -0.5    ❌    ❌    🔥    ✅  11.83  397.40  438.81    28
META     0.0 IGNORE   -0.3  0.6x  -0.9    ❌    ❌    🔥    ❌  18.13  582.45  645.90    18
====================================================================================================

=======================================================
  CAPITAL ALLOCATION: 80% Swing | 20% Intraday

  🔥 Top Intraday (5):
    AMD    | Score:100.0 | HOT
    TSLA   | Score:100.0 | HOT
    AVGO   | Score:100.0 | HOT
    SMCI   | Score:100.0 | HOT
    AAPL   | Score: 91.3 | HOT
=======================================================


=======================================================
  🧠 MASTER AI ORCHESTRATOR
=======================================================
  2026-05-11 06:10 ET
=======================================================
[Orchestrator] Reading market state...

  Regime:  RISK_ON (score:65)
  VIX:     18.1
  SPY:     Above VWAP | Mom:+0.35%
  Lockdown:False

  Mode:    SWING_FOCUS
  Capital: 80% Swing | 20% Intraday

  📈 Running Swing Engine...
  🔍 Running Intraday Engine (partial)...

===========================================================================
  🏦 Institutional Intraday Scanner | 2026-05-11 10:10
===========================================================================
[Regime] RISK_ON | SPY VWAP: ✅ | Mom: +0.35% | VIX: 18.1

  Scanning 10 symbols...

  ❌ NVDA   |  51.7 | IGNORE | Gap:+0.7% RV:0.7x Mom:+1.0% VWAP:❌ ➡️In VOL:🔥 MTF:✅ ATR:7.36 SL:204.17 T1:229.93
  🔥 AMD    | 100.0 | HOT    | Gap:+2.4% RV:1.2x Mom:+8.8% VWAP:✅ 🚀ORB VOL:🔥 MTF:✅ ATR:26.88 SL:414.68 T1:508.76
  🔥 TSLA   | 100.0 | HOT    | Gap:+1.4% RV:0.9x Mom:+2.6% VWAP:✅ 🚀ORB VOL:🔥 MTF:✅ ATR:13.8 SL:407.62 T1:455.92
  🔥 AAPL   |  91.3 | HOT    | Gap:+0.9% RV:0.8x Mom:+1.1% VWAP:✅ ➡️In VOL:🔥 MTF:✅ ATR:6.92 SL:282.9 T1:307.12
  ❌ META   |   0.0 | IGNORE | Gap:-0.3% RV:0.6x Mom:-0.9% VWAP:❌ 🔻Brk VOL:🔥 MTF:❌ ATR:18.13 SL:582.45 T1:645.9
  ❌ MSFT   |  22.0 | IGNORE | Gap:-0.8% RV:0.7x Mom:-0.5% VWAP:❌ ➡️In VOL:🔥 MTF:✅ ATR:11.83 SL:397.4 T1:438.81
  🔥 AVGO   | 100.0 | HOT    | Gap:+1.7% RV:0.8x Mom:+2.4% VWAP:✅ 🚀ORB VOL:🔥 MTF:✅ ATR:15.43 SL:406.75 T1:460.76
  🔥 SMCI   | 100.0 | HOT    | Gap:-0.9% RV:1.3x Mom:+6.2% VWAP:✅ 🚀ORB VOL:🔥 MTF:✅ ATR:2.24 SL:32.01 T1:39.85
  🔥 GOOGL  |  89.7 | HOT    | Gap:-0.2% RV:0.8x Mom:+0.9% VWAP:✅ 🚀ORB VOL:🔥 MTF:✅ ATR:10.34 SL:385.3 T1:421.49
  💪 AMZN   |  83.1 | STRONG | Gap:+0.2% RV:0.8x Mom:+0.4% VWAP:✅ 🚀ORB VOL:🔥 MTF:✅ ATR:7.35 SL:261.65 T1:287.38

  ✅ HOT: 6 | STRONG: 1 | WATCH: 0

====================================================================================================
SYM      SCR RATING   GAP%   RV  MOM% VWAP  ORB  VOL  MTF    ATR      SL      T1    SZ
====================================================================================================
AMD    100.0 HOT      +2.4  1.2x  +8.8    ✅    🚀    🔥    ✅  26.88  414.68  508.76    12
TSLA   100.0 HOT      +1.4  0.9x  +2.6    ✅    🚀    🔥    ✅  13.80  407.62  455.92    24
AVGO   100.0 HOT      +1.7  0.8x  +2.4    ✅    🚀    🔥    ✅  15.43  406.75  460.76    21
SMCI   100.0 HOT      -0.9  1.3x  +6.2    ✅    🚀    🔥    ✅   2.24   32.01   39.85   148
AAPL    91.3 HOT      +0.9  0.8x  +1.1    ✅    ❌    🔥    ✅   6.92  282.90  307.12    48
GOOGL   89.7 HOT      -0.2  0.8x  +0.9    ✅    🚀    🔥    ✅  10.34  385.30  421.49    32
AMZN    83.1 STRONG   +0.2  0.8x  +0.4    ✅    🚀    🔥    ✅   7.35  261.65  287.38    45
NVDA    51.7 IGNORE   +0.7  0.7x  +1.0    ❌    ❌    🔥    ✅   7.36  204.17  229.93    45
MSFT    22.0 IGNORE   -0.8  0.7x  -0.5    ❌    ❌    🔥    ✅  11.83  397.40  438.81    28
META     0.0 IGNORE   -0.3  0.6x  -0.9    ❌    ❌    🔥    ❌  18.13  582.45  645.90    18
====================================================================================================

=======================================================
  CAPITAL ALLOCATION: 80% Swing | 20% Intraday

  🔥 Top Intraday (5):
    AMD    | Score:100.0 | HOT
    TSLA   | Score:100.0 | HOT
    AVGO   | Score:100.0 | HOT
    SMCI   | Score:100.0 | HOT
    AAPL   | Score: 91.3 | HOT
=======================================================


=======================================================
  🧠 MASTER AI ORCHESTRATOR
=======================================================
  2026-05-11 08:11 ET
=======================================================
[Orchestrator] Reading market state...

  Regime:  RISK_ON (score:65)
  VIX:     18.2
  SPY:     Above VWAP | Mom:+0.35%
  Lockdown:False

  Mode:    SWING_FOCUS
  Capital: 80% Swing | 20% Intraday

  📈 Running Swing Engine...
  🔍 Running Intraday Engine (partial)...

===========================================================================
  🏦 Institutional Intraday Scanner | 2026-05-11 12:11
===========================================================================
[Regime] RISK_ON | SPY VWAP: ✅ | Mom: +0.35% | VIX: 18.2

  Scanning 10 symbols...

  ❌ NVDA   |  51.7 | IGNORE | Gap:+0.7% RV:0.7x Mom:+1.0% VWAP:❌ ➡️In VOL:🔥 MTF:✅ ATR:7.36 SL:204.17 T1:229.93
  🔥 AMD    | 100.0 | HOT    | Gap:+2.4% RV:1.2x Mom:+8.8% VWAP:✅ 🚀ORB VOL:🔥 MTF:✅ ATR:26.88 SL:414.68 T1:508.76
  🔥 TSLA   | 100.0 | HOT    | Gap:+1.4% RV:0.9x Mom:+2.6% VWAP:✅ 🚀ORB VOL:🔥 MTF:✅ ATR:13.8 SL:407.62 T1:455.92
  🔥 AAPL   |  91.3 | HOT    | Gap:+0.9% RV:0.8x Mom:+1.1% VWAP:✅ ➡️In VOL:🔥 MTF:✅ ATR:6.92 SL:282.9 T1:307.12
  ❌ META   |   0.0 | IGNORE | Gap:-0.3% RV:0.6x Mom:-0.9% VWAP:❌ 🔻Brk VOL:🔥 MTF:❌ ATR:18.13 SL:582.45 T1:645.9
  ❌ MSFT   |  22.0 | IGNORE | Gap:-0.8% RV:0.7x Mom:-0.5% VWAP:❌ ➡️In VOL:🔥 MTF:✅ ATR:11.83 SL:397.4 T1:438.81
  🔥 AVGO   | 100.0 | HOT    | Gap:+1.7% RV:0.8x Mom:+2.4% VWAP:✅ 🚀ORB VOL:🔥 MTF:✅ ATR:15.43 SL:406.75 T1:460.76
  🔥 SMCI   | 100.0 | HOT    | Gap:-0.9% RV:1.3x Mom:+6.2% VWAP:✅ 🚀ORB VOL:🔥 MTF:✅ ATR:2.24 SL:32.01 T1:39.85
  🔥 GOOGL  |  89.7 | HOT    | Gap:-0.2% RV:0.8x Mom:+0.9% VWAP:✅ 🚀ORB VOL:🔥 MTF:✅ ATR:10.34 SL:385.3 T1:421.49
  💪 AMZN   |  83.1 | STRONG | Gap:+0.2% RV:0.8x Mom:+0.4% VWAP:✅ 🚀ORB VOL:🔥 MTF:✅ ATR:7.35 SL:261.65 T1:287.38

  ✅ HOT: 6 | STRONG: 1 | WATCH: 0

====================================================================================================
SYM      SCR RATING   GAP%   RV  MOM% VWAP  ORB  VOL  MTF    ATR      SL      T1    SZ
====================================================================================================
AMD    100.0 HOT      +2.4  1.2x  +8.8    ✅    🚀    🔥    ✅  26.88  414.68  508.76    12
TSLA   100.0 HOT      +1.4  0.9x  +2.6    ✅    🚀    🔥    ✅  13.80  407.62  455.92    24
AVGO   100.0 HOT      +1.7  0.8x  +2.4    ✅    🚀    🔥    ✅  15.43  406.75  460.76    21
SMCI   100.0 HOT      -0.9  1.3x  +6.2    ✅    🚀    🔥    ✅   2.24   32.01   39.85   148
AAPL    91.3 HOT      +0.9  0.8x  +1.1    ✅    ❌    🔥    ✅   6.92  282.90  307.12    48
GOOGL   89.7 HOT      -0.2  0.8x  +0.9    ✅    🚀    🔥    ✅  10.34  385.30  421.49    32
AMZN    83.1 STRONG   +0.2  0.8x  +0.4    ✅    🚀    🔥    ✅   7.35  261.65  287.38    45
NVDA    51.7 IGNORE   +0.7  0.7x  +1.0    ❌    ❌    🔥    ✅   7.36  204.17  229.93    45
MSFT    22.0 IGNORE   -0.8  0.7x  -0.5    ❌    ❌    🔥    ✅  11.83  397.40  438.81    28
META     0.0 IGNORE   -0.3  0.6x  -0.9    ❌    ❌    🔥    ❌  18.13  582.45  645.90    18
====================================================================================================

=======================================================
  CAPITAL ALLOCATION: 80% Swing | 20% Intraday

  🔥 Top Intraday (5):
[DB] 2026-05-11 12:11:10,922 INFO: Market snapshot inserted
[DB] 2026-05-11 12:08:53,232 INFO: Market snapshot inserted
WAP:❌ ➡️In VOL:🔥 MTF:✅ ATR:7.36 SL:204.17 T1:229.93
  🔥 AMD    | 100.0 | HOT    | Gap:+2.4% RV:1.2x Mom:+8.8% VWAP:✅ 🚀ORB VOL:🔥 MTF:✅ ATR:26.88 SL:414.68 T1:508.76
  🔥 TSLA   | 100.0 | HOT    | Gap:+1.4% RV:0.9x Mom:+2.6% VWAP:✅ 🚀ORB VOL:🔥 MTF:✅ ATR:13.8 SL:407.62 T1:455.92
  🔥 AAPL   |  91.3 | HOT    | Gap:+0.9% RV:0.8x Mom:+1.1% VWAP:✅ ➡️In VOL:🔥 MTF:✅ ATR:6.92 SL:282.9 T1:307.12
  ❌ META   |   0.0 | IGNORE | Gap:-0.3% RV:0.6x Mom:-0.9% VWAP:❌ 🔻Brk VOL:🔥 MTF:❌ ATR:18.13 SL:582.45 T1:645.9
  ❌ MSFT   |  22.0 | IGNORE | Gap:-0.8% RV:0.7x Mom:-0.5% VWAP:❌ ➡️In VOL:🔥 MTF:✅ ATR:11.83 SL:397.4 T1:438.81
  🔥 AVGO   | 100.0 | HOT    | Gap:+1.7% RV:0.8x Mom:+2.4% VWAP:✅ 🚀ORB VOL:🔥 MTF:✅ ATR:15.43 SL:406.75 T1:460.76
  🔥 SMCI   | 100.0 | HOT    | Gap:-0.9% RV:1.3x Mom:+6.2% VWAP:✅ 🚀ORB VOL:🔥 MTF:✅ ATR:2.24 SL:32.01 T1:39.85
  🔥 GOOGL  |  89.7 | HOT    | Gap:-0.2% RV:0.8x Mom:+0.9% VWAP:✅ 🚀ORB VOL:🔥 MTF:✅ ATR:10.34 SL:385.3 T1:421.49
  💪 AMZN   |  83.1 | STRONG | Gap:+0.2% RV:0.8x Mom:+0.4% VWAP:✅ 🚀ORB VOL:🔥 MTF:✅ ATR:7.35 SL:261.65 T1:287.38

  ✅ HOT: 6 | STRONG: 1 | WATCH: 0

====================================================================================================
SYM      SCR RATING   GAP%   RV  MOM% VWAP  ORB  VOL  MTF    ATR      SL      T1    SZ
====================================================================================================
AMD    100.0 HOT      +2.4  1.2x  +8.8    ✅    🚀    🔥    ✅  26.88  414.68  508.76    12
TSLA   100.0 HOT      +1.4  0.9x  +2.6    ✅    🚀    🔥    ✅  13.80  407.62  455.92    24
AVGO   100.0 HOT      +1.7  0.8x  +2.4    ✅    🚀    🔥    ✅  15.43  406.75  460.76    21
SMCI   100.0 HOT      -0.9  1.3x  +6.2    ✅    🚀    🔥    ✅   2.24   32.01   39.85   148
AAPL    91.3 HOT      +0.9  0.8x  +1.1    ✅    ❌    🔥    ✅   6.92  282.90  307.12    48
GOOGL   89.7 HOT      -0.2  0.8x  +0.9    ✅    🚀    🔥    ✅  10.34  385.30  421.49    32
AMZN    83.1 STRONG   +0.2  0.8x  +0.4    ✅    🚀    🔥    ✅   7.35  261.65  287.38    45
NVDA    51.7 IGNORE   +0.7  0.7x  +1.0    ❌    ❌    🔥    ✅   7.36  204.17  229.93    45
MSFT    22.0 IGNORE   -0.8  0.7x  -0.5    ❌    ❌    🔥    ✅  11.83  397.40  438.81    28
META     0.0 IGNORE   -0.3  0.6x  -0.9    ❌    ❌    🔥    ❌  18.13  582.45  645.90    18
====================================================================================================

=======================================================
  CAPITAL ALLOCATION: 80% Swing | 20% Intraday

  🔥 Top Intraday (5):
    AMD    | Score:100.0 | HOT
    TSLA   | Score:100.0 | HOT
    AVGO   | Score:100.0 | HOT
    SMCI   | Score:100.0 | HOT
    AAPL   | Score: 91.3 | HOT
=======================================================

[DB] 2026-05-11 06:10:40,038 INFO: Connection pool created
[DB] 2026-05-11 06:10:40,043 INFO: Market snapshot inserted

=======================================================
  🧠 MASTER AI ORCHESTRATOR
=======================================================
  2026-05-11 02:10 ET
=======================================================
[Orchestrator] Reading market state...

  Regime:  RISK_ON (score:75)
  VIX:     17.2
  SPY:     Above VWAP | Mom:+0.35%
  Lockdown:False

  Mode:    SWING_FOCUS
  Capital: 80% Swing | 20% Intraday

  📈 Running Swing Engine...
  🔍 Running Intraday Engine (partial)...

===========================================================================
  🏦 Institutional Intraday Scanner | 2026-05-11 06:10
===========================================================================
[Regime] RISK_ON | SPY VWAP: ✅ | Mom: +0.35% | VIX: 17.2

  Scanning 10 symbols...

  ❌ NVDA   |  51.7 | IGNORE | Gap:+0.7% RV:0.7x Mom:+1.0% VWAP:❌ ➡️In VOL:🔥 MTF:✅ ATR:7.36 SL:204.17 T1:229.93
  🔥 AMD    | 100.0 | HOT    | Gap:+2.4% RV:1.2x Mom:+8.8% VWAP:✅ 🚀ORB VOL:🔥 MTF:✅ ATR:26.88 SL:414.68 T1:508.76
  🔥 TSLA   | 100.0 | HOT    | Gap:+1.4% RV:0.9x Mom:+2.6% VWAP:✅ 🚀ORB VOL:🔥 MTF:✅ ATR:13.8 SL:407.62 T1:455.92
  🔥 AAPL   |  91.3 | HOT    | Gap:+0.9% RV:0.8x Mom:+1.1% VWAP:✅ ➡️In VOL:🔥 MTF:✅ ATR:6.92 SL:282.9 T1:307.12
  ❌ META   |   0.0 | IGNORE | Gap:-0.3% RV:0.6x Mom:-0.9% VWAP:❌ 🔻Brk VOL:🔥 MTF:❌ ATR:18.13 SL:582.45 T1:645.9
  ❌ MSFT   |  22.0 | IGNORE | Gap:-0.8% RV:0.7x Mom:-0.5% VWAP:❌ ➡️In VOL:🔥 MTF:✅ ATR:11.83 SL:397.4 T1:438.81
  🔥 AVGO   | 100.0 | HOT    | Gap:+1.7% RV:0.8x Mom:+2.4% VWAP:✅ 🚀ORB VOL:🔥 MTF:✅ ATR:15.43 SL:406.75 T1:460.76
  🔥 SMCI   | 100.0 | HOT    | Gap:-0.9% RV:1.3x Mom:+6.2% VWAP:✅ 🚀ORB VOL:🔥 MTF:✅ ATR:2.24 SL:32.01 T1:39.85
  🔥 GOOGL  |  89.7 | HOT    | Gap:-0.2% RV:0.8x Mom:+0.9% VWAP:✅ 🚀ORB VOL:🔥 MTF:✅ ATR:10.34 SL:385.3 T1:421.49
  💪 AMZN   |  83.1 | STRONG | Gap:+0.2% RV:0.8x Mom:+0.4% VWAP:✅ 🚀ORB VOL:🔥 MTF:✅ ATR:7.35 SL:261.65 T1:287.38

  ✅ HOT: 6 | STRONG: 1 | WATCH: 0

====================================================================================================
SYM      SCR RATING   GAP%   RV  MOM% VWAP  ORB  VOL  MTF    ATR      SL      T1    SZ
====================================================================================================
AMD    100.0 HOT      +2.4  1.2x  +8.8    ✅    🚀    🔥    ✅  26.88  414.68  508.76    12
TSLA   100.0 HOT      +1.4  0.9x  +2.6    ✅    🚀    🔥    ✅  13.80  407.62  455.92    24
AVGO   100.0 HOT      +1.7  0.8x  +2.4    ✅    🚀    🔥    ✅  15.43  406.75  460.76    21
SMCI   100.0 HOT      -0.9  1.3x  +6.2    ✅    🚀    🔥    ✅   2.24   32.01   39.85   148
AAPL    91.3 HOT      +0.9  0.8x  +1.1    ✅    ❌    🔥    ✅   6.92  282.90  307.12    48
GOOGL   89.7 HOT      -0.2  0.8x  +0.9    ✅    🚀    🔥    ✅  10.34  385.30  421.49    32
AMZN    83.1 STRONG   +0.2  0.8x  +0.4    ✅    🚀    🔥    ✅   7.35  261.65  287.38    45
NVDA    51.7 IGNORE   +0.7  0.7x  +1.0    ❌    ❌    🔥    ✅   7.36  204.17  229.93    45
MSFT    22.0 IGNORE   -0.8  0.7x  -0.5    ❌    ❌    🔥    ✅  11.83  397.40  438.81    28
META     0.0 IGNORE   -0.3  0.6x  -0.9    ❌    ❌    🔥    ❌  18.13  582.45  645.90    18
====================================================================================================

=======================================================
  CAPITAL ALLOCATION: 80% Swing | 20% Intraday

  🔥 Top Intraday (5):
    AMD    | Score:100.0 | HOT
    TSLA   | Score:100.0 | HOT
    AVGO   | Score:100.0 | HOT
    SMCI   | Score:100.0 | HOT
    AAPL   | Score: 91.3 | HOT
=======================================================

[DB] 2026-05-11 06:12:51,141 INFO: Connection pool created
[DB] 2026-05-11 06:12:51,144 INFO: Market snapshot inserted

=======================================================
  🧠 MASTER AI ORCHESTRATOR
=======================================================
  2026-05-11 02:12 ET
=======================================================
[Orchestrator] Reading market state...

  Regime:  RISK_ON (score:75)
  VIX:     17.2
  SPY:     Above VWAP | Mom:+0.35%
  Lockdown:False

  Mode:    SWING_FOCUS
  Capital: 80% Swing | 20% Intraday

  📈 Running Swing Engine...
  🔍 Running Intraday Engine (partial)...

===========================================================================
  🏦 Institutional Intraday Scanner | 2026-05-11 06:12
===========================================================================
[Regime] RISK_ON | SPY VWAP: ✅ | Mom: +0.35% | VIX: 17.2

  Scanning 10 symbols...

  ❌ NVDA   |  51.7 | IGNORE | Gap:+0.7% RV:0.7x Mom:+1.0% VWAP:❌ ➡️In VOL:🔥 MTF:✅ ATR:7.36 SL:204.17 T1:229.93
  🔥 AMD    | 100.0 | HOT    | Gap:+2.4% RV:1.2x Mom:+8.8% VWAP:✅ 🚀ORB VOL:🔥 MTF:✅ ATR:26.88 SL:414.68 T1:508.76
  🔥 TSLA   | 100.0 | HOT    | Gap:+1.4% RV:0.9x Mom:+2.6% VWAP:✅ 🚀ORB VOL:🔥 MTF:✅ ATR:13.8 SL:407.62 T1:455.92
  🔥 AAPL   |  91.3 | HOT    | Gap:+0.9% RV:0.8x Mom:+1.1% VWAP:✅ ➡️In VOL:🔥 MTF:✅ ATR:6.92 SL:282.9 T1:307.12
  ❌ META   |   0.0 | IGNORE | Gap:-0.3% RV:0.6x Mom:-0.9% VWAP:❌ 🔻Brk VOL:🔥 MTF:❌ ATR:18.13 SL:582.45 T1:645.9
  ❌ MSFT   |  22.0 | IGNORE | Gap:-0.8% RV:0.7x Mom:-0.5% VWAP:❌ ➡️In VOL:🔥 MTF:✅ ATR:11.83 SL:397.4 T1:438.81
  🔥 AVGO   | 100.0 | HOT    | Gap:+1.7% RV:0.8x Mom:+2.4% VWAP:✅ 🚀ORB VOL:🔥 MTF:✅ ATR:15.43 SL:406.75 T1:460.76
  🔥 SMCI   | 100.0 | HOT    | Gap:-0.9% RV:1.3x Mom:+6.2% VWAP:✅ 🚀ORB VOL:🔥 MTF:✅ ATR:2.24 SL:32.01 T1:39.85
  🔥 GOOGL  |  89.7 | HOT    | Gap:-0.2% RV:0.8x Mom:+0.9% VWAP:✅ 🚀ORB VOL:🔥 MTF:✅ ATR:10.34 SL:385.3 T1:421.49
  💪 AMZN   |  83.1 | STRONG | Gap:+0.2% RV:0.8x Mom:+0.4% VWAP:✅ 🚀ORB VOL:🔥 MTF:✅ ATR:7.35 SL:261.65 T1:287.38

  ✅ HOT: 6 | STRONG: 1 | WATCH: 0

====================================================================================================
SYM      SCR RATING   GAP%   RV  MOM% VWAP  ORB  VOL  MTF    ATR      SL      T1    SZ
====================================================================================================
AMD    100.0 HOT      +2.4  1.2x  +8.8    ✅    🚀    🔥    ✅  26.88  414.68  508.76    12
TSLA   100.0 HOT      +1.4  0.9x  +2.6    ✅    🚀    🔥    ✅  13.80  407.62  455.92    24
AVGO   100.0 HOT      +1.7  0.8x  +2.4    ✅    🚀    🔥    ✅  15.43  406.75  460.76    21
SMCI   100.0 HOT      -0.9  1.3x  +6.2    ✅    🚀    🔥    ✅   2.24   32.01   39.85   148
AAPL    91.3 HOT      +0.9  0.8x  +1.1    ✅    ❌    🔥    ✅   6.92  282.90  307.12    48
GOOGL   89.7 HOT      -0.2  0.8x  +0.9    ✅    🚀    🔥    ✅  10.34  385.30  421.49    32
AMZN    83.1 STRONG   +0.2  0.8x  +0.4    ✅    🚀    🔥    ✅   7.35  261.65  287.38    45
NVDA    51.7 IGNORE   +0.7  0.7x  +1.0    ❌    ❌    🔥    ✅   7.36  204.17  229.93    45
MSFT    22.0 IGNORE   -0.8  0.7x  -0.5    ❌    ❌    🔥    ✅  11.83  397.40  438.81    28
META     0.0 IGNORE   -0.3  0.6x  -0.9    ❌    ❌    🔥    ❌  18.13  582.45  645.90    18
====================================================================================================

=======================================================
  CAPITAL ALLOCATION: 80% Swing | 20% Intraday

  🔥 Top Intraday (5):
    AMD    | Score:100.0 | HOT
    TSLA   | Score:100.0 | HOT
    AVGO   | Score:100.0 | HOT
    SMCI   | Score:100.0 | HOT
    AAPL   | Score: 91.3 | HOT
=======================================================

[DB] 2026-05-11 06:14:42,153 INFO: Connection pool created
[DB] 2026-05-11 06:14:42,156 INFO: Market snapshot inserted

=======================================================
  🧠 MASTER AI ORCHESTRATOR
=======================================================
  2026-05-11 02:14 ET
=======================================================
[Orchestrator] Reading market state...

  Regime:  RISK_ON (score:75)
  VIX:     17.2
  SPY:     Above VWAP | Mom:+0.35%
  Lockdown:False

  Mode:    SWING_FOCUS
  Capital: 80% Swing | 20% Intraday

  📈 Running Swing Engine...
  🔍 Running Intraday Engine (partial)...

===========================================================================
  🏦 Institutional Intraday Scanner | 2026-05-11 06:14
===========================================================================
[Regime] RISK_ON | SPY VWAP: ✅ | Mom: +0.35% | VIX: 17.2

  Scanning 10 symbols...

  ❌ NVDA   |  51.7 | IGNORE | Gap:+0.7% RV:0.7x Mom:+1.0% VWAP:❌ ➡️In VOL:🔥 MTF:✅ ATR:7.36 SL:204.17 T1:229.93
  🔥 AMD    | 100.0 | HOT    | Gap:+2.4% RV:1.2x Mom:+8.8% VWAP:✅ 🚀ORB VOL:🔥 MTF:✅ ATR:26.88 SL:414.68 T1:508.76
  🔥 TSLA   | 100.0 | HOT    | Gap:+1.4% RV:0.9x Mom:+2.6% VWAP:✅ 🚀ORB VOL:🔥 MTF:✅ ATR:13.8 SL:407.62 T1:455.92
  🔥 AAPL   |  91.3 | HOT    | Gap:+0.9% RV:0.8x Mom:+1.1% VWAP:✅ ➡️In VOL:🔥 MTF:✅ ATR:6.92 SL:282.9 T1:307.12
  ❌ META   |   0.0 | IGNORE | Gap:-0.3% RV:0.6x Mom:-0.9% VWAP:❌ 🔻Brk VOL:🔥 MTF:❌ ATR:18.13 SL:582.45 T1:645.9
  ❌ MSFT   |  22.0 | IGNORE | Gap:-0.8% RV:0.7x Mom:-0.5% VWAP:❌ ➡️In VOL:🔥 MTF:✅ ATR:11.83 SL:397.4 T1:438.81
  🔥 AVGO   | 100.0 | HOT    | Gap:+1.7% RV:0.8x Mom:+2.4% VWAP:✅ 🚀ORB VOL:🔥 MTF:✅ ATR:15.43 SL:406.75 T1:460.76
  🔥 SMCI   | 100.0 | HOT    | Gap:-0.9% RV:1.3x Mom:+6.2% VWAP:✅ 🚀ORB VOL:🔥 MTF:✅ ATR:2.24 SL:32.01 T1:39.85
  🔥 GOOGL  |  89.7 | HOT    | Gap:-0.2% RV:0.8x Mom:+0.9% VWAP:✅ 🚀ORB VOL:🔥 MTF:✅ ATR:10.34 SL:385.3 T1:421.49
  💪 AMZN   |  83.1 | STRONG | Gap:+0.2% RV:0.8x Mom:+0.4% VWAP:✅ 🚀ORB VOL:🔥 MTF:✅ ATR:7.35 SL:261.65 T1:287.38

  ✅ HOT: 6 | STRONG: 1 | WATCH: 0

====================================================================================================
SYM      SCR RATING   GAP%   RV  MOM% VWAP  ORB  VOL  MTF    ATR      SL      T1    SZ
====================================================================================================
AMD    100.0 HOT      +2.4  1.2x  +8.8    ✅    🚀    🔥    ✅  26.88  414.68  508.76    12
TSLA   100.0 HOT      +1.4  0.9x  +2.6    ✅    🚀    🔥    ✅  13.80  407.62  455.92    24
AVGO   100.0 HOT      +1.7  0.8x  +2.4    ✅    🚀    🔥    ✅  15.43  406.75  460.76    21
SMCI   100.0 HOT      -0.9  1.3x  +6.2    ✅    🚀    🔥    ✅   2.24   32.01   39.85   148
AAPL    91.3 HOT      +0.9  0.8x  +1.1    ✅    ❌    🔥    ✅   6.92  282.90  307.12    48
GOOGL   89.7 HOT      -0.2  0.8x  +0.9    ✅    🚀    🔥    ✅  10.34  385.30  421.49    32
AMZN    83.1 STRONG   +0.2  0.8x  +0.4    ✅    🚀    🔥    ✅   7.35  261.65  287.38    45
NVDA    51.7 IGNORE   +0.7  0.7x  +1.0    ❌    ❌    🔥    ✅   7.36  204.17  229.93    45
MSFT    22.0 IGNORE   -0.8  0.7x  -0.5    ❌    ❌    🔥    ✅  11.83  397.40  438.81    28
META     0.0 IGNORE   -0.3  0.6x  -0.9    ❌    ❌    🔥    ❌  18.13  582.45  645.90    18
====================================================================================================

=======================================================
  CAPITAL ALLOCATION: 80% Swing | 20% Intraday

  🔥 Top Intraday (5):
    AMD    | Score:100.0 | HOT
    TSLA   | Score:100.0 | HOT
    AVGO   | Score:100.0 | HOT
    SMCI   | Score:100.0 | HOT
    AAPL   | Score: 91.3 | HOT
=======================================================

[DB] 2026-05-11 06:16:53,222 INFO: Connection pool created
[DB] 2026-05-11 06:16:53,225 INFO: Market snapshot inserted

=======================================================
  🧠 MASTER AI ORCHESTRATOR
=======================================================
  2026-05-11 02:16 ET
=======================================================
[Orchestrator] Reading market state...

  Regime:  RISK_ON (score:75)
  VIX:     17.2
  SPY:     Above VWAP | Mom:+0.35%
  Lockdown:False

  Mode:    SWING_FOCUS
  Capital: 80% Swing | 20% Intraday

  📈 Running Swing Engine...
  🔍 Running Intraday Engine (partial)...

===========================================================================
  🏦 Institutional Intraday Scanner | 2026-05-11 06:16
===========================================================================
[Regime] RISK_ON | SPY VWAP: ✅ | Mom: +0.35% | VIX: 17.2

  Scanning 10 symbols...

  ❌ NVDA   |  51.7 | IGNORE | Gap:+0.7% RV:0.7x Mom:+1.0% VWAP:❌ ➡️In VOL:🔥 MTF:✅ ATR:7.36 SL:204.17 T1:229.93
  🔥 AMD    | 100.0 | HOT    | Gap:+2.4% RV:1.2x Mom:+8.8% VWAP:✅ 🚀ORB VOL:🔥 MTF:✅ ATR:26.88 SL:414.68 T1:508.76
  🔥 TSLA   | 100.0 | HOT    | Gap:+1.4% RV:0.9x Mom:+2.6% VWAP:✅ 🚀ORB VOL:🔥 MTF:✅ ATR:13.8 SL:407.62 T1:455.92
  🔥 AAPL   |  91.3 | HOT    | Gap:+0.9% RV:0.8x Mom:+1.1% VWAP:✅ ➡️In VOL:🔥 MTF:✅ ATR:6.92 SL:282.9 T1:307.12
  ❌ META   |   0.0 | IGNORE | Gap:-0.3% RV:0.6x Mom:-0.9% VWAP:❌ 🔻Brk VOL:🔥 MTF:❌ ATR:18.13 SL:582.45 T1:645.9
  ❌ MSFT   |  22.0 | IGNORE | Gap:-0.8% RV:0.7x Mom:-0.5% VWAP:❌ ➡️In VOL:🔥 MTF:✅ ATR:11.83 SL:397.4 T1:438.81
  🔥 AVGO   | 100.0 | HOT    | Gap:+1.7% RV:0.8x Mom:+2.4% VWAP:✅ 🚀ORB VOL:🔥 MTF:✅ ATR:15.43 SL:406.75 T1:460.76
  🔥 SMCI   | 100.0 | HOT    | Gap:-0.9% RV:1.3x Mom:+6.2% VWAP:✅ 🚀ORB VOL:🔥 MTF:✅ ATR:2.24 SL:32.01 T1:39.85
  🔥 GOOGL  |  89.7 | HOT    | Gap:-0.2% RV:0.8x Mom:+0.9% VWAP:✅ 🚀ORB VOL:🔥 MTF:✅ ATR:10.34 SL:385.3 T1:421.49
  💪 AMZN   |  83.1 | STRONG | Gap:+0.2% RV:0.8x Mom:+0.4% VWAP:✅ 🚀ORB VOL:🔥 MTF:✅ ATR:7.35 SL:261.65 T1:287.38

  ✅ HOT: 6 | STRONG: 1 | WATCH: 0

====================================================================================================
SYM      SCR RATING   GAP%   RV  MOM% VWAP  ORB  VOL  MTF    ATR      SL      T1    SZ
====================================================================================================
AMD    100.0 HOT      +2.4  1.2x  +8.8    ✅    🚀    🔥    ✅  26.88  414.68  508.76    12
TSLA   100.0 HOT      +1.4  0.9x  +2.6    ✅    🚀    🔥    ✅  13.80  407.62  455.92    24
AVGO   100.0 HOT      +1.7  0.8x  +2.4    ✅    🚀    🔥    ✅  15.43  406.75  460.76    21
SMCI   100.0 HOT      -0.9  1.3x  +6.2    ✅    🚀    🔥    ✅   2.24   32.01   39.85   148
AAPL    91.3 HOT      +0.9  0.8x  +1.1    ✅    ❌    🔥    ✅   6.92  282.90  307.12    48
GOOGL   89.7 HOT      -0.2  0.8x  +0.9    ✅    🚀    🔥    ✅  10.34  385.30  421.49    32
AMZN    83.1 STRONG   +0.2  0.8x  +0.4    ✅    🚀    🔥    ✅   7.35  261.65  287.38    45
NVDA    51.7 IGNORE   +0.7  0.7x  +1.0    ❌    ❌    🔥    ✅   7.36  204.17  229.93    45
MSFT    22.0 IGNORE   -0.8  0.7x  -0.5    ❌    ❌    🔥    ✅  11.83  397.40  438.81    28
META     0.0 IGNORE   -0.3  0.6x  -0.9    ❌    ❌    🔥    ❌  18.13  582.45  645.90    18
====================================================================================================

=======================================================
  CAPITAL ALLOCATION: 80% Swing | 20% Intraday

  🔥 Top Intraday (5):
    AMD    | Score:100.0 | HOT
    TSLA   | Score:100.0 | HOT
    AVGO   | Score:100.0 | HOT
    SMCI   | Score:100.0 | HOT
    AAPL   | Score: 91.3 | HOT
=======================================================

[DB] 2026-05-11 06:19:04,318 INFO: Connection pool created
[DB] 2026-05-11 06:19:04,321 INFO: Market snapshot inserted

=======================================================
  🧠 MASTER AI ORCHESTRATOR
=======================================================
  2026-05-11 02:18 ET
=======================================================
[Orchestrator] Reading market state...

  Regime:  RISK_ON (score:75)
  VIX:     17.2
  SPY:     Above VWAP | Mom:+0.35%
  Lockdown:False

  Mode:    SWING_FOCUS
  Capital: 80% Swing | 20% Intraday

  📈 Running Swing Engine...
  🔍 Running Intraday Engine (partial)...

===========================================================================
  🏦 Institutional Intraday Scanner | 2026-05-11 06:19
===========================================================================
[Regime] RISK_ON | SPY VWAP: ✅ | Mom: +0.35% | VIX: 17.2

  Scanning 10 symbols...

  ❌ NVDA   |  51.7 | IGNORE | Gap:+0.7% RV:0.7x Mom:+1.0% VWAP:❌ ➡️In VOL:🔥 MTF:✅ ATR:7.36 SL:204.17 T1:229.93
  🔥 AMD    | 100.0 | HOT    | Gap:+2.4% RV:1.2x Mom:+8.8% VWAP:✅ 🚀ORB VOL:🔥 MTF:✅ ATR:26.88 SL:414.68 T1:508.76
  🔥 TSLA   | 100.0 | HOT    | Gap:+1.4% RV:0.9x Mom:+2.6% VWAP:✅ 🚀ORB VOL:🔥 MTF:✅ ATR:13.8 SL:407.62 T1:455.92
  🔥 AAPL   |  91.3 | HOT    | Gap:+0.9% RV:0.8x Mom:+1.1% VWAP:✅ ➡️In VOL:🔥 MTF:✅ ATR:6.92 SL:282.9 T1:307.12
  ❌ META   |   0.0 | IGNORE | Gap:-0.3% RV:0.6x Mom:-0.9% VWAP:❌ 🔻Brk VOL:🔥 MTF:❌ ATR:18.13 SL:582.45 T1:645.9
  ❌ MSFT   |  22.0 | IGNORE | Gap:-0.8% RV:0.7x Mom:-0.5% VWAP:❌ ➡️In VOL:🔥 MTF:✅ ATR:11.83 SL:397.4 T1:438.81
  🔥 AVGO   | 100.0 | HOT    | Gap:+1.7% RV:0.8x Mom:+2.4% VWAP:✅ 🚀ORB VOL:🔥 MTF:✅ ATR:15.43 SL:406.75 T1:460.76
  🔥 SMCI   | 100.0 | HOT    | Gap:-0.9% RV:1.3x Mom:+6.2% VWAP:✅ 🚀ORB VOL:🔥 MTF:✅ ATR:2.24 SL:32.01 T1:39.85
  🔥 GOOGL  |  89.7 | HOT    | Gap:-0.2% RV:0.8x Mom:+0.9% VWAP:✅ 🚀ORB VOL:🔥 MTF:✅ ATR:10.34 SL:385.3 T1:421.49
  💪 AMZN   |  83.1 | STRONG | Gap:+0.2% RV:0.8x Mom:+0.4% VWAP:✅ 🚀ORB VOL:🔥 MTF:✅ ATR:7.35 SL:261.65 T1:287.38

  ✅ HOT: 6 | STRONG: 1 | WATCH: 0

====================================================================================================
SYM      SCR RATING   GAP%   RV  MOM% VWAP  ORB  VOL  MTF    ATR      SL      T1    SZ
====================================================================================================
AMD    100.0 HOT      +2.4  1.2x  +8.8    ✅    🚀    🔥    ✅  26.88  414.68  508.76    12
TSLA   100.0 HOT      +1.4  0.9x  +2.6    ✅    🚀    🔥    ✅  13.80  407.62  455.92    24
AVGO   100.0 HOT      +1.7  0.8x  +2.4    ✅    🚀    🔥    ✅  15.43  406.75  460.76    21
SMCI   100.0 HOT      -0.9  1.3x  +6.2    ✅    🚀    🔥    ✅   2.24   32.01   39.85   148
AAPL    91.3 HOT      +0.9  0.8x  +1.1    ✅    ❌    🔥    ✅   6.92  282.90  307.12    48
GOOGL   89.7 HOT      -0.2  0.8x  +0.9    ✅    🚀    🔥    ✅  10.34  385.30  421.49    32
AMZN    83.1 STRONG   +0.2  0.8x  +0.4    ✅    🚀    🔥    ✅   7.35  261.65  287.38    45
NVDA    51.7 IGNORE   +0.7  0.7x  +1.0    ❌    ❌    🔥    ✅   7.36  204.17  229.93    45
MSFT    22.0 IGNORE   -0.8  0.7x  -0.5    ❌    ❌    🔥    ✅  11.83  397.40  438.81    28
META     0.0 IGNORE   -0.3  0.6x  -0.9    ❌    ❌    🔥    ❌  18.13  582.45  645.90    18
====================================================================================================

=======================================================
  CAPITAL ALLOCATION: 80% Swing | 20% Intraday

  🔥 Top Intraday (5):
    AMD    | Score:100.0 | HOT
    TSLA   | Score:100.0 | HOT
    AVGO   | Score:100.0 | HOT
    SMCI   | Score:100.0 | HOT
    AAPL   | Score: 91.3 | HOT
=======================================================

