🧪 اختبار Sector Rotation...


[Sectors] حساب أداء القطاعات...
  التكنولوجيا          | 1M: +23.1% | RS: +14.5%
  السيبراني            | 1M: +20.3% | RS: +11.7%
  أشباه الموصلات       | 1M: +29.7% | RS: +21.1%
  الصحة والأدوية       | 1M: -2.6% | RS: -11.2%
  المالية              | 1M: +0.9% | RS: -7.6%
  الاستهلاكي           | 1M: +6.5% | RS: -2.1%
  الطاقة               | 1M: -2.2% | RS: -10.7%
  الصناعي              | 1M: +1.0% | RS: -7.6%
  البرمجيات والسحابة   | 1M: +22.1% | RS: +13.5%

=======================================================
  📊 نتائج Sector Rotation
=======================================================
  #1 أشباه الموصلات       | +29.7% | RS: +21.1% | 🚀 قيادي
  #2 التكنولوجيا          | +23.1% | RS: +14.5% | 🚀 قيادي
  #3 السيبراني            | +20.3% | RS: +11.7% | 🚀 قيادي
  #4 البرمجيات والسحابة   | +22.1% | RS: +13.5% | 🚀 قيادي
  #5 الاستهلاكي           | +6.5% | RS: -2.1% | ❌ ضعيف
  #6 الصناعي              | +1.0% | RS: -7.6% | ❌ ضعيف
  #7 الطاقة               | -2.2% | RS: -10.7% | ❌ ضعيف
  #8 المالية              | +0.9% | RS: -7.6% | ❌ ضعيف
  #9 الصحة والأدوية       | -2.6% | RS: -11.2% | ❌ ضعيف

  أسهم الأولوية (53):
  ['NVDA', 'AVGO', 'AMD', 'TSM', 'ARM', 'ANET', 'MRVL', 'LRCX', 'MSFT', 'AAPL', 'ORCL', 'QCOM']
[Sectors] حالة القطاعات محفوظة ✅
[Sectors] تم إرسال التقرير على Telegram ✅

✅ اكتمل! التقرير وصل على Telegram
🧪 اختبار Sector Rotation...


[Sectors] حساب أداء القطاعات...
  التكنولوجيا          | 1M: +23.1% | RS: +14.5%
  السيبراني            | 1M: +20.3% | RS: +11.7%
  أشباه الموصلات       | 1M: +29.7% | RS: +21.1%
  الصحة والأدوية       | 1M: -2.6% | RS: -11.2%
  المالية              | 1M: +0.9% | RS: -7.6%
  الاستهلاكي           | 1M: +6.5% | RS: -2.1%
  الطاقة               | 1M: -2.2% | RS: -10.7%
  الصناعي              | 1M: +1.0% | RS: -7.6%
  البرمجيات والسحابة   | 1M: +22.1% | RS: +13.5%

=======================================================
  📊 نتائج Sector Rotation
=======================================================
  #1 أشباه الموصلات       | +29.7% | RS: +21.1% | 🚀 قيادي
  #2 التكنولوجيا          | +23.1% | RS: +14.5% | 🚀 قيادي
  #3 السيبراني            | +20.3% | RS: +11.7% | 🚀 قيادي
  #4 البرمجيات والسحابة   | +22.1% | RS: +13.5% | 🚀 قيادي
  #5 الاستهلاكي           | +6.5% | RS: -2.1% | ❌ ضعيف
  #6 الصناعي              | +1.0% | RS: -7.6% | ❌ ضعيف
  #7 الطاقة               | -2.2% | RS: -10.7% | ❌ ضعيف
  #8 المالية              | +0.9% | RS: -7.6% | ❌ ضعيف
  #9 الصحة والأدوية       | -2.6% | RS: -11.2% | ❌ ضعيف

  أسهم الأولوية (53):
  ['NVDA', 'AVGO', 'AMD', 'TSM', 'ARM', 'ANET', 'MRVL', 'LRCX', 'MSFT', 'AAPL', 'ORCL', 'QCOM']
[Sectors] حالة القطاعات محفوظة ✅
[Sectors] تم إرسال التقرير على Telegram ✅

✅ اكتمل! التقرير وصل على Telegram
🧪 اختبار Sector Rotation...


[Sectors] حساب أداء القطاعات...
  التكنولوجيا          | 1M: +23.1% | RS: +14.5%
  السيبراني            | 1M: +20.3% | RS: +11.7%
  أشباه الموصلات       | 1M: +29.7% | RS: +21.1%
  الصحة والأدوية       | 1M: -2.6% | RS: -11.2%
  المالية              | 1M: +0.9% | RS: -7.6%
  الاستهلاكي           | 1M: +6.5% | RS: -2.1%
  الطاقة               | 1M: -2.2% | RS: -10.7%
  الصناعي              | 1M: +1.0% | RS: -7.6%
  البرمجيات والسحابة   | 1M: +22.1% | RS: +13.5%

=======================================================
  📊 نتائج Sector Rotation
=======================================================
  #1 أشباه الموصلات       | +29.7% | RS: +21.1% | 🚀 قيادي
  #2 التكنولوجيا          | +23.1% | RS: +14.5% | 🚀 قيادي
  #3 السيبراني            | +20.3% | RS: +11.7% | 🚀 قيادي
  #4 البرمجيات والسحابة   | +22.1% | RS: +13.5% | 🚀 قيادي
  #5 الاستهلاكي           | +6.5% | RS: -2.1% | ❌ ضعيف
  #6 الصناعي              | +1.0% | RS: -7.6% | ❌ ضعيف
  #7 الطاقة               | -2.2% | RS: -10.7% | ❌ ضعيف
  #8 المالية              | +0.9% | RS: -7.6% | ❌ ضعيف
  #9 الصحة والأدوية       | -2.6% | RS: -11.2% | ❌ ضعيف

  أسهم الأولوية (53):
  ['NVDA', 'AVGO', 'AMD', 'TSM', 'ARM', 'ANET', 'MRVL', 'LRCX', 'MSFT', 'AAPL', 'ORCL', 'QCOM']
[Sectors] حالة القطاعات محفوظة ✅
[Sectors] تم إرسال التقرير على Telegram ✅

✅ اكتمل! التقرير وصل على Telegram
🧪 اختبار Sector Rotation...


[Sectors] حساب أداء القطاعات...
  التكنولوجيا          | 1M: +21.5% | RS: +13.9%
  السيبراني            | 1M: +15.3% | RS: +7.8%
  أشباه الموصلات       | 1M: +29.1% | RS: +21.5%
  الصحة والأدوية       | 1M: -2.5% | RS: -10.0%
  المالية              | 1M: -1.2% | RS: -8.7%
  الاستهلاكي           | 1M: +4.5% | RS: -3.0%
  الطاقة               | 1M: -1.2% | RS: -8.7%
  الصناعي              | 1M: +0.4% | RS: -7.2%
  البرمجيات والسحابة   | 1M: +15.3% | RS: +7.7%

=======================================================
  📊 نتائج Sector Rotation
=======================================================
  #1 أشباه الموصلات       | +29.1% | RS: +21.5% | 🚀 قيادي
  #2 التكنولوجيا          | +21.5% | RS: +13.9% | 🚀 قيادي
  #3 السيبراني            | +15.3% | RS: +7.8% | 🚀 قيادي
  #4 البرمجيات والسحابة   | +15.3% | RS: +7.7% | 🚀 قيادي
  #5 الاستهلاكي           | +4.5% | RS: -3.0% | ❌ ضعيف
  #6 الطاقة               | -1.2% | RS: -8.7% | ❌ ضعيف
  #7 الصناعي              | +0.4% | RS: -7.2% | ❌ ضعيف
  #8 المالية              | -1.2% | RS: -8.7% | ❌ ضعيف
  #9 الصحة والأدوية       | -2.5% | RS: -10.0% | ❌ ضعيف

  أسهم الأولوية (53):
  ['NVDA', 'AVGO', 'AMD', 'TSM', 'ARM', 'ANET', 'MRVL', 'LRCX', 'MSFT', 'AAPL', 'ORCL', 'QCOM']
[Sectors] حالة القطاعات محفوظة ✅
[Sectors] تم إرسال التقرير على Telegram ✅

✅ اكتمل! التقرير وصل على Telegram
🧪 اختبار Sector Rotation...


[Sectors] حساب أداء القطاعات...
  التكنولوجيا          | 1M: +22.2% | RS: +14.4%
  السيبراني            | 1M: +14.9% | RS: +7.1%
  أشباه الموصلات       | 1M: +30.0% | RS: +22.2%
  الصحة والأدوية       | 1M: -3.3% | RS: -11.1%
  المالية              | 1M: -0.9% | RS: -8.7%
  الاستهلاكي           | 1M: +4.8% | RS: -3.0%
  الطاقة               | 1M: +0.1% | RS: -7.6%
  الصناعي              | 1M: +1.3% | RS: -6.4%
  البرمجيات والسحابة   | 1M: +15.2% | RS: +7.5%

=======================================================
  📊 نتائج Sector Rotation
=======================================================
  #1 أشباه الموصلات       | +30.0% | RS: +22.2% | 🚀 قيادي
  #2 التكنولوجيا          | +22.2% | RS: +14.4% | 🚀 قيادي
  #3 السيبراني            | +14.9% | RS: +7.1% | 🚀 قيادي
  #4 البرمجيات والسحابة   | +15.2% | RS: +7.5% | 🚀 قيادي
  #5 الاستهلاكي           | +4.8% | RS: -3.0% | ❌ ضعيف
  #6 الطاقة               | +0.1% | RS: -7.6% | ❌ ضعيف
  #7 الصناعي              | +1.3% | RS: -6.4% | ❌ ضعيف
  #8 المالية              | -0.9% | RS: -8.7% | ❌ ضعيف
  #9 الصحة والأدوية       | -3.3% | RS: -11.1% | ❌ ضعيف

  أسهم الأولوية (53):
  ['NVDA', 'AVGO', 'AMD', 'TSM', 'ARM', 'ANET', 'MRVL', 'LRCX', 'MSFT', 'AAPL', 'ORCL', 'QCOM']
[Sectors] حالة القطاعات محفوظة ✅
[Sectors] تم إرسال التقرير على Telegram ✅

✅ اكتمل! التقرير وصل على Telegram
🧪 اختبار Sector Rotation...


[Sectors] حساب أداء القطاعات...
  التكنولوجيا          | 1M: +22.2% | RS: +14.4%
  السيبراني            | 1M: +14.9% | RS: +7.1%
  أشباه الموصلات       | 1M: +30.0% | RS: +22.2%
  الصحة والأدوية       | 1M: -3.3% | RS: -11.1%
  المالية              | 1M: -0.9% | RS: -8.7%
  الاستهلاكي           | 1M: +4.8% | RS: -3.0%
  الطاقة               | 1M: +0.1% | RS: -7.6%
  الصناعي              | 1M: +1.3% | RS: -6.4%
  البرمجيات والسحابة   | 1M: +15.2% | RS: +7.5%

=======================================================
  📊 نتائج Sector Rotation
=======================================================
  #1 أشباه الموصلات       | +30.0% | RS: +22.2% | 🚀 قيادي
  #2 التكنولوجيا          | +22.2% | RS: +14.4% | 🚀 قيادي
  #3 السيبراني            | +14.9% | RS: +7.1% | 🚀 قيادي
  #4 البرمجيات والسحابة   | +15.2% | RS: +7.5% | 🚀 قيادي
  #5 الاستهلاكي           | +4.8% | RS: -3.0% | ❌ ضعيف
  #6 الطاقة               | +0.1% | RS: -7.6% | ❌ ضعيف
  #7 الصناعي              | +1.3% | RS: -6.4% | ❌ ضعيف
  #8 المالية              | -0.9% | RS: -8.7% | ❌ ضعيف
  #9 الصحة والأدوية       | -3.3% | RS: -11.1% | ❌ ضعيف

  أسهم الأولوية (53):
  ['NVDA', 'AVGO', 'AMD', 'TSM', 'ARM', 'ANET', 'MRVL', 'LRCX', 'MSFT', 'AAPL', 'ORCL', 'QCOM']
[Sectors] حالة القطاعات محفوظة ✅
[Sectors] تم إرسال التقرير على Telegram ✅

✅ اكتمل! التقرير وصل على Telegram
