nohup: ignoring input
[Institutional] 🚀 Starting Institutional Robustness Layer

============================================================
[Institutional] 🚀 Running full analysis...
============================================================
[CrossAsset] NEUTRAL | Score: 50
[Liquidity] TIGHTENING | Score: 40
[Psychology] EUPHORIC | Fear=25 | VIX=18.2
[FailSafe] ✅ All systems OK
[Institutional] ✅ Report sent | Env=40
[FailSafe] ✅ All systems OK
[FailSafe] ✅ All systems OK
[FailSafe] ✅ All systems OK
[FailSafe] ✅ All systems OK
[FailSafe] ✅ All systems OK
[FailSafe] ✅ All systems OK
[FailSafe] ✅ All systems OK
[FailSafe] ✅ All systems OK
[FailSafe] ✅ All systems OK
[FailSafe] ✅ All systems OK
[FailSafe] ✅ All systems OK
[CrossAsset] NEUTRAL | Score: 50
[FailSafe] ✅ All systems OK
[FailSafe] ✅ All systems OK
[FailSafe] ✅ All systems OK
[FailSafe] ✅ All systems OK
[FailSafe] ✅ All systems OK
[FailSafe] ✅ All systems OK
[FailSafe] ✅ All systems OK
[FailSafe] ✅ All systems OK
[FailSafe] ✅ All systems OK
[FailSafe] ✅ All systems OK
[FailSafe] ✅ All systems OK
[FailSafe] ✅ All systems OK
[Liquidity] TIGHTENING | Score: 40
[CrossAsset] NEUTRAL | Score: 50
[FailSafe] ✅ All systems OK
[FailSafe] ✅ All systems OK
[FailSafe] ✅ All systems OK
[FailSafe] ✅ All systems OK
[FailSafe] ✅ All systems OK
[FailSafe] ✅ All systems OK
[FailSafe] ✅ All systems OK
[FailSafe] ✅ All systems OK
[FailSafe] ✅ All systems OK
[FailSafe] ✅ All systems OK
[FailSafe] ✅ All systems OK
[FailSafe] ✅ All systems OK
[Psychology] EUPHORIC | Fear=25 | VIX=18.1
[CrossAsset] NEUTRAL | Score: 65
[FailSafe] ✅ All systems OK
[FailSafe] ✅ All systems OK
[FailSafe] ✅ All systems OK
[FailSafe] ✅ All systems OK
[FailSafe] ✅ All systems OK
[FailSafe] ✅ All systems OK
[FailSafe] ✅ All systems OK
[FailSafe] ✅ All systems OK
[FailSafe] ✅ All systems OK
[FailSafe] ✅ All systems OK
[FailSafe] ✅ All systems OK
[FailSafe] ✅ All systems OK
[Liquidity] TIGHTENING | Score: 40
[CrossAsset] NEUTRAL | Score: 65
[FailSafe] ✅ All systems OK
[FailSafe] ✅ All systems OK
[FailSafe] ✅ All systems OK
[FailSafe] ✅ All systems OK
[FailSafe] ✅ All systems OK
[FailSafe] ✅ All systems OK
[FailSafe] ✅ All systems OK
[FailSafe] ✅ All systems OK
[FailSafe] ✅ All systems OK
[FailSafe] ✅ All systems OK
[FailSafe] ✅ All systems OK
[FailSafe] ✅ All systems OK
[CrossAsset] NEUTRAL | Score: 65
[FailSafe] ✅ All systems OK
[FailSafe] ✅ All systems OK
[FailSafe] ✅ All systems OK
[FailSafe] ✅ All systems OK
[FailSafe] ✅ All systems OK
[FailSafe] ✅ All systems OK
[FailSafe] ✅ All systems OK
[FailSafe] ✅ All systems OK
[FailSafe] ✅ All systems OK
[FailSafe] ✅ All systems OK
[FailSafe] ✅ All systems OK
[FailSafe] ✅ All systems OK

============================================================
[Institutional] 🚀 Running full analysis...
============================================================
[CrossAsset] NEUTRAL | Score: 65
[Liquidity] TIGHTENING | Score: 40
[Psychology] EUPHORIC | Fear=15 | VIX=17.8
[FailSafe] ✅ All systems OK
[Institutional] ✅ Report sent | Env=40
[Psychology] EUPHORIC | Fear=15 | VIX=17.8
[Liquidity] TIGHTENING | Score: 40
[CrossAsset] NEUTRAL | Score: 65
[FailSafe] ✅ All systems OK
[FailSafe] ✅ All systems OK
[FailSafe] ✅ All systems OK
[FailSafe] ✅ All systems OK
[FailSafe] ✅ All systems OK
[FailSafe] ✅ All systems OK
[FailSafe] ✅ All systems OK
[FailSafe] ✅ All systems OK
[FailSafe] ✅ All systems OK
[FailSafe] ✅ All systems OK
[FailSafe] ✅ All systems OK
[FailSafe] ✅ All systems OK
[CrossAsset] NEUTRAL | Score: 65
[FailSafe] ✅ All systems OK
[FailSafe] ✅ All systems OK
[FailSafe] ✅ All systems OK
[FailSafe] ✅ All systems OK
[FailSafe] ✅ All systems OK
[FailSafe] ✅ All systems OK
[FailSafe] ✅ All systems OK
[FailSafe] ✅ All systems OK
[FailSafe] ✅ All systems OK
[FailSafe] ✅ All systems OK
[FailSafe] ✅ All systems OK
[FailSafe] ✅ All systems OK
[Liquidity] TIGHTENING | Score: 40
[CrossAsset] NEUTRAL | Score: 65
[FailSafe] ✅ All systems OK
[FailSafe] ✅ All systems OK
[FailSafe] ✅ All systems OK
[FailSafe] ✅ All systems OK
[FailSafe] ✅ All systems OK
[FailSafe] ✅ All systems OK
[FailSafe] ✅ All systems OK
[FailSafe] ✅ All systems OK
[FailSafe] ✅ All systems OK
[FailSafe] ✅ All systems OK
[FailSafe] ✅ All systems OK
[FailSafe] ✅ All systems OK
[Psychology] EUPHORIC | Fear=15 | VIX=17.9
[CrossAsset] NEUTRAL | Score: 65
[FailSafe] ✅ All systems OK
[FailSafe] ✅ All systems OK
[FailSafe] ✅ All systems OK
[FailSafe] ✅ All systems OK
[FailSafe] ✅ All systems OK
[FailSafe] ✅ All systems OK
[FailSafe] ✅ All systems OK
[FailSafe] ✅ All systems OK
[FailSafe] ✅ All systems OK
[FailSafe] ✅ All systems OK
[FailSafe] ✅ All systems OK
[FailSafe] ✅ All systems OK
[Liquidity] TIGHTENING | Score: 40
[CrossAsset] NEUTRAL | Score: 65
[FailSafe] ✅ All systems OK
[FailSafe] ✅ All systems OK
[FailSafe] ✅ All systems OK
[FailSafe] ✅ All systems OK
[FailSafe] ✅ All systems OK
[FailSafe] ✅ All systems OK
[FailSafe] ✅ All systems OK
[FailSafe] ✅ All systems OK
[FailSafe] ✅ All systems OK
[FailSafe] ✅ All systems OK
[FailSafe] ✅ All systems OK
[FailSafe] ✅ All systems OK
[CrossAsset] NEUTRAL | Score: 65
[FailSafe] ✅ All systems OK
[FailSafe] ✅ All systems OK
[FailSafe] ✅ All systems OK
[FailSafe] ✅ All systems OK
[FailSafe] ✅ All systems OK
[FailSafe] ✅ All systems OK
[FailSafe] ✅ All systems OK
[FailSafe] ✅ All systems OK
[FailSafe] ✅ All systems OK
[FailSafe] ✅ All systems OK
[FailSafe] ✅ All systems OK
[FailSafe] ✅ All systems OK

============================================================
[Institutional] 🚀 Running full analysis...
============================================================
[CrossAsset] NEUTRAL | Score: 65
[Liquidity] TIGHTENING | Score: 40
[Psychology] EUPHORIC | Fear=15 | VIX=17.9
[FailSafe] ✅ All systems OK
[Institutional] ✅ Report sent | Env=40
[Psychology] EUPHORIC | Fear=15 | VIX=17.9
[Liquidity] TIGHTENING | Score: 40
[CrossAsset] NEUTRAL | Score: 65
[FailSafe] ✅ All systems OK
[FailSafe] ✅ All systems OK
[FailSafe] ✅ All systems OK
[FailSafe] ✅ All systems OK
[FailSafe] ✅ All systems OK
[FailSafe] ✅ All systems OK
[FailSafe] ✅ All systems OK
[FailSafe] ✅ All systems OK
[FailSafe] ✅ All systems OK
[FailSafe] ✅ All systems OK
[FailSafe] ✅ All systems OK
[FailSafe] ✅ All systems OK
[CrossAsset] NEUTRAL | Score: 65
[FailSafe] ✅ All systems OK
[FailSafe] ✅ All systems OK
[FailSafe] ✅ All systems OK
[FailSafe] ✅ All systems OK
[FailSafe] ✅ All systems OK
[FailSafe] ✅ All systems OK
[FailSafe] ✅ All systems OK
[FailSafe] ✅ All systems OK
[FailSafe] ✅ All systems OK
[FailSafe] ✅ All systems OK
[FailSafe] ✅ All systems OK
[FailSafe] ✅ All systems OK
[Liquidity] TIGHTENING | Score: 40
[CrossAsset] NEUTRAL | Score: 65
[FailSafe] ✅ All systems OK
[FailSafe] ✅ All systems OK
[FailSafe] ✅ All systems OK
[FailSafe] ✅ All systems OK
[FailSafe] ✅ All systems OK
[FailSafe] ✅ All systems OK
[FailSafe] ✅ All systems OK
[FailSafe] ✅ All systems OK
[FailSafe] ✅ All systems OK
[FailSafe] ✅ All systems OK
[FailSafe] ✅ All systems OK
[Psychology] EUPHORIC | Fear=15 | VIX=17.9
[FailSafe] ✅ All systems OK
[CrossAsset] NEUTRAL | Score: 65
[FailSafe] ✅ All systems OK
[FailSafe] ✅ All systems OK
[FailSafe] ✅ All systems OK
[FailSafe] ✅ All systems OK
[FailSafe] ✅ All systems OK
[FailSafe] ✅ All systems OK
[FailSafe] ✅ All systems OK
[FailSafe] ✅ All systems OK
[FailSafe] ✅ All systems OK
[FailSafe] ✅ All systems OK
[FailSafe] ✅ All systems OK
[FailSafe] ✅ All systems OK
[Liquidity] TIGHTENING | Score: 40
[CrossAsset] NEUTRAL | Score: 65
[FailSafe] ✅ All systems OK
[FailSafe] ✅ All systems OK
[FailSafe] ✅ All systems OK
[FailSafe] ✅ All systems OK
[FailSafe] ✅ All systems OK
[FailSafe] ✅ All systems OK
[FailSafe] ✅ All systems OK
[FailSafe] ✅ All systems OK
[FailSafe] ✅ All systems OK
[FailSafe] ✅ All systems OK
