nohup: ignoring input
🧪 اختبار Sector Rotation...


[Sectors] حساب أداء القطاعات...
  التكنولوجيا          | 1M: +22.2% | RS: +14.4%
  السيبراني            | 1M: +14.9% | RS: +7.1%
  أشباه الموصلات       | 1M: +30.0% | RS: +22.2%
  الصحة والأدوية       | 1M: -3.3% | RS: -11.1%
  المالية              | 1M: -0.9% | RS: -8.7%
  الاستهلاكي           | 1M: +4.8% | RS: -3.0%
  الطاقة               | 1M: +0.1% | RS: -7.6%
  الصناعي              | 1M: +1.3% | RS: -6.4%
  البرمجيات والسحابة   | 1M: +15.2% | RS: +7.5%

=======================================================
  📊 نتائج Sector Rotation
=======================================================
  #1 أشباه الموصلات       | +30.0% | RS: +22.2% | 🚀 قيادي
  #2 التكنولوجيا          | +22.2% | RS: +14.4% | 🚀 قيادي
  #3 السيبراني            | +14.9% | RS: +7.1% | 🚀 قيادي
  #4 البرمجيات والسحابة   | +15.2% | RS: +7.5% | 🚀 قيادي
  #5 الاستهلاكي           | +4.8% | RS: -3.0% | ❌ ضعيف
  #6 الطاقة               | +0.1% | RS: -7.6% | ❌ ضعيف
  #7 الصناعي              | +1.3% | RS: -6.4% | ❌ ضعيف
  #8 المالية              | -0.9% | RS: -8.7% | ❌ ضعيف
  #9 الصحة والأدوية       | -3.3% | RS: -11.1% | ❌ ضعيف

  أسهم الأولوية (53):
  ['NVDA', 'AVGO', 'AMD', 'TSM', 'ARM', 'ANET', 'MRVL', 'LRCX', 'MSFT', 'AAPL', 'ORCL', 'QCOM']
[Sectors] حالة القطاعات محفوظة ✅
[Sectors] تم إرسال التقرير على Telegram ✅

✅ اكتمل! التقرير وصل على Telegram
