nohup: ignoring input

╔══════════════════════════════════════════════════════════════════╗
║   MINERVINI AI — ADAPTIVE LEARNING ENGINE                        ║
║   PAPER TRADING ONLY — ASYNC — NON-BLOCKING                      ║
╚══════════════════════════════════════════════════════════════════╝
    
[2026-05-13 07:54:53]   Starting in DAEMON mode (async background process)
[2026-05-13 07:54:53]   Trading engines will NOT be affected
[2026-05-13 07:54:53] 
=======================================================
[2026-05-13 07:54:53]   ADAPTIVE LEARNING CYCLE — STARTUP
[2026-05-13 07:54:53] =======================================================
[2026-05-13 07:54:53]   [Learn] Processing replay trades...
[2026-05-13 07:54:53]   [Learn] No replay trades found
[2026-05-13 07:54:53]   [Learn] Processing paper trades...
[2026-05-13 07:54:53]   [Learn] Processed 1 paper trades
[2026-05-13 07:54:53]   [Learn] Analyzing missed opportunities...
[2026-05-13 07:54:53]   Total trades processed: 1
[2026-05-13 07:54:53] 
  Phase 2: Level 1 Auto-Adaptation...

  [Adaptive Scoring] Running Level 1 adaptation cycle...
  ✔ No adaptations needed this cycle
[2026-05-13 07:54:53] 
  Phase 3: Level 2 Suggestions...
[2026-05-13 07:54:53] 
  Phase 4: Generating AI narrative...
[2026-05-13 07:54:59] 
  ✔ Learning cycle complete
[2026-05-13 07:54:59]     Adaptations: 0
[2026-05-13 07:54:59]     Suggestions: 0
[2026-05-13 07:54:59]   [Scheduler] Starting adaptive learning scheduler...
[2026-05-13 07:54:59]   ✔ Adaptive Learning Engine running in background
[2026-05-13 07:54:59]   [Scheduler] Schedule:
[2026-05-13 07:54:59]     • Every 30 min  → learning cycle
[2026-05-13 07:54:59]     • 16:45 ET      → deep post-market analysis
[2026-05-13 07:54:59]     • Every 60 min  → level 2 suggestions
[2026-05-13 08:25:01] 
=======================================================
[2026-05-13 08:25:01]   ADAPTIVE LEARNING CYCLE — SCHEDULED_30MIN
[2026-05-13 08:25:01] =======================================================
[2026-05-13 08:25:01]   [Learn] Processing replay trades...
[2026-05-13 08:25:01]   [Learn] No replay trades found
[2026-05-13 08:25:01]   [Learn] Processing paper trades...
[2026-05-13 08:25:01]   [Learn] Processed 1 paper trades
[2026-05-13 08:25:01]   [Learn] Analyzing missed opportunities...
[2026-05-13 08:25:01]   Total trades processed: 1
[2026-05-13 08:25:01] 
  Phase 2: Level 1 Auto-Adaptation...

  [Adaptive Scoring] Running Level 1 adaptation cycle...
  ✔ No adaptations needed this cycle
[2026-05-13 08:25:01] 
  Phase 3: Level 2 Suggestions...
[2026-05-13 08:25:01] 
  Phase 4: Generating AI narrative...
[2026-05-13 08:25:08] 
  ✔ Learning cycle complete
[2026-05-13 08:25:08]     Adaptations: 0
[2026-05-13 08:25:08]     Suggestions: 0
[2026-05-13 08:55:10] 
=======================================================
[2026-05-13 08:55:10]   ADAPTIVE LEARNING CYCLE — SCHEDULED_30MIN
[2026-05-13 08:55:10] =======================================================
[2026-05-13 08:55:10]   [Learn] Processing replay trades...
[2026-05-13 08:55:10]   [Learn] No replay trades found
[2026-05-13 08:55:10]   [Learn] Processing paper trades...
[2026-05-13 08:55:10]   [Learn] Processed 1 paper trades
[2026-05-13 08:55:10]   [Learn] Analyzing missed opportunities...
[2026-05-13 08:55:10]   Total trades processed: 1
[2026-05-13 08:55:10] 
  Phase 2: Level 1 Auto-Adaptation...

  [Adaptive Scoring] Running Level 1 adaptation cycle...
  ✔ No adaptations needed this cycle
[2026-05-13 08:55:10] 
  Phase 3: Level 2 Suggestions...
[2026-05-13 08:55:10] 
  Phase 4: Generating AI narrative...
[2026-05-13 08:55:16] 
  ✔ Learning cycle complete
[2026-05-13 08:55:16]     Adaptations: 0
[2026-05-13 08:55:16]     Suggestions: 0
[2026-05-13 09:25:18] 
=======================================================
[2026-05-13 09:25:18]   ADAPTIVE LEARNING CYCLE — SCHEDULED_30MIN
[2026-05-13 09:25:18] =======================================================
[2026-05-13 09:25:18]   [Learn] Processing replay trades...
[2026-05-13 09:25:18]   [Learn] No replay trades found
[2026-05-13 09:25:18]   [Learn] Processing paper trades...
[2026-05-13 09:25:18]   [Learn] Processed 1 paper trades
[2026-05-13 09:25:18]   [Learn] Analyzing missed opportunities...
[2026-05-13 09:25:18]   Total trades processed: 1
[2026-05-13 09:25:18] 
  Phase 2: Level 1 Auto-Adaptation...

  [Adaptive Scoring] Running Level 1 adaptation cycle...
  ✔ 1 Level 1 adaptations applied
    • ORB_BREAKDOWN: 0.980 → 0.960 (Weak performance WR=0.0% Exp=-0.53%)
[2026-05-13 09:25:18] 
  Phase 3: Level 2 Suggestions...
[2026-05-13 09:25:18] 
  Phase 4: Generating AI narrative...
[2026-05-13 09:25:27] 
  ✔ Learning cycle complete
[2026-05-13 09:25:27]     Adaptations: 1
[2026-05-13 09:25:27]     Suggestions: 0
[2026-05-13 09:55:29] 
=======================================================
[2026-05-13 09:55:29]   ADAPTIVE LEARNING CYCLE — SCHEDULED_30MIN
[2026-05-13 09:55:29] =======================================================
[2026-05-13 09:55:29]   [Learn] Processing replay trades...
[2026-05-13 09:55:29]   [Learn] No replay trades found
[2026-05-13 09:55:29]   [Learn] Processing paper trades...
[2026-05-13 09:55:29]   [Learn] Processed 1 paper trades
[2026-05-13 09:55:29]   [Learn] Analyzing missed opportunities...
[2026-05-13 09:55:29]   Total trades processed: 1
[2026-05-13 09:55:29] 
  Phase 2: Level 1 Auto-Adaptation...

  [Adaptive Scoring] Running Level 1 adaptation cycle...
  ✔ 1 Level 1 adaptations applied
    • Regime UNKNOWN: 0.970 → 0.960
[2026-05-13 09:55:29] 
  Phase 3: Level 2 Suggestions...
[2026-05-13 09:55:29] 
  Phase 4: Generating AI narrative...
[2026-05-13 09:55:39] 
  ✔ Learning cycle complete
[2026-05-13 09:55:39]     Adaptations: 1
[2026-05-13 09:55:39]     Suggestions: 0
[2026-05-13 10:25:41] 
=======================================================
[2026-05-13 10:25:41]   ADAPTIVE LEARNING CYCLE — SCHEDULED_30MIN
[2026-05-13 10:25:41] =======================================================
[2026-05-13 10:25:41]   [Learn] Processing replay trades...
[2026-05-13 10:25:41]   [Learn] No replay trades found
[2026-05-13 10:25:41]   [Learn] Processing paper trades...
[2026-05-13 10:25:41]   [Learn] Processed 1 paper trades
[2026-05-13 10:25:41]   [Learn] Analyzing missed opportunities...
[2026-05-13 10:25:41]   Total trades processed: 1
[2026-05-13 10:25:41] 
  Phase 2: Level 1 Auto-Adaptation...

  [Adaptive Scoring] Running Level 1 adaptation cycle...
  ✔ 7 Level 1 adaptations applied
    • VOLUME_SPIKE: 0.980 → 0.960 (Weak performance WR=35.8% Exp=-0.01%)
    • VWAP_CROSS_UP: 0.980 → 0.960 (Weak performance WR=38.3% Exp=+0.00%)
    • MOMENTUM_BURST_UP: 0.980 → 0.960 (Weak performance WR=38.9% Exp=+0.43%)
    • ORB_BREAKDOWN: 0.880 → 0.860 (Weak performance WR=39.1% Exp=+0.00%)
    • VWAP_CROSS_DOWN: 0.980 → 0.960 (Weak performance WR=38.3% Exp=+0.01%)
    • MOMENTUM_BURST_DOWN: 0.960 → 0.940 (Weak performance WR=18.2% Exp=-0.29%)
    • Regime UNKNOWN: 0.930 → 0.920
[2026-05-13 10:25:41] 
  Phase 3: Level 2 Suggestions...
[2026-05-13 10:25:41] 
  Phase 4: Generating AI narrative...
[2026-05-13 10:25:49] 
  ✔ Learning cycle complete
[2026-05-13 10:25:49]     Adaptations: 7
[2026-05-13 10:25:49]     Suggestions: 0
[2026-05-13 10:55:51] 
=======================================================
[2026-05-13 10:55:51]   ADAPTIVE LEARNING CYCLE — SCHEDULED_30MIN
[2026-05-13 10:55:51] =======================================================
[2026-05-13 10:55:51]   [Learn] Processing replay trades...
[2026-05-13 10:55:51]   [Learn] No replay trades found
[2026-05-13 10:55:51]   [Learn] Processing paper trades...
[2026-05-13 10:55:51]   [Learn] Processed 1 paper trades
[2026-05-13 10:55:51]   [Learn] Analyzing missed opportunities...

╔══════════════════════════════════════════════════════════════════╗
║   MINERVINI AI — ADAPTIVE LEARNING ENGINE                        ║
║   PAPER TRADING ONLY — ASYNC — NON-BLOCKING                      ║
╚══════════════════════════════════════════════════════════════════╝
    
[2026-05-13 13:45:39]   Starting in DAEMON mode (async background process)
[2026-05-13 13:45:39]   Trading engines will NOT be affected
[2026-05-13 13:45:39] 
=======================================================
[2026-05-13 13:45:39]   ADAPTIVE LEARNING CYCLE — STARTUP
[2026-05-13 13:45:39] =======================================================
[2026-05-13 13:45:39]   [Learn] Processing replay trades...
[2026-05-13 13:45:39]   [Learn] No replay trades found
[2026-05-13 13:45:39]   [Learn] Processing paper trades...
[2026-05-13 13:45:39]   [Learn] Processed 1 paper trades
[2026-05-13 13:45:39]   [Learn] Analyzing missed opportunities...
[2026-05-13 13:45:39]   Total trades processed: 1
[2026-05-13 13:45:39] 
  Phase 2: Level 1 Auto-Adaptation...

  [Adaptive Scoring] Running Level 1 adaptation cycle...
  ✔ 7 Level 1 adaptations applied
    • VOLUME_SPIKE: 0.940 → 0.920 (Weak performance WR=35.8% Exp=-0.01%)
    • VWAP_CROSS_UP: 0.940 → 0.920 (Weak performance WR=38.3% Exp=+0.00%)
    • MOMENTUM_BURST_UP: 0.940 → 0.920 (Weak performance WR=38.9% Exp=+0.43%)
    • ORB_BREAKDOWN: 0.840 → 0.820 (Weak performance WR=39.1% Exp=+0.00%)
    • VWAP_CROSS_DOWN: 0.940 → 0.920 (Weak performance WR=38.3% Exp=+0.01%)
    • MOMENTUM_BURST_DOWN: 0.920 → 0.900 (Weak performance WR=18.2% Exp=-0.29%)
    • Regime UNKNOWN: 0.910 → 0.900
[2026-05-13 13:45:41] 
  Phase 3: Level 2 Suggestions...
[2026-05-13 13:45:41] 
  Phase 4: Generating AI narrative...
[2026-05-13 13:45:46] 
  ✔ Learning cycle complete
[2026-05-13 13:45:46]     Adaptations: 7
[2026-05-13 13:45:46]     Suggestions: 0
[2026-05-13 13:45:46]   [Scheduler] Starting adaptive learning scheduler...
[2026-05-13 13:45:46]   [Scheduler] Schedule:
[2026-05-13 13:45:46]     • Every 30 min  → learning cycle
[2026-05-13 13:45:46]     • 16:45 ET      → deep post-market analysis
[2026-05-13 13:45:46]     • Every 60 min  → level 2 suggestions
[2026-05-13 13:45:46]   ✔ Adaptive Learning Engine running in background
[2026-05-13 14:15:48] 
=======================================================
[2026-05-13 14:15:48]   ADAPTIVE LEARNING CYCLE — SCHEDULED_30MIN
[2026-05-13 14:15:48] =======================================================
[2026-05-13 14:15:48]   [Learn] Processing replay trades...
[2026-05-13 14:15:48]   [Learn] No replay trades found
[2026-05-13 14:15:48]   [Learn] Processing paper trades...
[2026-05-13 14:15:48]   [Learn] Processed 1 paper trades
[2026-05-13 14:15:48]   [Learn] Analyzing missed opportunities...
[2026-05-13 14:15:48]   Total trades processed: 1
[2026-05-13 14:15:48] 
  Phase 2: Level 1 Auto-Adaptation...

  [Adaptive Scoring] Running Level 1 adaptation cycle...
  ✔ 6 Level 1 adaptations applied
    • VOLUME_SPIKE: 0.900 → 0.880 (Weak performance WR=35.8% Exp=-0.01%)
    • VWAP_CROSS_UP: 0.900 → 0.880 (Weak performance WR=38.3% Exp=+0.00%)
    • MOMENTUM_BURST_UP: 0.900 → 0.880 (Weak performance WR=38.9% Exp=+0.43%)
    • VWAP_CROSS_DOWN: 0.900 → 0.880 (Weak performance WR=38.3% Exp=+0.01%)
    • MOMENTUM_BURST_DOWN: 0.880 → 0.860 (Weak performance WR=18.2% Exp=-0.29%)
    • Regime UNKNOWN: 0.890 → 0.880
[2026-05-13 14:15:48] 
  Phase 3: Level 2 Suggestions...
[2026-05-13 14:15:48] 
  Phase 4: Generating AI narrative...
[2026-05-13 14:15:49] 
  ✔ Learning cycle complete
[2026-05-13 14:15:49]     Adaptations: 6
[2026-05-13 14:15:49]     Suggestions: 0
[2026-05-13 14:45:50] 
=======================================================
[2026-05-13 14:45:50]   ADAPTIVE LEARNING CYCLE — SCHEDULED_30MIN
[2026-05-13 14:45:50] =======================================================
[2026-05-13 14:45:50]   [Learn] Processing replay trades...
[2026-05-13 14:45:50]   [Learn] No replay trades found
[2026-05-13 14:45:50]   [Learn] Processing paper trades...
[2026-05-13 14:45:50]   [Learn] Processed 1 paper trades
[2026-05-13 14:45:50]   [Learn] Analyzing missed opportunities...
[2026-05-13 14:45:50]   Total trades processed: 1
[2026-05-13 14:45:50] 
  Phase 2: Level 1 Auto-Adaptation...

  [Adaptive Scoring] Running Level 1 adaptation cycle...
  ✔ 6 Level 1 adaptations applied
    • VOLUME_SPIKE: 0.880 → 0.860 (Weak performance WR=35.8% Exp=-0.01%)
    • VWAP_CROSS_UP: 0.880 → 0.860 (Weak performance WR=38.3% Exp=+0.00%)
    • MOMENTUM_BURST_UP: 0.880 → 0.860 (Weak performance WR=38.9% Exp=+0.43%)
    • VWAP_CROSS_DOWN: 0.880 → 0.860 (Weak performance WR=38.3% Exp=+0.01%)
    • MOMENTUM_BURST_DOWN: 0.860 → 0.840 (Weak performance WR=18.2% Exp=-0.29%)
    • Regime UNKNOWN: 0.880 → 0.870
[2026-05-13 14:45:50] 
  Phase 3: Level 2 Suggestions...
[2026-05-13 14:45:50] 
  Phase 4: Generating AI narrative...
[2026-05-13 14:45:51] 
  ✔ Learning cycle complete
[2026-05-13 14:45:51]     Adaptations: 6
[2026-05-13 14:45:51]     Suggestions: 0
[2026-05-13 15:15:53] 
=======================================================
[2026-05-13 15:15:53]   ADAPTIVE LEARNING CYCLE — SCHEDULED_30MIN
[2026-05-13 15:15:53] =======================================================
[2026-05-13 15:15:53]   [Learn] Processing replay trades...
[2026-05-13 15:15:53]   [Learn] No replay trades found
[2026-05-13 15:15:53]   [Learn] Processing paper trades...
[2026-05-13 15:15:53]   [Learn] Processed 1 paper trades
[2026-05-13 15:15:53]   [Learn] Analyzing missed opportunities...
[2026-05-13 15:15:53]   Total trades processed: 1
[2026-05-13 15:15:53] 
  Phase 2: Level 1 Auto-Adaptation...

  [Adaptive Scoring] Running Level 1 adaptation cycle...
  ✔ 6 Level 1 adaptations applied
    • VOLUME_SPIKE: 0.860 → 0.840 (Weak performance WR=35.8% Exp=-0.01%)
    • VWAP_CROSS_UP: 0.860 → 0.840 (Weak performance WR=38.3% Exp=+0.00%)
    • MOMENTUM_BURST_UP: 0.860 → 0.840 (Weak performance WR=38.9% Exp=+0.43%)
    • VWAP_CROSS_DOWN: 0.860 → 0.840 (Weak performance WR=38.3% Exp=+0.01%)
    • MOMENTUM_BURST_DOWN: 0.840 → 0.820 (Weak performance WR=18.2% Exp=-0.29%)
    • Regime UNKNOWN: 0.870 → 0.860
[2026-05-13 15:15:53] 
  Phase 3: Level 2 Suggestions...
[2026-05-13 15:15:53] 
  Phase 4: Generating AI narrative...
[2026-05-13 15:15:54] 
  ✔ Learning cycle complete
[2026-05-13 15:15:54]     Adaptations: 6
[2026-05-13 15:15:54]     Suggestions: 0
[2026-05-13 15:45:55] 
=======================================================
[2026-05-13 15:45:55]   ADAPTIVE LEARNING CYCLE — SCHEDULED_30MIN
[2026-05-13 15:45:55] =======================================================
[2026-05-13 15:45:55]   [Learn] Processing replay trades...
[2026-05-13 15:45:55]   [Learn] No replay trades found
[2026-05-13 15:45:55]   [Learn] Processing paper trades...
[2026-05-13 15:45:55]   [Learn] Processed 1 paper trades
[2026-05-13 15:45:55]   [Learn] Analyzing missed opportunities...
[2026-05-13 15:45:55]   Total trades processed: 1
[2026-05-13 15:45:55] 
  Phase 2: Level 1 Auto-Adaptation...

  [Adaptive Scoring] Running Level 1 adaptation cycle...
  ✔ 6 Level 1 adaptations applied
    • VOLUME_SPIKE: 0.840 → 0.820 (Weak performance WR=35.8% Exp=-0.01%)
    • VWAP_CROSS_UP: 0.840 → 0.820 (Weak performance WR=38.3% Exp=+0.00%)
    • MOMENTUM_BURST_UP: 0.840 → 0.820 (Weak performance WR=38.9% Exp=+0.43%)
    • VWAP_CROSS_DOWN: 0.840 → 0.820 (Weak performance WR=38.3% Exp=+0.01%)
    • MOMENTUM_BURST_DOWN: 0.820 → 0.800 (Weak performance WR=18.2% Exp=-0.29%)
    • Regime UNKNOWN: 0.860 → 0.850
[2026-05-13 15:45:55] 
  Phase 3: Level 2 Suggestions...
[2026-05-13 15:45:55] 
  Phase 4: Generating AI narrative...
[2026-05-13 15:45:56] 
  ✔ Learning cycle complete
[2026-05-13 15:45:56]     Adaptations: 6
[2026-05-13 15:45:56]     Suggestions: 0
[2026-05-13 16:15:58] 
=======================================================
[2026-05-13 16:15:58]   ADAPTIVE LEARNING CYCLE — SCHEDULED_30MIN
[2026-05-13 16:15:58] =======================================================
[2026-05-13 16:15:58]   [Learn] Processing replay trades...
[2026-05-13 16:15:58]   [Learn] No replay trades found
[2026-05-13 16:15:58]   [Learn] Processing paper trades...
[2026-05-13 16:15:58]   [Learn] Processed 1 paper trades
[2026-05-13 16:15:58]   [Learn] Analyzing missed opportunities...
[2026-05-13 16:15:58]   Total trades processed: 1
[2026-05-13 16:15:58] 
  Phase 2: Level 1 Auto-Adaptation...

  [Adaptive Scoring] Running Level 1 adaptation cycle...
  ✔ 4 Level 1 adaptations applied
    • VOLUME_SPIKE: 0.820 → 0.800 (Weak performance WR=35.8% Exp=-0.01%)
    • VWAP_CROSS_UP: 0.820 → 0.800 (Weak performance WR=38.3% Exp=+0.00%)
    • MOMENTUM_BURST_UP: 0.820 → 0.800 (Weak performance WR=38.9% Exp=+0.43%)
    • VWAP_CROSS_DOWN: 0.820 → 0.800 (Weak performance WR=38.3% Exp=+0.01%)
[2026-05-13 16:15:58] 
  Phase 3: Level 2 Suggestions...
[2026-05-13 16:15:58] 
  Phase 4: Generating AI narrative...
[2026-05-13 16:15:59] 
  ✔ Learning cycle complete
[2026-05-13 16:15:59]     Adaptations: 4
[2026-05-13 16:15:59]     Suggestions: 0
[2026-05-13 16:45:00] 
  [Deep Analysis] Running post-market deep analysis...
[2026-05-13 16:45:00] 
=======================================================
[2026-05-13 16:45:00]   ADAPTIVE LEARNING CYCLE — POST_MARKET_DEEP
[2026-05-13 16:45:00] =======================================================
[2026-05-13 16:45:00]   [Learn] Processing replay trades...
[2026-05-13 16:45:00]   [Learn] No replay trades found
[2026-05-13 16:45:00]   [Learn] Processing paper trades...
[2026-05-13 16:45:00]   [Learn] Processed 1 paper trades
[2026-05-13 16:45:00]   [Learn] Analyzing missed opportunities...
[2026-05-13 16:45:00]   Total trades processed: 1
[2026-05-13 16:45:00] 
  Phase 2: Level 1 Auto-Adaptation...

  [Adaptive Scoring] Running Level 1 adaptation cycle...
  ✔ No adaptations needed this cycle
[2026-05-13 16:45:00] 
  Phase 3: Level 2 Suggestions...
[2026-05-13 16:45:00] 
  Phase 4: Generating AI narrative...
[2026-05-13 16:45:01] 
  ✔ Learning cycle complete
[2026-05-13 16:45:01]     Adaptations: 0
[2026-05-13 16:45:01]     Suggestions: 0
[2026-05-13 16:45:01]   Deep analysis complete — 9 setups tracked
[2026-05-13 16:46:01] 
=======================================================
[2026-05-13 16:46:01]   ADAPTIVE LEARNING CYCLE — SCHEDULED_30MIN
[2026-05-13 16:46:01] =======================================================
[2026-05-13 16:46:01]   [Learn] Processing replay trades...
[2026-05-13 16:46:01]   [Learn] No replay trades found
[2026-05-13 16:46:01]   [Learn] Processing paper trades...
[2026-05-13 16:46:01]   [Learn] Processed 1 paper trades
[2026-05-13 16:46:01]   [Learn] Analyzing missed opportunities...
[2026-05-13 16:46:01]   Total trades processed: 1
[2026-05-13 16:46:01] 
  Phase 2: Level 1 Auto-Adaptation...

  [Adaptive Scoring] Running Level 1 adaptation cycle...
  ✔ No adaptations needed this cycle
[2026-05-13 16:46:01] 
  Phase 3: Level 2 Suggestions...
[2026-05-13 16:46:01] 
  Phase 4: Generating AI narrative...
[2026-05-13 16:46:02] 
  ✔ Learning cycle complete
[2026-05-13 16:46:02]     Adaptations: 0
[2026-05-13 16:46:02]     Suggestions: 0
[2026-05-13 17:16:03] 
=======================================================
[2026-05-13 17:16:03]   ADAPTIVE LEARNING CYCLE — SCHEDULED_30MIN
[2026-05-13 17:16:03] =======================================================
[2026-05-13 17:16:03]   [Learn] Processing replay trades...
[2026-05-13 17:16:03]   [Learn] No replay trades found
[2026-05-13 17:16:03]   [Learn] Processing paper trades...
[2026-05-13 17:16:03]   [Learn] Processed 1 paper trades
[2026-05-13 17:16:03]   [Learn] Analyzing missed opportunities...
[2026-05-13 17:16:03]   Total trades processed: 1
[2026-05-13 17:16:03] 
  Phase 2: Level 1 Auto-Adaptation...

  [Adaptive Scoring] Running Level 1 adaptation cycle...
  ✔ No adaptations needed this cycle
[2026-05-13 17:16:03] 
  Phase 3: Level 2 Suggestions...
[2026-05-13 17:16:03] 
  Phase 4: Generating AI narrative...
[2026-05-13 17:16:04] 
  ✔ Learning cycle complete
[2026-05-13 17:16:04]     Adaptations: 0
[2026-05-13 17:16:04]     Suggestions: 0
[2026-05-13 17:46:05] 
=======================================================
[2026-05-13 17:46:05]   ADAPTIVE LEARNING CYCLE — SCHEDULED_30MIN
[2026-05-13 17:46:05] =======================================================
[2026-05-13 17:46:05]   [Learn] Processing replay trades...
[2026-05-13 17:46:05]   [Learn] No replay trades found
[2026-05-13 17:46:05]   [Learn] Processing paper trades...
[2026-05-13 17:46:05]   [Learn] Processed 1 paper trades
[2026-05-13 17:46:05]   [Learn] Analyzing missed opportunities...
[2026-05-13 17:46:05]   Total trades processed: 1
[2026-05-13 17:46:05] 
  Phase 2: Level 1 Auto-Adaptation...

  [Adaptive Scoring] Running Level 1 adaptation cycle...
  ✔ No adaptations needed this cycle
[2026-05-13 17:46:05] 
  Phase 3: Level 2 Suggestions...
[2026-05-13 17:46:05] 
  Phase 4: Generating AI narrative...
[2026-05-13 17:46:06] 
  ✔ Learning cycle complete
[2026-05-13 17:46:06]     Adaptations: 0
[2026-05-13 17:46:06]     Suggestions: 0
[2026-05-13 18:16:07] 
=======================================================
[2026-05-13 18:16:07]   ADAPTIVE LEARNING CYCLE — SCHEDULED_30MIN
[2026-05-13 18:16:07] =======================================================
[2026-05-13 18:16:07]   [Learn] Processing replay trades...
[2026-05-13 18:16:07]   [Learn] No replay trades found
[2026-05-13 18:16:07]   [Learn] Processing paper trades...
[2026-05-13 18:16:07]   [Learn] Processed 1 paper trades
[2026-05-13 18:16:07]   [Learn] Analyzing missed opportunities...
[2026-05-13 18:16:07]   Total trades processed: 1
[2026-05-13 18:16:07] 
  Phase 2: Level 1 Auto-Adaptation...

  [Adaptive Scoring] Running Level 1 adaptation cycle...
  ✔ No adaptations needed this cycle
[2026-05-13 18:16:07] 
  Phase 3: Level 2 Suggestions...
[2026-05-13 18:16:07] 
  Phase 4: Generating AI narrative...
[2026-05-13 18:16:08] 
  ✔ Learning cycle complete
[2026-05-13 18:16:08]     Adaptations: 0
[2026-05-13 18:16:08]     Suggestions: 0
[2026-05-13 18:46:09] 
=======================================================
[2026-05-13 18:46:09]   ADAPTIVE LEARNING CYCLE — SCHEDULED_30MIN
[2026-05-13 18:46:09] =======================================================
[2026-05-13 18:46:09]   [Learn] Processing replay trades...
[2026-05-13 18:46:09]   [Learn] No replay trades found
[2026-05-13 18:46:09]   [Learn] Processing paper trades...
[2026-05-13 18:46:09]   [Learn] Processed 1 paper trades
[2026-05-13 18:46:09]   [Learn] Analyzing missed opportunities...
[2026-05-13 18:46:09]   Total trades processed: 1
[2026-05-13 18:46:09] 
  Phase 2: Level 1 Auto-Adaptation...

  [Adaptive Scoring] Running Level 1 adaptation cycle...
  ✔ No adaptations needed this cycle
[2026-05-13 18:46:09] 
  Phase 3: Level 2 Suggestions...
[2026-05-13 18:46:09] 
  Phase 4: Generating AI narrative...
[2026-05-13 18:46:10] 
  ✔ Learning cycle complete
[2026-05-13 18:46:10]     Adaptations: 0
[2026-05-13 18:46:10]     Suggestions: 0
[2026-05-13 19:16:11] 
=======================================================
[2026-05-13 19:16:11]   ADAPTIVE LEARNING CYCLE — SCHEDULED_30MIN
[2026-05-13 19:16:11] =======================================================
[2026-05-13 19:16:11]   [Learn] Processing replay trades...
[2026-05-13 19:16:11]   [Learn] No replay trades found
[2026-05-13 19:16:11]   [Learn] Processing paper trades...
[2026-05-13 19:16:11]   [Learn] Processed 1 paper trades
[2026-05-13 19:16:11]   [Learn] Analyzing missed opportunities...
[2026-05-13 19:16:11]   Total trades processed: 1
[2026-05-13 19:16:11] 
  Phase 2: Level 1 Auto-Adaptation...

  [Adaptive Scoring] Running Level 1 adaptation cycle...
  ✔ No adaptations needed this cycle
[2026-05-13 19:16:11] 
  Phase 3: Level 2 Suggestions...
[2026-05-13 19:16:11] 
  Phase 4: Generating AI narrative...
[2026-05-13 19:16:11] 
  ✔ Learning cycle complete
[2026-05-13 19:16:11]     Adaptations: 0
[2026-05-13 19:16:11]     Suggestions: 0
[2026-05-13 19:46:12] 
=======================================================
[2026-05-13 19:46:12]   ADAPTIVE LEARNING CYCLE — SCHEDULED_30MIN
[2026-05-13 19:46:12] =======================================================
[2026-05-13 19:46:12]   [Learn] Processing replay trades...
[2026-05-13 19:46:12]   [Learn] No replay trades found
[2026-05-13 19:46:12]   [Learn] Processing paper trades...
[2026-05-13 19:46:12]   [Learn] Processed 1 paper trades
[2026-05-13 19:46:12]   [Learn] Analyzing missed opportunities...
[2026-05-13 19:46:12]   Total trades processed: 1
[2026-05-13 19:46:12] 
  Phase 2: Level 1 Auto-Adaptation...

  [Adaptive Scoring] Running Level 1 adaptation cycle...
  ✔ No adaptations needed this cycle
[2026-05-13 19:46:12] 
  Phase 3: Level 2 Suggestions...
[2026-05-13 19:46:12] 
  Phase 4: Generating AI narrative...
[2026-05-13 19:46:13] 
  ✔ Learning cycle complete
[2026-05-13 19:46:13]     Adaptations: 0
[2026-05-13 19:46:13]     Suggestions: 0
[2026-05-13 20:16:14] 
=======================================================
[2026-05-13 20:16:14]   ADAPTIVE LEARNING CYCLE — SCHEDULED_30MIN
[2026-05-13 20:16:14] =======================================================
[2026-05-13 20:16:14]   [Learn] Processing replay trades...
[2026-05-13 20:16:14]   [Learn] No replay trades found
[2026-05-13 20:16:14]   [Learn] Processing paper trades...
[2026-05-13 20:16:14]   [Learn] Processed 1 paper trades
[2026-05-13 20:16:14]   [Learn] Analyzing missed opportunities...
[2026-05-13 20:16:14]   Total trades processed: 1
[2026-05-13 20:16:14] 
  Phase 2: Level 1 Auto-Adaptation...

  [Adaptive Scoring] Running Level 1 adaptation cycle...
  ✔ No adaptations needed this cycle
[2026-05-13 20:16:14] 
  Phase 3: Level 2 Suggestions...
[2026-05-13 20:16:14] 
  Phase 4: Generating AI narrative...
[2026-05-13 20:16:15] 
  ✔ Learning cycle complete
[2026-05-13 20:16:15]     Adaptations: 0
[2026-05-13 20:16:15]     Suggestions: 0
[2026-05-13 20:46:16] 
=======================================================
[2026-05-13 20:46:16]   ADAPTIVE LEARNING CYCLE — SCHEDULED_30MIN
[2026-05-13 20:46:16] =======================================================
[2026-05-13 20:46:16]   [Learn] Processing replay trades...
[2026-05-13 20:46:16]   [Learn] No replay trades found
[2026-05-13 20:46:16]   [Learn] Processing paper trades...
[2026-05-13 20:46:16]   [Learn] Processed 1 paper trades
[2026-05-13 20:46:16]   [Learn] Analyzing missed opportunities...
[2026-05-13 20:46:16]   Total trades processed: 1
[2026-05-13 20:46:16] 
  Phase 2: Level 1 Auto-Adaptation...

  [Adaptive Scoring] Running Level 1 adaptation cycle...
  ✔ No adaptations needed this cycle
[2026-05-13 20:46:16] 
  Phase 3: Level 2 Suggestions...
[2026-05-13 20:46:16] 
  Phase 4: Generating AI narrative...
[2026-05-13 20:46:17] 
  ✔ Learning cycle complete
[2026-05-13 20:46:17]     Adaptations: 0
[2026-05-13 20:46:17]     Suggestions: 0
[2026-05-13 21:16:18] 
=======================================================
[2026-05-13 21:16:18]   ADAPTIVE LEARNING CYCLE — SCHEDULED_30MIN
[2026-05-13 21:16:18] =======================================================
[2026-05-13 21:16:18]   [Learn] Processing replay trades...
[2026-05-13 21:16:18]   [Learn] No replay trades found
[2026-05-13 21:16:18]   [Learn] Processing paper trades...
[2026-05-13 21:16:18]   [Learn] Processed 1 paper trades
[2026-05-13 21:16:18]   [Learn] Analyzing missed opportunities...
[2026-05-13 21:16:18]   Total trades processed: 1
[2026-05-13 21:16:18] 
  Phase 2: Level 1 Auto-Adaptation...

  [Adaptive Scoring] Running Level 1 adaptation cycle...
  ✔ No adaptations needed this cycle
[2026-05-13 21:16:18] 
  Phase 3: Level 2 Suggestions...
[2026-05-13 21:16:18] 
  Phase 4: Generating AI narrative...
[2026-05-13 21:16:18] 
  ✔ Learning cycle complete
[2026-05-13 21:16:18]     Adaptations: 0
[2026-05-13 21:16:18]     Suggestions: 0
[2026-05-13 21:46:20] 
=======================================================
[2026-05-13 21:46:20]   ADAPTIVE LEARNING CYCLE — SCHEDULED_30MIN
[2026-05-13 21:46:20] =======================================================
[2026-05-13 21:46:20]   [Learn] Processing replay trades...
[2026-05-13 21:46:20]   [Learn] No replay trades found
[2026-05-13 21:46:20]   [Learn] Processing paper trades...
[2026-05-13 21:46:20]   [Learn] Processed 1 paper trades
[2026-05-13 21:46:20]   [Learn] Analyzing missed opportunities...
[2026-05-13 21:46:20]   Total trades processed: 1
[2026-05-13 21:46:20] 
  Phase 2: Level 1 Auto-Adaptation...

  [Adaptive Scoring] Running Level 1 adaptation cycle...
  ✔ No adaptations needed this cycle
[2026-05-13 21:46:20] 
  Phase 3: Level 2 Suggestions...
[2026-05-13 21:46:20] 
  Phase 4: Generating AI narrative...
[2026-05-13 21:46:21] 
  ✔ Learning cycle complete
[2026-05-13 21:46:21]     Adaptations: 0
[2026-05-13 21:46:21]     Suggestions: 0
[2026-05-13 22:16:22] 
=======================================================
[2026-05-13 22:16:22]   ADAPTIVE LEARNING CYCLE — SCHEDULED_30MIN
[2026-05-13 22:16:22] =======================================================
[2026-05-13 22:16:22]   [Learn] Processing replay trades...
[2026-05-13 22:16:22]   [Learn] No replay trades found
[2026-05-13 22:16:22]   [Learn] Processing paper trades...
[2026-05-13 22:16:22]   [Learn] Processed 1 paper trades
[2026-05-13 22:16:22]   [Learn] Analyzing missed opportunities...
[2026-05-13 22:16:22]   Total trades processed: 1
[2026-05-13 22:16:22] 
  Phase 2: Level 1 Auto-Adaptation...

  [Adaptive Scoring] Running Level 1 adaptation cycle...
  ✔ No adaptations needed this cycle
[2026-05-13 22:16:22] 
  Phase 3: Level 2 Suggestions...
[2026-05-13 22:16:22] 
  Phase 4: Generating AI narrative...
[2026-05-13 22:16:23] 
  ✔ Learning cycle complete
[2026-05-13 22:16:23]     Adaptations: 0
[2026-05-13 22:16:23]     Suggestions: 0
[2026-05-13 22:46:24] 
=======================================================
[2026-05-13 22:46:24]   ADAPTIVE LEARNING CYCLE — SCHEDULED_30MIN
[2026-05-13 22:46:24] =======================================================
[2026-05-13 22:46:24]   [Learn] Processing replay trades...
[2026-05-13 22:46:24]   [Learn] No replay trades found
[2026-05-13 22:46:24]   [Learn] Processing paper trades...
[2026-05-13 22:46:24]   [Learn] Processed 1 paper trades
[2026-05-13 22:46:24]   [Learn] Analyzing missed opportunities...
[2026-05-13 22:46:24]   Total trades processed: 1
[2026-05-13 22:46:24] 
  Phase 2: Level 1 Auto-Adaptation...

  [Adaptive Scoring] Running Level 1 adaptation cycle...
  ✔ No adaptations needed this cycle
[2026-05-13 22:46:24] 
  Phase 3: Level 2 Suggestions...
[2026-05-13 22:46:24] 
  Phase 4: Generating AI narrative...
[2026-05-13 22:46:24] 
  ✔ Learning cycle complete
[2026-05-13 22:46:24]     Adaptations: 0
[2026-05-13 22:46:24]     Suggestions: 0
[2026-05-13 23:16:26] 
=======================================================
[2026-05-13 23:16:26]   ADAPTIVE LEARNING CYCLE — SCHEDULED_30MIN
[2026-05-13 23:16:26] =======================================================
[2026-05-13 23:16:26]   [Learn] Processing replay trades...
[2026-05-13 23:16:26]   [Learn] No replay trades found
[2026-05-13 23:16:26]   [Learn] Processing paper trades...
[2026-05-13 23:16:26]   [Learn] Processed 1 paper trades
[2026-05-13 23:16:26]   [Learn] Analyzing missed opportunities...
[2026-05-13 23:16:26]   Total trades processed: 1
[2026-05-13 23:16:26] 
  Phase 2: Level 1 Auto-Adaptation...

  [Adaptive Scoring] Running Level 1 adaptation cycle...
  ✔ No adaptations needed this cycle
[2026-05-13 23:16:26] 
  Phase 3: Level 2 Suggestions...
[2026-05-13 23:16:26] 
  Phase 4: Generating AI narrative...
[2026-05-13 23:16:26] 
  ✔ Learning cycle complete
[2026-05-13 23:16:26]     Adaptations: 0
[2026-05-13 23:16:26]     Suggestions: 0
