nohup: ignoring input
$XLY: possibly delisted; no price data found  (1d 2024-06-19 -> 2024-06-20)

1 Failed download:
['XLY']: possibly delisted; no price data found  (1d 2024-06-19 -> 2024-06-20)
$AMD: possibly delisted; no price data found  (1d 2024-06-19 -> 2024-06-20)

1 Failed download:
['AMD']: possibly delisted; no price data found  (1d 2024-06-19 -> 2024-06-20)
$SNOW: possibly delisted; no price data found  (1d 2024-06-19 -> 2024-06-20)

1 Failed download:
['SNOW']: possibly delisted; no price data found  (1d 2024-06-19 -> 2024-06-20)
$CRM: possibly delisted; no price data found  (1d 2024-06-19 -> 2024-06-20)

1 Failed download:
['CRM']: possibly delisted; no price data found  (1d 2024-06-19 -> 2024-06-20)
$SMCI: possibly delisted; no price data found  (1d 2024-06-19 -> 2024-06-20)

1 Failed download:
['SMCI']: possibly delisted; no price data found  (1d 2024-06-19 -> 2024-06-20)
$AXON: possibly delisted; no price data found  (1d 2024-06-19 -> 2024-06-20)

1 Failed download:
['AXON']: possibly delisted; no price data found  (1d 2024-06-19 -> 2024-06-20)
$AAPL: possibly delisted; no price data found  (1d 2024-06-19 -> 2024-06-20)

1 Failed download:
['AAPL']: possibly delisted; no price data found  (1d 2024-06-19 -> 2024-06-20)
$XLK: possibly delisted; no price data found  (1d 2024-06-19 -> 2024-06-20)

1 Failed download:
['XLK']: possibly delisted; no price data found  (1d 2024-06-19 -> 2024-06-20)
$AMD: possibly delisted; no price data found  (1d 2024-07-04 -> 2024-07-05)

1 Failed download:
['AMD']: possibly delisted; no price data found  (1d 2024-07-04 -> 2024-07-05)
$ORCL: possibly delisted; no price data found  (1d 2024-07-04 -> 2024-07-05)

1 Failed download:
['ORCL']: possibly delisted; no price data found  (1d 2024-07-04 -> 2024-07-05)
$CRM: possibly delisted; no price data found  (1d 2024-07-04 -> 2024-07-05)

1 Failed download:
['CRM']: possibly delisted; no price data found  (1d 2024-07-04 -> 2024-07-05)
$PLTR: possibly delisted; no price data found  (1d 2024-07-04 -> 2024-07-05)

1 Failed download:
['PLTR']: possibly delisted; no price data found  (1d 2024-07-04 -> 2024-07-05)
$CRWD: possibly delisted; no price data found  (1d 2024-07-04 -> 2024-07-05)

1 Failed download:
['CRWD']: possibly delisted; no price data found  (1d 2024-07-04 -> 2024-07-05)
$XLF: possibly delisted; no price data found  (1d 2024-07-04 -> 2024-07-05)

1 Failed download:
['XLF']: possibly delisted; no price data found  (1d 2024-07-04 -> 2024-07-05)
$TSLA: possibly delisted; no price data found  (1d 2024-09-02 -> 2024-09-03)

1 Failed download:
['TSLA']: possibly delisted; no price data found  (1d 2024-09-02 -> 2024-09-03)
$MSFT: possibly delisted; no price data found  (1d 2024-09-02 -> 2024-09-03)

1 Failed download:
['MSFT']: possibly delisted; no price data found  (1d 2024-09-02 -> 2024-09-03)
$CRWD: possibly delisted; no price data found  (1d 2024-09-02 -> 2024-09-03)

1 Failed download:
['CRWD']: possibly delisted; no price data found  (1d 2024-09-02 -> 2024-09-03)
$MSTR: possibly delisted; no price data found  (1d 2024-09-02 -> 2024-09-03)

1 Failed download:
['MSTR']: possibly delisted; no price data found  (1d 2024-09-02 -> 2024-09-03)
$XLU: possibly delisted; no price data found  (1d 2024-09-02 -> 2024-09-03)

1 Failed download:
['XLU']: possibly delisted; no price data found  (1d 2024-09-02 -> 2024-09-03)
$MSTR: possibly delisted; no price data found  (1d 2024-11-28 -> 2024-11-29)

1 Failed download:
['MSTR']: possibly delisted; no price data found  (1d 2024-11-28 -> 2024-11-29)
$MSFT: possibly delisted; no price data found  (1d 2024-12-25 -> 2024-12-26)

1 Failed download:
['MSFT']: possibly delisted; no price data found  (1d 2024-12-25 -> 2024-12-26)
$XLK: possibly delisted; no price data found  (1d 2024-12-25 -> 2024-12-26)

1 Failed download:
['XLK']: possibly delisted; no price data found  (1d 2024-12-25 -> 2024-12-26)
$XLI: possibly delisted; no price data found  (1d 2025-01-01 -> 2025-01-02)

1 Failed download:
['XLI']: possibly delisted; no price data found  (1d 2025-01-01 -> 2025-01-02)
$XLE: possibly delisted; no price data found  (1d 2025-01-01 -> 2025-01-02)

1 Failed download:
['XLE']: possibly delisted; no price data found  (1d 2025-01-01 -> 2025-01-02)
$XLRE: possibly delisted; no price data found  (1d 2025-01-01 -> 2025-01-02)

1 Failed download:
['XLRE']: possibly delisted; no price data found  (1d 2025-01-01 -> 2025-01-02)
$XLY: possibly delisted; no price data found  (1d 2025-01-01 -> 2025-01-02)

1 Failed download:
['XLY']: possibly delisted; no price data found  (1d 2025-01-01 -> 2025-01-02)
$AVGO: possibly delisted; no price data found  (1d 2025-01-01 -> 2025-01-02)

1 Failed download:
['AVGO']: possibly delisted; no price data found  (1d 2025-01-01 -> 2025-01-02)
$XLP: possibly delisted; no price data found  (1d 2025-01-01 -> 2025-01-02)

1 Failed download:
['XLP']: possibly delisted; no price data found  (1d 2025-01-01 -> 2025-01-02)
$TSLA: possibly delisted; no price data found  (1d 2025-01-01 -> 2025-01-02)

1 Failed download:
['TSLA']: possibly delisted; no price data found  (1d 2025-01-01 -> 2025-01-02)
$MSFT: possibly delisted; no price data found  (1d 2025-01-01 -> 2025-01-02)

1 Failed download:
['MSFT']: possibly delisted; no price data found  (1d 2025-01-01 -> 2025-01-02)
$XLF: possibly delisted; no price data found  (1d 2025-01-01 -> 2025-01-02)

1 Failed download:
['XLF']: possibly delisted; no price data found  (1d 2025-01-01 -> 2025-01-02)
$XLU: possibly delisted; no price data found  (1d 2025-01-01 -> 2025-01-02)

1 Failed download:
['XLU']: possibly delisted; no price data found  (1d 2025-01-01 -> 2025-01-02)
$NVDA: possibly delisted; no price data found  (1d 2025-01-09 -> 2025-01-10)

1 Failed download:
['NVDA']: possibly delisted; no price data found  (1d 2025-01-09 -> 2025-01-10)
$XLV: possibly delisted; no price data found  (1d 2025-01-09 -> 2025-01-10)

1 Failed download:
['XLV']: possibly delisted; no price data found  (1d 2025-01-09 -> 2025-01-10)
$XLE: possibly delisted; no price data found  (1d 2025-01-09 -> 2025-01-10)

1 Failed download:
['XLE']: possibly delisted; no price data found  (1d 2025-01-09 -> 2025-01-10)
$XLY: possibly delisted; no price data found  (1d 2025-01-09 -> 2025-01-10)

1 Failed download:
['XLY']: possibly delisted; no price data found  (1d 2025-01-09 -> 2025-01-10)
$AMD: possibly delisted; no price data found  (1d 2025-01-09 -> 2025-01-10)

1 Failed download:
['AMD']: possibly delisted; no price data found  (1d 2025-01-09 -> 2025-01-10)
$GOOGL: possibly delisted; no price data found  (1d 2025-01-09 -> 2025-01-10)

1 Failed download:
['GOOGL']: possibly delisted; no price data found  (1d 2025-01-09 -> 2025-01-10)
$ARM: possibly delisted; no price data found  (1d 2025-01-09 -> 2025-01-10)

1 Failed download:
['ARM']: possibly delisted; no price data found  (1d 2025-01-09 -> 2025-01-10)
$ORCL: possibly delisted; no price data found  (1d 2025-01-09 -> 2025-01-10)

1 Failed download:
['ORCL']: possibly delisted; no price data found  (1d 2025-01-09 -> 2025-01-10)
$TSLA: possibly delisted; no price data found  (1d 2025-01-09 -> 2025-01-10)

1 Failed download:
['TSLA']: possibly delisted; no price data found  (1d 2025-01-09 -> 2025-01-10)
$AXON: possibly delisted; no price data found  (1d 2025-01-09 -> 2025-01-10)

1 Failed download:
['AXON']: possibly delisted; no price data found  (1d 2025-01-09 -> 2025-01-10)
$AAPL: possibly delisted; no price data found  (1d 2025-01-09 -> 2025-01-10)

1 Failed download:
['AAPL']: possibly delisted; no price data found  (1d 2025-01-09 -> 2025-01-10)
$CELH: possibly delisted; no price data found  (1d 2025-01-09 -> 2025-01-10)

1 Failed download:
['CELH']: possibly delisted; no price data found  (1d 2025-01-09 -> 2025-01-10)
$CRWD: possibly delisted; no price data found  (1d 2025-01-20 -> 2025-01-21)

1 Failed download:
['CRWD']: possibly delisted; no price data found  (1d 2025-01-20 -> 2025-01-21)
$XLI: possibly delisted; no price data found  (1d 2025-02-17 -> 2025-02-18)

1 Failed download:
['XLI']: possibly delisted; no price data found  (1d 2025-02-17 -> 2025-02-18)
$XLRE: possibly delisted; no price data found  (1d 2025-02-17 -> 2025-02-18)

1 Failed download:
['XLRE']: possibly delisted; no price data found  (1d 2025-02-17 -> 2025-02-18)
$AVGO: possibly delisted; no price data found  (1d 2025-02-17 -> 2025-02-18)

1 Failed download:
['AVGO']: possibly delisted; no price data found  (1d 2025-02-17 -> 2025-02-18)
$AMD: possibly delisted; no price data found  (1d 2025-02-17 -> 2025-02-18)

1 Failed download:
['AMD']: possibly delisted; no price data found  (1d 2025-02-17 -> 2025-02-18)
$SMCI: possibly delisted; no price data found  (1d 2025-02-17 -> 2025-02-18)

1 Failed download:
['SMCI']: possibly delisted; no price data found  (1d 2025-02-17 -> 2025-02-18)
$MSFT: possibly delisted; no price data found  (1d 2025-02-17 -> 2025-02-18)

1 Failed download:
['MSFT']: possibly delisted; no price data found  (1d 2025-02-17 -> 2025-02-18)
$^VIX: possibly delisted; no price data found  (1d 2025-03-09 00:00:00 -> 2025-04-08 00:00:00)

1 Failed download:
['^VIX']: possibly delisted; no price data found  (1d 2025-03-09 00:00:00 -> 2025-04-08 00:00:00)
$NVDA: possibly delisted; no price data found  (1d 2025-04-18 -> 2025-04-19)

1 Failed download:
['NVDA']: possibly delisted; no price data found  (1d 2025-04-18 -> 2025-04-19)
$XLV: possibly delisted; no price data found  (1d 2025-04-18 -> 2025-04-19)

1 Failed download:
['XLV']: possibly delisted; no price data found  (1d 2025-04-18 -> 2025-04-19)
$XLI: possibly delisted; no price data found  (1d 2025-04-18 -> 2025-04-19)

1 Failed download:
['XLI']: possibly delisted; no price data found  (1d 2025-04-18 -> 2025-04-19)
$XLE: possibly delisted; no price data found  (1d 2025-04-18 -> 2025-04-19)

1 Failed download:
['XLE']: possibly delisted; no price data found  (1d 2025-04-18 -> 2025-04-19)
$XLRE: possibly delisted; no price data found  (1d 2025-04-18 -> 2025-04-19)

1 Failed download:
['XLRE']: possibly delisted; no price data found  (1d 2025-04-18 -> 2025-04-19)
$XLY: possibly delisted; no price data found  (1d 2025-04-18 -> 2025-04-19)

1 Failed download:
['XLY']: possibly delisted; no price data found  (1d 2025-04-18 -> 2025-04-19)
$AVGO: possibly delisted; no price data found  (1d 2025-04-18 -> 2025-04-19)

1 Failed download:
['AVGO']: possibly delisted; no price data found  (1d 2025-04-18 -> 2025-04-19)
$AMD: possibly delisted; no price data found  (1d 2025-04-18 -> 2025-04-19)

1 Failed download:
['AMD']: possibly delisted; no price data found  (1d 2025-04-18 -> 2025-04-19)
$GOOGL: possibly delisted; no price data found  (1d 2025-04-18 -> 2025-04-19)

1 Failed download:
['GOOGL']: possibly delisted; no price data found  (1d 2025-04-18 -> 2025-04-19)
$ARM: possibly delisted; no price data found  (1d 2025-04-18 -> 2025-04-19)

1 Failed download:
['ARM']: possibly delisted; no price data found  (1d 2025-04-18 -> 2025-04-19)
$XLB: possibly delisted; no price data found  (1d 2025-04-18 -> 2025-04-19)

1 Failed download:
['XLB']: possibly delisted; no price data found  (1d 2025-04-18 -> 2025-04-19)
$SNOW: possibly delisted; no price data found  (1d 2025-04-18 -> 2025-04-19)

1 Failed download:
['SNOW']: possibly delisted; no price data found  (1d 2025-04-18 -> 2025-04-19)
$ORCL: possibly delisted; no price data found  (1d 2025-04-18 -> 2025-04-19)

1 Failed download:
['ORCL']: possibly delisted; no price data found  (1d 2025-04-18 -> 2025-04-19)
$XLP: possibly delisted; no price data found  (1d 2025-04-18 -> 2025-04-19)

1 Failed download:
['XLP']: possibly delisted; no price data found  (1d 2025-04-18 -> 2025-04-19)
$CRM: possibly delisted; no price data found  (1d 2025-04-18 -> 2025-04-19)

1 Failed download:
['CRM']: possibly delisted; no price data found  (1d 2025-04-18 -> 2025-04-19)
$TSLA: possibly delisted; no price data found  (1d 2025-04-18 -> 2025-04-19)

1 Failed download:
['TSLA']: possibly delisted; no price data found  (1d 2025-04-18 -> 2025-04-19)
$META: possibly delisted; no price data found  (1d 2025-04-18 -> 2025-04-19)

1 Failed download:
['META']: possibly delisted; no price data found  (1d 2025-04-18 -> 2025-04-19)
$PLTR: possibly delisted; no price data found  (1d 2025-04-18 -> 2025-04-19)

1 Failed download:
['PLTR']: possibly delisted; no price data found  (1d 2025-04-18 -> 2025-04-19)
$SMCI: possibly delisted; no price data found  (1d 2025-04-18 -> 2025-04-19)

1 Failed download:
['SMCI']: possibly delisted; no price data found  (1d 2025-04-18 -> 2025-04-19)
$MSFT: possibly delisted; no price data found  (1d 2025-04-18 -> 2025-04-19)

1 Failed download:
['MSFT']: possibly delisted; no price data found  (1d 2025-04-18 -> 2025-04-19)
$AXON: possibly delisted; no price data found  (1d 2025-04-18 -> 2025-04-19)

1 Failed download:
['AXON']: possibly delisted; no price data found  (1d 2025-04-18 -> 2025-04-19)
$CRWD: possibly delisted; no price data found  (1d 2025-04-18 -> 2025-04-19)

1 Failed download:
['CRWD']: possibly delisted; no price data found  (1d 2025-04-18 -> 2025-04-19)
$AAPL: possibly delisted; no price data found  (1d 2025-04-18 -> 2025-04-19)

1 Failed download:
['AAPL']: possibly delisted; no price data found  (1d 2025-04-18 -> 2025-04-19)
$CELH: possibly delisted; no price data found  (1d 2025-04-18 -> 2025-04-19)

1 Failed download:
['CELH']: possibly delisted; no price data found  (1d 2025-04-18 -> 2025-04-19)
$XLF: possibly delisted; no price data found  (1d 2025-04-18 -> 2025-04-19)

1 Failed download:
['XLF']: possibly delisted; no price data found  (1d 2025-04-18 -> 2025-04-19)
$MSTR: possibly delisted; no price data found  (1d 2025-04-18 -> 2025-04-19)

1 Failed download:
['MSTR']: possibly delisted; no price data found  (1d 2025-04-18 -> 2025-04-19)
$XLK: possibly delisted; no price data found  (1d 2025-04-18 -> 2025-04-19)

1 Failed download:
['XLK']: possibly delisted; no price data found  (1d 2025-04-18 -> 2025-04-19)
$XLU: possibly delisted; no price data found  (1d 2025-04-18 -> 2025-04-19)

1 Failed download:
['XLU']: possibly delisted; no price data found  (1d 2025-04-18 -> 2025-04-19)
$XLF: possibly delisted; no price data found  (1d 2025-05-26 -> 2025-05-27)

1 Failed download:
['XLF']: possibly delisted; no price data found  (1d 2025-05-26 -> 2025-05-27)
$XLK: possibly delisted; no price data found  (1d 2025-05-26 -> 2025-05-27)

1 Failed download:
['XLK']: possibly delisted; no price data found  (1d 2025-05-26 -> 2025-05-27)
$AMD: possibly delisted; no price data found  (1d 2025-06-19 -> 2025-06-20)

1 Failed download:
['AMD']: possibly delisted; no price data found  (1d 2025-06-19 -> 2025-06-20)
$META: possibly delisted; no price data found  (1d 2025-06-19 -> 2025-06-20)

1 Failed download:
['META']: possibly delisted; no price data found  (1d 2025-06-19 -> 2025-06-20)
$PLTR: possibly delisted; no price data found  (1d 2025-06-19 -> 2025-06-20)

1 Failed download:
['PLTR']: possibly delisted; no price data found  (1d 2025-06-19 -> 2025-06-20)
$AXON: possibly delisted; no price data found  (1d 2025-06-19 -> 2025-06-20)

1 Failed download:
['AXON']: possibly delisted; no price data found  (1d 2025-06-19 -> 2025-06-20)
$CRWD: possibly delisted; no price data found  (1d 2025-06-19 -> 2025-06-20)

1 Failed download:
['CRWD']: possibly delisted; no price data found  (1d 2025-06-19 -> 2025-06-20)
$AAPL: possibly delisted; no price data found  (1d 2025-06-19 -> 2025-06-20)

1 Failed download:
['AAPL']: possibly delisted; no price data found  (1d 2025-06-19 -> 2025-06-20)
$CELH: possibly delisted; no price data found  (1d 2025-06-19 -> 2025-06-20)

1 Failed download:
['CELH']: possibly delisted; no price data found  (1d 2025-06-19 -> 2025-06-20)
$XLF: possibly delisted; no price data found  (1d 2025-06-19 -> 2025-06-20)

1 Failed download:
['XLF']: possibly delisted; no price data found  (1d 2025-06-19 -> 2025-06-20)
$NVDA: possibly delisted; no price data found  (1d 2025-07-04 -> 2025-07-05)

1 Failed download:
['NVDA']: possibly delisted; no price data found  (1d 2025-07-04 -> 2025-07-05)
$XLV: possibly delisted; no price data found  (1d 2025-07-04 -> 2025-07-05)

1 Failed download:
['XLV']: possibly delisted; no price data found  (1d 2025-07-04 -> 2025-07-05)
$XLI: possibly delisted; no price data found  (1d 2025-07-04 -> 2025-07-05)

1 Failed download:
['XLI']: possibly delisted; no price data found  (1d 2025-07-04 -> 2025-07-05)
$XLE: possibly delisted; no price data found  (1d 2025-07-04 -> 2025-07-05)

1 Failed download:
['XLE']: possibly delisted; no price data found  (1d 2025-07-04 -> 2025-07-05)
$XLRE: possibly delisted; no price data found  (1d 2025-07-04 -> 2025-07-05)

1 Failed download:
['XLRE']: possibly delisted; no price data found  (1d 2025-07-04 -> 2025-07-05)
$XLY: possibly delisted; no price data found  (1d 2025-07-04 -> 2025-07-05)

1 Failed download:
['XLY']: possibly delisted; no price data found  (1d 2025-07-04 -> 2025-07-05)
$AVGO: possibly delisted; no price data found  (1d 2025-07-04 -> 2025-07-05)

1 Failed download:
['AVGO']: possibly delisted; no price data found  (1d 2025-07-04 -> 2025-07-05)
$AMD: possibly delisted; no price data found  (1d 2025-07-04 -> 2025-07-05)

1 Failed download:
['AMD']: possibly delisted; no price data found  (1d 2025-07-04 -> 2025-07-05)
$GOOGL: possibly delisted; no price data found  (1d 2025-07-04 -> 2025-07-05)

1 Failed download:
['GOOGL']: possibly delisted; no price data found  (1d 2025-07-04 -> 2025-07-05)
$ARM: possibly delisted; no price data found  (1d 2025-07-04 -> 2025-07-05)

1 Failed download:
['ARM']: possibly delisted; no price data found  (1d 2025-07-04 -> 2025-07-05)
$XLB: possibly delisted; no price data found  (1d 2025-07-04 -> 2025-07-05)

1 Failed download:
['XLB']: possibly delisted; no price data found  (1d 2025-07-04 -> 2025-07-05)
$SNOW: possibly delisted; no price data found  (1d 2025-07-04 -> 2025-07-05)

1 Failed download:
['SNOW']: possibly delisted; no price data found  (1d 2025-07-04 -> 2025-07-05)
$ORCL: possibly delisted; no price data found  (1d 2025-07-04 -> 2025-07-05)

1 Failed download:
['ORCL']: possibly delisted; no price data found  (1d 2025-07-04 -> 2025-07-05)
$XLP: possibly delisted; no price data found  (1d 2025-07-04 -> 2025-07-05)

1 Failed download:
['XLP']: possibly delisted; no price data found  (1d 2025-07-04 -> 2025-07-05)
$CRM: possibly delisted; no price data found  (1d 2025-07-04 -> 2025-07-05)

1 Failed download:
['CRM']: possibly delisted; no price data found  (1d 2025-07-04 -> 2025-07-05)
$TSLA: possibly delisted; no price data found  (1d 2025-07-04 -> 2025-07-05)

1 Failed download:
['TSLA']: possibly delisted; no price data found  (1d 2025-07-04 -> 2025-07-05)
$META: possibly delisted; no price data found  (1d 2025-07-04 -> 2025-07-05)

1 Failed download:
['META']: possibly delisted; no price data found  (1d 2025-07-04 -> 2025-07-05)
$PLTR: possibly delisted; no price data found  (1d 2025-07-04 -> 2025-07-05)

1 Failed download:
['PLTR']: possibly delisted; no price data found  (1d 2025-07-04 -> 2025-07-05)
$SMCI: possibly delisted; no price data found  (1d 2025-07-04 -> 2025-07-05)

1 Failed download:
['SMCI']: possibly delisted; no price data found  (1d 2025-07-04 -> 2025-07-05)
$MSFT: possibly delisted; no price data found  (1d 2025-07-04 -> 2025-07-05)

1 Failed download:
['MSFT']: possibly delisted; no price data found  (1d 2025-07-04 -> 2025-07-05)
$AXON: possibly delisted; no price data found  (1d 2025-07-04 -> 2025-07-05)

1 Failed download:
['AXON']: possibly delisted; no price data found  (1d 2025-07-04 -> 2025-07-05)
$CRWD: possibly delisted; no price data found  (1d 2025-07-04 -> 2025-07-05)

1 Failed download:
['CRWD']: possibly delisted; no price data found  (1d 2025-07-04 -> 2025-07-05)
$AAPL: possibly delisted; no price data found  (1d 2025-07-04 -> 2025-07-05)

1 Failed download:
['AAPL']: possibly delisted; no price data found  (1d 2025-07-04 -> 2025-07-05)
$CELH: possibly delisted; no price data found  (1d 2025-07-04 -> 2025-07-05)

1 Failed download:
['CELH']: possibly delisted; no price data found  (1d 2025-07-04 -> 2025-07-05)
$XLF: possibly delisted; no price data found  (1d 2025-07-04 -> 2025-07-05)

1 Failed download:
['XLF']: possibly delisted; no price data found  (1d 2025-07-04 -> 2025-07-05)
$MSTR: possibly delisted; no price data found  (1d 2025-07-04 -> 2025-07-05)

1 Failed download:
['MSTR']: possibly delisted; no price data found  (1d 2025-07-04 -> 2025-07-05)
$XLK: possibly delisted; no price data found  (1d 2025-07-04 -> 2025-07-05)

1 Failed download:
['XLK']: possibly delisted; no price data found  (1d 2025-07-04 -> 2025-07-05)
$XLU: possibly delisted; no price data found  (1d 2025-07-04 -> 2025-07-05)

1 Failed download:
['XLU']: possibly delisted; no price data found  (1d 2025-07-04 -> 2025-07-05)
$AAPL: possibly delisted; no price data found  (1d 2025-09-01 -> 2025-09-02)

1 Failed download:
['AAPL']: possibly delisted; no price data found  (1d 2025-09-01 -> 2025-09-02)
$XLU: possibly delisted; no price data found  (1d 2025-09-01 -> 2025-09-02)

1 Failed download:
['XLU']: possibly delisted; no price data found  (1d 2025-09-01 -> 2025-09-02)
$XLRE: possibly delisted; no price data found  (1d 2025-12-25 -> 2025-12-26)

1 Failed download:
['XLRE']: possibly delisted; no price data found  (1d 2025-12-25 -> 2025-12-26)
$XLB: possibly delisted; no price data found  (1d 2025-12-25 -> 2025-12-26)

1 Failed download:
['XLB']: possibly delisted; no price data found  (1d 2025-12-25 -> 2025-12-26)
$ORCL: possibly delisted; no price data found  (1d 2025-12-25 -> 2025-12-26)

1 Failed download:
['ORCL']: possibly delisted; no price data found  (1d 2025-12-25 -> 2025-12-26)
$PLTR: possibly delisted; no price data found  (1d 2025-12-25 -> 2025-12-26)

1 Failed download:
['PLTR']: possibly delisted; no price data found  (1d 2025-12-25 -> 2025-12-26)
$CRWD: possibly delisted; no price data found  (1d 2025-12-25 -> 2025-12-26)

1 Failed download:
['CRWD']: possibly delisted; no price data found  (1d 2025-12-25 -> 2025-12-26)
$CELH: possibly delisted; no price data found  (1d 2025-12-25 -> 2025-12-26)

1 Failed download:
['CELH']: possibly delisted; no price data found  (1d 2025-12-25 -> 2025-12-26)
$XLK: possibly delisted; no price data found  (1d 2025-12-25 -> 2025-12-26)

1 Failed download:
['XLK']: possibly delisted; no price data found  (1d 2025-12-25 -> 2025-12-26)
$CRM: possibly delisted; no price data found  (1d 2026-01-01 -> 2026-01-02)

1 Failed download:
['CRM']: possibly delisted; no price data found  (1d 2026-01-01 -> 2026-01-02)
$AAPL: possibly delisted; no price data found  (1d 2026-01-01 -> 2026-01-02)

1 Failed download:
['AAPL']: possibly delisted; no price data found  (1d 2026-01-01 -> 2026-01-02)
$CELH: possibly delisted; no price data found  (1d 2026-01-01 -> 2026-01-02)

1 Failed download:
['CELH']: possibly delisted; no price data found  (1d 2026-01-01 -> 2026-01-02)
$SMCI: possibly delisted; no price data found  (1d 2026-01-19 -> 2026-01-20)

1 Failed download:
['SMCI']: possibly delisted; no price data found  (1d 2026-01-19 -> 2026-01-20)
$AAPL: possibly delisted; no price data found  (1d 2026-01-19 -> 2026-01-20)

1 Failed download:
['AAPL']: possibly delisted; no price data found  (1d 2026-01-19 -> 2026-01-20)
$XLF: possibly delisted; no price data found  (1d 2026-01-19 -> 2026-01-20)

1 Failed download:
['XLF']: possibly delisted; no price data found  (1d 2026-01-19 -> 2026-01-20)
$NVDA: possibly delisted; no price data found  (1d 2026-04-03 -> 2026-04-04)

1 Failed download:
['NVDA']: possibly delisted; no price data found  (1d 2026-04-03 -> 2026-04-04)
$XLV: possibly delisted; no price data found  (1d 2026-04-03 -> 2026-04-04)

1 Failed download:
['XLV']: possibly delisted; no price data found  (1d 2026-04-03 -> 2026-04-04)
$XLI: possibly delisted; no price data found  (1d 2026-04-03 -> 2026-04-04)

1 Failed download:
['XLI']: possibly delisted; no price data found  (1d 2026-04-03 -> 2026-04-04)
$XLE: possibly delisted; no price data found  (1d 2026-04-03 -> 2026-04-04)

1 Failed download:
['XLE']: possibly delisted; no price data found  (1d 2026-04-03 -> 2026-04-04)
$XLRE: possibly delisted; no price data found  (1d 2026-04-03 -> 2026-04-04)

1 Failed download:
['XLRE']: possibly delisted; no price data found  (1d 2026-04-03 -> 2026-04-04)
$XLY: possibly delisted; no price data found  (1d 2026-04-03 -> 2026-04-04)

1 Failed download:
['XLY']: possibly delisted; no price data found  (1d 2026-04-03 -> 2026-04-04)
$AVGO: possibly delisted; no price data found  (1d 2026-04-03 -> 2026-04-04)

1 Failed download:
['AVGO']: possibly delisted; no price data found  (1d 2026-04-03 -> 2026-04-04)
$AMD: possibly delisted; no price data found  (1d 2026-04-03 -> 2026-04-04)

1 Failed download:
['AMD']: possibly delisted; no price data found  (1d 2026-04-03 -> 2026-04-04)
$GOOGL: possibly delisted; no price data found  (1d 2026-04-03 -> 2026-04-04)

1 Failed download:
['GOOGL']: possibly delisted; no price data found  (1d 2026-04-03 -> 2026-04-04)
$ARM: possibly delisted; no price data found  (1d 2026-04-03 -> 2026-04-04)

1 Failed download:
['ARM']: possibly delisted; no price data found  (1d 2026-04-03 -> 2026-04-04)
$XLB: possibly delisted; no price data found  (1d 2026-04-03 -> 2026-04-04)

1 Failed download:
['XLB']: possibly delisted; no price data found  (1d 2026-04-03 -> 2026-04-04)
$SNOW: possibly delisted; no price data found  (1d 2026-04-03 -> 2026-04-04)

1 Failed download:
['SNOW']: possibly delisted; no price data found  (1d 2026-04-03 -> 2026-04-04)
$ORCL: possibly delisted; no price data found  (1d 2026-04-03 -> 2026-04-04)

1 Failed download:
['ORCL']: possibly delisted; no price data found  (1d 2026-04-03 -> 2026-04-04)
$XLP: possibly delisted; no price data found  (1d 2026-04-03 -> 2026-04-04)

1 Failed download:
['XLP']: possibly delisted; no price data found  (1d 2026-04-03 -> 2026-04-04)
$CRM: possibly delisted; no price data found  (1d 2026-04-03 -> 2026-04-04)

1 Failed download:
['CRM']: possibly delisted; no price data found  (1d 2026-04-03 -> 2026-04-04)
$TSLA: possibly delisted; no price data found  (1d 2026-04-03 -> 2026-04-04)

1 Failed download:
['TSLA']: possibly delisted; no price data found  (1d 2026-04-03 -> 2026-04-04)
$META: possibly delisted; no price data found  (1d 2026-04-03 -> 2026-04-04)

1 Failed download:
['META']: possibly delisted; no price data found  (1d 2026-04-03 -> 2026-04-04)
$PLTR: possibly delisted; no price data found  (1d 2026-04-03 -> 2026-04-04)

1 Failed download:
['PLTR']: possibly delisted; no price data found  (1d 2026-04-03 -> 2026-04-04)
$SMCI: possibly delisted; no price data found  (1d 2026-04-03 -> 2026-04-04)

1 Failed download:
['SMCI']: possibly delisted; no price data found  (1d 2026-04-03 -> 2026-04-04)
$MSFT: possibly delisted; no price data found  (1d 2026-04-03 -> 2026-04-04)

1 Failed download:
['MSFT']: possibly delisted; no price data found  (1d 2026-04-03 -> 2026-04-04)
$AXON: possibly delisted; no price data found  (1d 2026-04-03 -> 2026-04-04)

1 Failed download:
['AXON']: possibly delisted; no price data found  (1d 2026-04-03 -> 2026-04-04)
$CRWD: possibly delisted; no price data found  (1d 2026-04-03 -> 2026-04-04)

1 Failed download:
['CRWD']: possibly delisted; no price data found  (1d 2026-04-03 -> 2026-04-04)
$AAPL: possibly delisted; no price data found  (1d 2026-04-03 -> 2026-04-04)

1 Failed download:
['AAPL']: possibly delisted; no price data found  (1d 2026-04-03 -> 2026-04-04)
$CELH: possibly delisted; no price data found  (1d 2026-04-03 -> 2026-04-04)

1 Failed download:
['CELH']: possibly delisted; no price data found  (1d 2026-04-03 -> 2026-04-04)
$XLF: possibly delisted; no price data found  (1d 2026-04-03 -> 2026-04-04)

1 Failed download:
['XLF']: possibly delisted; no price data found  (1d 2026-04-03 -> 2026-04-04)
$MSTR: possibly delisted; no price data found  (1d 2026-04-03 -> 2026-04-04)

1 Failed download:
['MSTR']: possibly delisted; no price data found  (1d 2026-04-03 -> 2026-04-04)
$XLK: possibly delisted; no price data found  (1d 2026-04-03 -> 2026-04-04)

1 Failed download:
['XLK']: possibly delisted; no price data found  (1d 2026-04-03 -> 2026-04-04)
$XLU: possibly delisted; no price data found  (1d 2026-04-03 -> 2026-04-04)

1 Failed download:
['XLU']: possibly delisted; no price data found  (1d 2026-04-03 -> 2026-04-04)
$^VIX: possibly delisted; no price data found  (1d 2026-03-08 00:00:00 -> 2026-04-07 00:00:00)

1 Failed download:
['^VIX']: possibly delisted; no price data found  (1d 2026-03-08 00:00:00 -> 2026-04-07 00:00:00)

╔══════════════════════════════════════════════════════════════════╗
║   MINERVINI AI — HISTORICAL LEARNING DAEMON                      ║
║   Alpaca: years of 5m data | Yahoo: daily fallback               ║
║   ⚠  ADVISORY ONLY — NO LIVE TRADING — LOW CPU                  ║
╚══════════════════════════════════════════════════════════════════╝
    
[2026-05-13 09:15:42] Phase 2 — Last 2 years @ daily (Yahoo)

============================================================
  HISTORICAL REPLAY | 2024-05-12 → 2026-05-12
  Symbols: 28 | Interval: 1d
  Source: Alpaca (primary) + Yahoo (fallback)
  ⚠  LEARNING ONLY — NO LIVE TRADING
============================================================

  [MemBuilder] Ingest error: 'pnl'

  ── COMPLETE | Trades:0 | Tracked:0 | Best:N/A
  [MemBuilder] Suggestion error: Expecting ',' delimiter: line 517 column 14 (char 8184)
[2026-05-13 10:35:34]   ── STATUS REPORT ────────────────────────────────
[2026-05-13 10:35:34]   Phase:         PHASE_0_INITIALIZING
[2026-05-13 10:35:34]   Total trades:  0
[2026-05-13 10:35:34]   Best setup:    N/A (+0.00%)
[2026-05-13 10:35:34]   Regimes mapped:6
[2026-05-13 10:35:34]   Cycles run:    4
[2026-05-13 10:35:34]   Phase progress:0/500 (0.0%)
