nohup: ignoring input

╔══════════════════════════════════════════════════════════════════╗
║   MINERVINI AI — HISTORICAL LEARNING DAEMON                      ║
║   Alpaca: years of 5m data | Yahoo: daily fallback               ║
║   ⚠  ADVISORY ONLY — NO LIVE TRADING — LOW CPU                  ║
╚══════════════════════════════════════════════════════════════════╝
    
[2026-05-13 09:13:57] Phase 1 — Last 12 months @ 5min (Alpaca)

============================================================
  HISTORICAL REPLAY | 2025-05-12 → 2026-05-12
  Symbols: 18 | Interval: 5m
  Source: Alpaca (primary) + Yahoo (fallback)
  ⚠  LEARNING ONLY — NO LIVE TRADING
============================================================

    🔴 SMCI VOLUME_SPIKE @ $34.45 → STOP_LOSS -0.38%
    🔴 SMCI VOLUME_SPIKE @ $34.65 → STOP_LOSS -0.38%
    🔴 AVGO VOLUME_SPIKE @ $218.47 → STOP_LOSS -0.30%
    🔴 AVGO VOLUME_SPIKE @ $218.59 → STOP_LOSS -0.30%
    🔴 CRM TIGHT_CONSOLIDATION_BREAK @ $286.33 → STOP_LOSS -0.18%
    🔴 CRM VOLUME_SPIKE @ $286.12 → STOP_LOSS -0.18%
    🟢 TSLA ORB_BREAKDOWN @ $321.21 → TARGET_HIT +0.56%
    🟢 TSLA ORB_BREAKDOWN @ $315.83 → TARGET_HIT +0.57%
    🟢 MSTR ORB_BREAKDOWN @ $411.82 → TARGET_HIT +0.95%
    🟢 MSTR ORB_BREAKDOWN @ $410.25 → TARGET_HIT +0.95%
    🟢 AMD VWAP_CROSS_DOWN @ $110.38 → TARGET_HIT +0.69%
    🟢 AMD ORB_BREAKDOWN @ $109.28 → TARGET_HIT +0.70%
    🟢 META VOLUME_SPIKE @ $627.28 → TARGET_HIT +0.49%
    🔴 META TIGHT_CONSOLIDATION_BREAK @ $633.23 → STOP_LOSS -0.24%
    🔴 CRWD VOLUME_SPIKE @ $423.26 → STOP_LOSS -0.14%
    🔴 CRWD ORB_BREAKOUT @ $425.65 → STOP_LOSS -0.14%
    🔴 AXON ORB_BREAKOUT @ $689.77 → STOP_LOSS -0.13%
    🔴 AXON ORB_BREAKOUT @ $693.21 → STOP_LOSS -0.13%
    🔴 SNOW VWAP_CROSS_UP @ $180.82 → STOP_LOSS -0.19%
    🟢 SNOW VWAP_CROSS_DOWN @ $179.83 → TARGET_HIT +0.38%
    🔴 ARM VWAP_CROSS_DOWN @ $122.61 → STOP_LOSS -0.33%
    🔴 ARM VWAP_CROSS_UP @ $123.40 → STOP_LOSS -0.33%
    🔴 NVDA VWAP_CROSS_DOWN @ $121.85 → STOP_LOSS -0.26%
    🔴 NVDA VWAP_CROSS_UP @ $121.94 → STOP_LOSS -0.26%
    🔴 GOOGL VWAP_CROSS_UP @ $157.81 → STOP_LOSS -0.23%
    🔴 GOOGL VWAP_CROSS_DOWN @ $156.98 → STOP_LOSS -0.23%
    🔴 CELH VOLUME_SPIKE @ $36.61 → STOP_LOSS -0.33%
    🟢 CELH ORB_BREAKDOWN @ $36.45 → TARGET_HIT +0.66%
    🟢 MSFT VWAP_CROSS_UP @ $442.12 → TARGET_HIT +0.33%
    🔴 MSFT TIGHT_CONSOLIDATION_BREAK @ $444.42 → STOP_LOSS -0.16%
    🔴 PLTR ORB_BREAKDOWN @ $117.19 → STOP_LOSS -0.32%
    🔴 PLTR ORB_BREAKDOWN @ $118.03 → STOP_LOSS -0.32%
    🔴 ORCL VOLUME_SPIKE @ $155.71 → STOP_LOSS -0.18%
    🔴 ORCL VOLUME_SPIKE @ $156.07 → STOP_LOSS -0.18%
    🟢 AAPL VOLUME_SPIKE @ $207.85 → TARGET_HIT +0.52%
    🟢 AAPL VOLUME_SPIKE @ $208.40 → TARGET_HIT +0.52%
  2025-05-12 [STRONG_RISK_ON  ] Trades:644 Setups:644
    🟢 SMCI ORB_BREAKOUT @ $34.36 → TARGET_HIT +1.27%
    🟢 SMCI ORB_BREAKOUT @ $34.35 → TARGET_HIT +1.27%
    🟢 AVGO ORB_BREAKOUT @ $228.30 → TARGET_HIT +0.59%
    🟢 AVGO ORB_BREAKOUT @ $228.55 → TARGET_HIT +0.59%
    🔴 CRM VOLUME_SPIKE @ $291.83 → STOP_LOSS -0.19%
    🔴 CRM VWAP_CROSS_DOWN @ $291.18 → STOP_LOSS -0.19%
    🟢 TSLA VWAP_CROSS_UP @ $319.85 → TARGET_HIT +0.83%
    🔴 TSLA ORB_BREAKOUT @ $323.67 → STOP_LOSS -0.41%
    🔴 MSTR VWAP_CROSS_UP @ $408.80 → STOP_LOSS -0.38%
    🔴 MSTR VWAP_CROSS_DOWN @ $406.16 → STOP_LOSS -0.38%
    🟢 AMD VOLUME_SPIKE @ $109.62 → TARGET_HIT +0.65%
    🟢 AMD VOLUME_SPIKE @ $110.04 → TARGET_HIT +0.64%
    🔴 META ORB_BREAKOUT @ $653.03 → STOP_LOSS -0.24%
    🟢 META ORB_BREAKOUT @ $654.17 → TARGET_HIT +0.49%
    🟢 CRWD ORB_BREAKOUT @ $437.88 → TARGET_HIT +0.16%
    🟢 CRWD ORB_BREAKOUT @ $439.25 → TARGET_HIT +0.16%
    🟢 AXON VOLUME_SPIKE @ $714.00 → TARGET_HIT +0.05%
    🟢 AXON ORB_BREAKOUT @ $716.78 → TARGET_HIT +0.05%
    🔴 SNOW ORB_BREAKOUT @ $182.79 → STOP_LOSS -0.16%
    🟢 SNOW ORB_BREAKOUT @ $183.05 → TARGET_HIT +0.31%
    🔴 ARM VWAP_CROSS_DOWN @ $125.91 → STOP_LOSS -0.31%
    🟢 ARM ORB_BREAKOUT @ $126.94 → TARGET_HIT +0.61%
    🟢 NVDA VWAP_CROSS_UP @ $124.80 → TARGET_HIT +0.65%
    🔴 NVDA VWAP_CROSS_UP @ $124.90 → STOP_LOSS -0.33%
    🟢 GOOGL VOLUME_SPIKE @ $156.24 → TARGET_HIT +0.46%
    🔴 GOOGL VWAP_CROSS_UP @ $157.47 → STOP_LOSS -0.23%
    🔴 CELH ORB_BREAKDOWN @ $36.97 → STOP_LOSS -0.42%
    🔴 CELH VWAP_CROSS_UP @ $37.47 → STOP_LOSS -0.41%
    🟢 MSFT VWAP_CROSS_DOWN @ $448.75 → TARGET_HIT +0.31%
    🟢 MSFT VWAP_CROSS_DOWN @ $448.41 → TARGET_HIT +0.31%
    🟢 PLTR ORB_BREAKOUT @ $122.17 → TARGET_HIT +1.09%
    🔴 PLTR ORB_BREAKOUT @ $123.68 → STOP_LOSS -0.54%
    🟢 ORCL ORB_BREAKOUT @ $160.39 → TIMEOUT +0.25%
    🟢 ORCL ORB_BREAKOUT @ $160.44 → TIMEOUT +0.17%
    🔴 AAPL VOLUME_SPIKE @ $209.84 → STOP_LOSS -0.20%
    🟢 AAPL VOLUME_SPIKE @ $209.50 → TARGET_HIT +0.39%
  2025-05-13 [STRONG_RISK_ON  ] Trades:750 Setups:750
    🔴 SMCI VWAP_CROSS_DOWN @ $45.51 → STOP_LOSS -0.98%
    🟢 SMCI VWAP_CROSS_UP @ $45.82 → TARGET_HIT +1.94%
    🟢 AVGO VOLUME_SPIKE @ $229.65 → TARGET_HIT +0.46%
    🔴 AVGO VOLUME_SPIKE @ $230.29 → STOP_LOSS -0.23%
    🟢 CRM ORB_BREAKOUT @ $294.29 → TARGET_HIT +0.40%
    🟢 CRM ORB_BREAKOUT @ $294.39 → TARGET_HIT +0.40%
    🟢 TSLA VWAP_CROSS_UP @ $340.68 → TARGET_HIT +1.03%
    🔴 TSLA VWAP_CROSS_DOWN @ $339.45 → STOP_LOSS -0.52%
    🟢 MSTR VWAP_CROSS_DOWN @ $421.98 → TARGET_HIT +0.51%
    🔴 MSTR VOLUME_SPIKE @ $418.17 → STOP_LOSS -0.26%
    🟢 AMD ORB_BREAKOUT @ $119.22 → TARGET_HIT +0.66%
    🟢 AMD ORB_BREAKOUT @ $119.55 → TARGET_HIT +0.66%
    🔴 META VWAP_CROSS_UP @ $658.69 → STOP_LOSS -0.17%
    🟢 META VWAP_CROSS_DOWN @ $657.63 → TARGET_HIT +0.34%
    🟢 CRWD ORB_BREAKDOWN @ $436.46 → TARGET_HIT +0.29%
    🟢 CRWD ORB_BREAKDOWN @ $436.10 → TARGET_HIT +0.29%
    🔴 AXON ORB_BREAKDOWN @ $718.23 → STOP_LOSS -0.08%
    🔴 AXON ORB_BREAKDOWN @ $718.68 → STOP_LOSS -0.08%
    🔴 SNOW VWAP_CROSS_UP @ $182.05 → STOP_LOSS -0.24%
    🔴 SNOW TIGHT_CONSOLIDATION_BREAK @ $182.43 → STOP_LOSS -0.24%
    🔴 ARM VOLUME_SPIKE @ $131.79 → STOP_LOSS -0.25%
    🔴 ARM VWAP_CROSS_UP @ $133.03 → STOP_LOSS -0.25%
    🔴 NVDA VWAP_CROSS_UP @ $133.87 → STOP_LOSS -0.32%
    🔴 NVDA VWAP_CROSS_DOWN @ $133.51 → STOP_LOSS -0.32%
    🟢 GOOGL VOLUME_SPIKE @ $161.35 → TARGET_HIT +0.54%
    🟢 GOOGL VOLUME_SPIKE @ $161.29 → TARGET_HIT +0.54%
    🔴 CELH VOLUME_SPIKE @ $39.33 → STOP_LOSS -0.44%
    🟢 CELH VWAP_CROSS_DOWN @ $38.97 → TARGET_HIT +0.90%
    🟢 MSFT VOLUME_SPIKE @ $452.00 → TARGET_HIT +0.24%
    🔴 MSFT VOLUME_SPIKE @ $453.35 → STOP_LOSS -0.12%
    🔴 PLTR VWAP_CROSS_DOWN @ $130.26 → STOP_LOSS -0.31%
    🔴 PLTR VWAP_CROSS_UP @ $130.62 → STOP_LOSS -0.31%
    🔴 ORCL VWAP_CROSS_UP @ $162.38 → STOP_LOSS -0.20%
    🔴 ORCL VWAP_CROSS_DOWN @ $162.22 → STOP_LOSS -0.20%
    🔴 AAPL VWAP_CROSS_DOWN @ $212.74 → STOP_LOSS -0.22%
    🔴 AAPL VWAP_CROSS_UP @ $213.11 → STOP_LOSS -0.22%
  2025-05-14 [STRONG_RISK_ON  ] Trades:612 Setups:612
    🔴 SMCI ORB_BREAKOUT @ $45.22 → STOP_LOSS -0.66%
    🔴 SMCI VOLUME_SPIKE @ $44.53 → STOP_LOSS -0.67%
    🔴 AVGO VWAP_CROSS_DOWN @ $229.15 → STOP_LOSS -0.35%
    🟢 AVGO VWAP_CROSS_UP @ $230.38 → TARGET_HIT +0.70%
    🔴 CRM VOLUME_SPIKE @ $291.57 → STOP_LOSS -0.14%
    🟢 CRM VOLUME_SPIKE @ $290.41 → TARGET_HIT +0.28%
    🟢 TSLA VOLUME_SPIKE @ $337.22 → TARGET_HIT +0.95%
    🔴 TSLA VWAP_CROSS_UP @ $339.10 → STOP_LOSS -0.47%
    🟢 MSTR ORB_BREAKDOWN @ $404.43 → TARGET_HIT +1.13%
    🟢 MSTR ORB_BREAKDOWN @ $401.14 → TARGET_HIT +1.14%
    🔴 AMD VOLUME_SPIKE @ $115.84 → STOP_LOSS -0.40%
    🔴 AMD VOLUME_SPIKE @ $116.47 → STOP_LOSS -0.40%
    🔴 META ORB_BREAKDOWN @ $647.75 → STOP_LOSS -0.53%
    🟢 META VWAP_CROSS_UP @ $652.27 → TIMEOUT +0.25%
    🔴 CRWD VOLUME_SPIKE @ $428.62 → STOP_LOSS -0.15%
    🔴 CRWD VWAP_CROSS_DOWN @ $425.81 → STOP_LOSS -0.15%
    🔴 AXON VWAP_CROSS_UP @ $727.68 → STOP_LOSS -0.02%
    🟢 AXON VWAP_CROSS_DOWN @ $726.70 → TARGET_HIT +0.03%
    🔴 SNOW VWAP_CROSS_UP @ $180.76 → STOP_LOSS -0.18%
    🔴 SNOW VOLUME_SPIKE @ $180.60 → STOP_LOSS -0.18%
    🔴 ARM VWAP_CROSS_UP @ $130.53 → STOP_LOSS -0.33%
    🔴 ARM VWAP_CROSS_DOWN @ $130.23 → STOP_LOSS -0.33%
    🔴 NVDA VWAP_CROSS_UP @ $134.37 → STOP_LOSS -0.45%
    🟢 NVDA VWAP_CROSS_DOWN @ $134.33 → TARGET_HIT +0.90%
    🔴 GOOGL VWAP_CROSS_UP @ $164.96 → STOP_LOSS -0.28%
    🔴 GOOGL VWAP_CROSS_DOWN @ $164.25 → STOP_LOSS -0.28%
    🔴 CELH ORB_BREAKOUT @ $39.49 → STOP_LOSS -0.21%
    🔴 CELH ORB_BREAKOUT @ $39.58 → STOP_LOSS -0.21%
    🔴 MSFT TIGHT_CONSOLIDATION_BREAK @ $454.04 → STOP_LOSS -0.19%
    🟢 MSFT VWAP_CROSS_UP @ $453.06 → TARGET_HIT +0.38%
    🔴 PLTR VOLUME_SPIKE @ $129.35 → STOP_LOSS -0.51%
    🟢 PLTR ORB_BREAKDOWN @ $127.92 → TARGET_HIT +1.04%
    🔴 ORCL VWAP_CROSS_UP @ $161.46 → STOP_LOSS -0.22%
    🔴 ORCL VOLUME_SPIKE @ $161.23 → STOP_LOSS -0.22%
    🟢 AAPL TIGHT_CONSOLIDATION_BREAK @ $210.92 → TARGET_HIT +0.52%
    🟢 AAPL VWAP_CROSS_UP @ $211.30 → TARGET_HIT +0.52%
  2025-05-15 [STRONG_RISK_ON  ] Trades:736 Setups:736
    🔴 SMCI ORB_BREAKOUT @ $45.99 → STOP_LOSS -0.65%
    🔴 SMCI ORB_BREAKOUT @ $45.83 → STOP_LOSS -0.65%
    🔴 AVGO ORB_BREAKDOWN @ $227.50 → STOP_LOSS -0.27%
    🔴 AVGO ORB_BREAKDOWN @ $227.30 → STOP_LOSS -0.27%
    🔴 CRM VWAP_CROSS_DOWN @ $290.44 → STOP_LOSS -0.13%
    🔴 CRM VWAP_CROSS_UP @ $290.76 → STOP_LOSS -0.13%
    🔴 TSLA VOLUME_SPIKE @ $345.55 → STOP_LOSS -0.26%
    🔴 TSLA ORB_BREAKDOWN @ $343.29 → STOP_LOSS -0.26%
    🔴 MSTR ORB_BREAKDOWN @ $389.48 → STOP_LOSS -0.41%
    🔴 MSTR VWAP_CROSS_UP @ $395.59 → STOP_LOSS -0.40%
    🟢 AMD ORB_BREAKDOWN @ $117.31 → TARGET_HIT +0.46%
    🟢 AMD ORB_BREAKDOWN @ $116.98 → TARGET_HIT +0.46%
    🔴 META VWAP_CROSS_DOWN @ $635.84 → STOP_LOSS -0.15%
    🔴 META VOLUME_SPIKE @ $636.64 → STOP_LOSS -0.15%
    🔴 CRWD VOLUME_SPIKE @ $439.54 → STOP_LOSS -0.10%
    🔴 CRWD VWAP_CROSS_DOWN @ $437.34 → STOP_LOSS -0.10%
    🔴 SNOW VWAP_CROSS_DOWN @ $183.15 → STOP_LOSS -0.14%
    🔴 SNOW VOLUME_SPIKE @ $184.01 → STOP_LOSS -0.14%
    🟢 ARM VOLUME_SPIKE @ $134.68 → TARGET_HIT +0.41%
    🔴 ARM ORB_BREAKOUT @ $135.06 → STOP_LOSS -0.20%
    🟢 NVDA VWAP_CROSS_DOWN @ $136.31 → TARGET_HIT +0.48%
    🔴 NVDA VWAP_CROSS_UP @ $136.39 → STOP_LOSS -0.24%
    🔴 GOOGL VOLUME_SPIKE @ $168.44 → STOP_LOSS -0.19%
    🟢 GOOGL VOLUME_SPIKE @ $168.33 → TARGET_HIT +0.37%
    🔴 CELH ORB_BREAKDOWN @ $38.76 → STOP_LOSS -0.26%
    🔴 CELH VWAP_CROSS_UP @ $39.09 → STOP_LOSS -0.26%
    🔴 MSFT VWAP_CROSS_UP @ $450.50 → STOP_LOSS -0.15%
    🔴 MSFT VOLUME_SPIKE @ $451.24 → STOP_LOSS -0.15%
    🔴 PLTR VOLUME_SPIKE @ $129.65 → STOP_LOSS -0.27%
    🔴 PLTR VWAP_CROSS_DOWN @ $128.84 → STOP_LOSS -0.27%
    🔴 ORCL VWAP_CROSS_DOWN @ $159.15 → STOP_LOSS -0.20%
    🟢 ORCL VOLUME_SPIKE @ $159.19 → TIMEOUT +0.08%
    🔴 AAPL VOLUME_SPIKE @ $211.65 → STOP_LOSS -0.19%
    🔴 AAPL ORB_BREAKDOWN @ $210.18 → TIMEOUT -0.03%
  2025-05-16 [STRONG_RISK_ON  ] Trades:538 Setups:538
    🟢 SMCI VOLUME_SPIKE @ $45.53 → TARGET_HIT +0.83%
    🟢 SMCI ORB_BREAKOUT @ $45.76 → TARGET_HIT +0.83%
    🟢 AVGO VOLUME_SPIKE @ $228.45 → TARGET_HIT +0.39%
    🔴 AVGO ORB_BREAKOUT @ $229.24 → STOP_LOSS -0.19%
    🔴 CRM TIGHT_CONSOLIDATION_BREAK @ $289.72 → STOP_LOSS -0.16%
    🔴 CRM VWAP_CROSS_DOWN @ $288.52 → STOP_LOSS -0.16%
    🟢 TSLA VOLUME_SPIKE @ $336.99 → TARGET_HIT +0.59%
    🟢 TSLA ORB_BREAKOUT @ $339.23 → TARGET_HIT +0.59%
    🔴 MSTR VWAP_CROSS_DOWN @ $400.22 → STOP_LOSS -0.29%
    🟢 MSTR VWAP_CROSS_UP @ $402.61 → TARGET_HIT +0.57%
    🔴 AMD VOLUME_SPIKE @ $115.01 → STOP_LOSS -0.23%
    🔴 AMD VOLUME_SPIKE @ $115.07 → STOP_LOSS -0.23%
    🔴 META ORB_BREAKOUT @ $640.60 → STOP_LOSS -0.14%
    🔴 META ORB_BREAKOUT @ $640.20 → STOP_LOSS -0.14%
    🔴 CRWD ORB_BREAKOUT @ $441.70 → STOP_LOSS -0.09%
    🟢 CRWD ORB_BREAKOUT @ $440.92 → TARGET_HIT +0.19%
    🟢 AXON ORB_BREAKOUT @ $738.71 → TARGET_HIT +0.01%
    🟢 AXON ORB_BREAKOUT @ $738.72 → TARGET_HIT +0.01%
    🟢 SNOW VOLUME_SPIKE @ $182.25 → TARGET_HIT +0.25%
    🔴 SNOW ORB_BREAKOUT @ $183.05 → STOP_LOSS -0.12%
    🟢 ARM ORB_BREAKOUT @ $132.44 → TARGET_HIT +0.36%
    🔴 ARM ORB_BREAKOUT @ $133.18 → STOP_LOSS -0.18%
    🔴 NVDA VWAP_CROSS_DOWN @ $131.89 → STOP_LOSS -0.24%
    🟢 NVDA ORB_BREAKOUT @ $132.73 → TARGET_HIT +0.47%
    🔴 GOOGL VWAP_CROSS_DOWN @ $165.31 → STOP_LOSS -0.16%
    🔴 GOOGL VWAP_CROSS_UP @ $165.86 → STOP_LOSS -0.16%
    🔴 CELH VWAP_CROSS_DOWN @ $37.82 → STOP_LOSS -0.37%
    🔴 CELH VWAP_CROSS_UP @ $38.16 → STOP_LOSS -0.36%
    🔴 MSFT VOLUME_SPIKE @ $456.56 → STOP_LOSS -0.15%
    🔴 MSFT VOLUME_SPIKE @ $457.23 → STOP_LOSS -0.15%
    🔴 PLTR VOLUME_SPIKE @ $125.32 → STOP_LOSS -0.31%
    🔴 PLTR VOLUME_SPIKE @ $124.70 → STOP_LOSS -0.31%
    🔴 ORCL ORB_BREAKOUT @ $161.12 → STOP_LOSS -0.22%
    🔴 ORCL ORB_BREAKOUT @ $161.01 → STOP_LOSS -0.22%
    🟢 AAPL VOLUME_SPIKE @ $205.63 → TARGET_HIT +0.39%
    🟢 AAPL VOLUME_SPIKE @ $206.42 → TARGET_HIT +0.39%
  2025-05-19 [STRONG_RISK_ON  ] Trades:507 Setups:507
    🔴 SMCI VOLUME_SPIKE @ $43.85 → STOP_LOSS -0.52%
    🟢 SMCI VOLUME_SPIKE @ $43.55 → TARGET_HIT +1.04%
    🔴 AVGO VWAP_CROSS_DOWN @ $228.83 → STOP_LOSS -0.25%
    🔴 AVGO VWAP_CROSS_UP @ $229.75 → STOP_LOSS -0.24%
    🟢 CRM VOLUME_SPIKE @ $285.36 → TARGET_HIT +0.34%
    🟢 CRM VWAP_CROSS_UP @ $286.30 → TIMEOUT +0.09%
    🔴 TSLA ORB_BREAKOUT @ $352.57 → STOP_LOSS -0.55%
    🔴 TSLA ORB_BREAKOUT @ $354.05 → STOP_LOSS -0.54%
    🔴 MSTR VWAP_CROSS_UP @ $411.84 → STOP_LOSS -0.46%
    🔴 MSTR VWAP_CROSS_DOWN @ $410.92 → STOP_LOSS -0.46%
    🔴 AMD VOLUME_SPIKE @ $113.28 → STOP_LOSS -0.28%
    🔴 AMD VWAP_CROSS_DOWN @ $112.88 → STOP_LOSS -0.28%
    🔴 META VWAP_CROSS_UP @ $637.71 → STOP_LOSS -0.20%
    🔴 META VWAP_CROSS_DOWN @ $637.11 → STOP_LOSS -0.20%
    🔴 CRWD VOLUME_SPIKE @ $439.31 → STOP_LOSS -0.18%
    🔴 CRWD TIGHT_CONSOLIDATION_BREAK @ $439.60 → STOP_LOSS -0.18%
    🔴 AXON ORB_BREAKDOWN @ $736.29 → STOP_LOSS -0.03%
    🟢 AXON VOLUME_SPIKE @ $737.58 → TARGET_HIT +0.06%
    🔴 SNOW VWAP_CROSS_UP @ $182.96 → STOP_LOSS -0.15%
    🔴 SNOW TIGHT_CONSOLIDATION_BREAK @ $183.11 → STOP_LOSS -0.15%
    🔴 ARM VOLUME_SPIKE @ $130.86 → STOP_LOSS -0.21%
    🔴 ARM VWAP_CROSS_UP @ $130.98 → STOP_LOSS -0.21%
    🟢 NVDA ORB_BREAKDOWN @ $134.15 → TARGET_HIT +0.62%
    🟢 NVDA ORB_BREAKDOWN @ $134.01 → TARGET_HIT +0.62%
    🔴 GOOGL VWAP_CROSS_DOWN @ $166.38 → STOP_LOSS -0.31%
    🔴 GOOGL VWAP_CROSS_UP @ $166.60 → STOP_LOSS -0.31%
    🔴 CELH VOLUME_SPIKE @ $38.19 → STOP_LOSS -0.34%
    🔴 CELH VWAP_CROSS_UP @ $38.40 → STOP_LOSS -0.34%
    🔴 MSFT VWAP_CROSS_UP @ $455.97 → TIMEOUT +0.00%
    🔴 MSFT TIGHT_CONSOLIDATION_BREAK @ $456.18 → TIMEOUT -0.04%
    🟢 PLTR ORB_BREAKDOWN @ $126.83 → TARGET_HIT +0.71%
    🟢 PLTR ORB_BREAKDOWN @ $126.31 → TARGET_HIT +0.71%
    🔴 ORCL VWAP_CROSS_DOWN @ $157.92 → STOP_LOSS -0.18%
    🟢 ORCL VWAP_CROSS_UP @ $158.22 → TARGET_HIT +0.36%
    🔴 AAPL TIGHT_CONSOLIDATION_BREAK @ $208.45 → STOP_LOSS -0.23%
    🔴 AAPL VWAP_CROSS_DOWN @ $207.49 → STOP_LOSS -0.23%
  2025-05-20 [STRONG_RISK_ON  ] Trades:607 Setups:607
    🟢 SMCI ORB_BREAKOUT @ $43.28 → TARGET_HIT +1.49%
    🟢 SMCI ORB_BREAKOUT @ $43.30 → TARGET_HIT +1.49%
    🟢 AVGO VWAP_CROSS_UP @ $231.63 → TARGET_HIT +0.85%
    🔴 AVGO VWAP_CROSS_DOWN @ $231.21 → STOP_LOSS -0.43%
    🟢 CRM VOLUME_SPIKE @ $285.90 → TIMEOUT +0.29%
    🟢 CRM VWAP_CROSS_UP @ $285.96 → TIMEOUT +0.18%
    🔴 TSLA VWAP_CROSS_DOWN @ $343.80 → STOP_LOSS -0.45%
    🔴 TSLA VWAP_CROSS_UP @ $345.17 → STOP_LOSS -0.44%
    🔴 MSTR ORB_BREAKDOWN @ $412.52 → STOP_LOSS -0.62%
    🔴 MSTR ORB_BREAKDOWN @ $411.70 → STOP_LOSS -0.62%
    🔴 AMD VOLUME_SPIKE @ $114.95 → STOP_LOSS -0.55%
    🔴 AMD ORB_BREAKOUT @ $115.19 → STOP_LOSS -0.54%
    🟢 META TIGHT_CONSOLIDATION_BREAK @ $642.32 → TARGET_HIT +0.60%
    🔴 META ORB_BREAKOUT @ $644.59 → STOP_LOSS -0.30%
    🔴 CRWD VOLUME_SPIKE @ $438.05 → STOP_LOSS -0.34%
    🔴 CRWD VOLUME_SPIKE @ $438.59 → STOP_LOSS -0.34%
    🔴 AXON ORB_BREAKOUT @ $746.66 → STOP_LOSS -0.02%
    🟢 AXON ORB_BREAKDOWN @ $735.57 → TARGET_HIT +0.03%
    🔴 SNOW TIGHT_CONSOLIDATION_BREAK @ $183.04 → STOP_LOSS -0.51%
    🟢 SNOW TIGHT_CONSOLIDATION_BREAK @ $183.17 → TIMEOUT +0.23%
    🟢 ARM VOLUME_SPIKE @ $131.62 → TARGET_HIT +0.79%
    🟢 ARM ORB_BREAKOUT @ $132.06 → TARGET_HIT +0.79%
    🔴 NVDA ORB_BREAKOUT @ $134.65 → STOP_LOSS -0.54%
    🔴 NVDA VWAP_CROSS_DOWN @ $134.00 → STOP_LOSS -0.55%
    🔴 GOOGL ORB_BREAKOUT @ $169.74 → STOP_LOSS -0.33%
    🔴 GOOGL ORB_BREAKOUT @ $169.59 → STOP_LOSS -0.33%
    🔴 CELH VOLUME_SPIKE @ $37.03 → STOP_LOSS -0.36%
    🔴 CELH ORB_BREAKDOWN @ $36.81 → STOP_LOSS -0.37%
    🔴 MSFT VWAP_CROSS_DOWN @ $455.57 → STOP_LOSS -0.26%
    🔴 MSFT VWAP_CROSS_UP @ $457.14 → STOP_LOSS -0.26%
    🔴 PLTR ORB_BREAKOUT @ $126.69 → STOP_LOSS -0.67%
    🟢 PLTR ORB_BREAKOUT @ $126.04 → TIMEOUT +0.71%
    🟢 ORCL TIGHT_CONSOLIDATION_BREAK @ $159.50 → TIMEOUT +0.41%
    🔴 ORCL VWAP_CROSS_DOWN @ $159.09 → STOP_LOSS -0.27%
    🔴 AAPL ORB_BREAKOUT @ $206.24 → STOP_LOSS -0.35%
    🔴 AAPL ORB_BREAKOUT @ $206.57 → STOP_LOSS -0.35%
  2025-05-21 [CHOPPY          ] Trades:766 Setups:766
    🔴 SMCI VOLUME_SPIKE @ $41.32 → STOP_LOSS -0.45%
    🔴 SMCI VOLUME_SPIKE @ $41.44 → STOP_LOSS -0.45%
    🔴 AVGO ORB_BREAKOUT @ $231.71 → STOP_LOSS -0.26%
    🔴 AVGO ORB_BREAKOUT @ $231.92 → STOP_LOSS -0.26%
    🔴 CRM VOLUME_SPIKE @ $284.60 → STOP_LOSS -0.17%
    🔴 CRM ORB_BREAKOUT @ $284.73 → STOP_LOSS -0.17%
    🟢 TSLA ORB_BREAKOUT @ $339.27 → TARGET_HIT +0.86%
    🔴 TSLA ORB_BREAKOUT @ $340.03 → STOP_LOSS -0.43%
    🔴 MSTR ORB_BREAKDOWN @ $410.69 → STOP_LOSS -0.40%
    🔴 MSTR ORB_BREAKDOWN @ $411.60 → STOP_LOSS -0.40%
    🔴 AMD VWAP_CROSS_UP @ $112.10 → STOP_LOSS -0.31%
    🔴 AMD VWAP_CROSS_DOWN @ $111.89 → STOP_LOSS -0.31%
    🔴 META VOLUME_SPIKE @ $641.95 → STOP_LOSS -0.18%
    🔴 META VOLUME_SPIKE @ $642.08 → STOP_LOSS -0.18%
    🔴 CRWD ORB_BREAKOUT @ $448.41 → STOP_LOSS -0.11%
    🔴 CRWD TIGHT_CONSOLIDATION_BREAK @ $446.73 → STOP_LOSS -0.11%
    🔴 AXON VWAP_CROSS_UP @ $730.62 → STOP_LOSS -0.04%
    🔴 AXON VWAP_CROSS_DOWN @ $729.10 → STOP_LOSS -0.04%
    🔴 SNOW VOLUME_SPIKE @ $198.50 → STOP_LOSS -0.44%
    🔴 SNOW VWAP_CROSS_DOWN @ $195.91 → STOP_LOSS -0.45%
    🟢 ARM VWAP_CROSS_DOWN @ $130.09 → TARGET_HIT +0.33%
    🔴 ARM VWAP_CROSS_UP @ $130.05 → STOP_LOSS -0.16%
    🔴 NVDA VOLUME_SPIKE @ $132.06 → STOP_LOSS -0.37%
    🔴 NVDA VOLUME_SPIKE @ $132.08 → STOP_LOSS -0.37%
    🔴 GOOGL VOLUME_SPIKE @ $175.73 → STOP_LOSS -0.32%
    🔴 GOOGL VOLUME_SPIKE @ $176.67 → STOP_LOSS -0.32%
    🟢 CELH ORB_BREAKDOWN @ $35.17 → TARGET_HIT +0.86%
    🔴 CELH ORB_BREAKDOWN @ $34.91 → STOP_LOSS -0.43%
    🔴 MSFT VOLUME_SPIKE @ $459.94 → STOP_LOSS -0.19%
    🔴 MSFT VOLUME_SPIKE @ $459.48 → STOP_LOSS -0.19%
    🟢 PLTR ORB_BREAKOUT @ $121.73 → TARGET_HIT +1.09%
    🟢 PLTR ORB_BREAKOUT @ $121.72 → TARGET_HIT +1.09%
    🔴 ORCL ORB_BREAKOUT @ $158.79 → STOP_LOSS -0.24%
    🔴 ORCL ORB_BREAKOUT @ $158.69 → STOP_LOSS -0.24%
    🔴 AAPL VOLUME_SPIKE @ $200.95 → STOP_LOSS -0.29%
    🔴 AAPL VWAP_CROSS_DOWN @ $200.77 → TIMEOUT -0.16%
  2025-05-22 [NEUTRAL         ] Trades:527 Setups:527
    🔴 SMCI VOLUME_SPIKE @ $39.86 → STOP_LOSS -0.47%
    🔴 SMCI VOLUME_SPIKE @ $39.55 → STOP_LOSS -0.48%
    🔴 AVGO VWAP_CROSS_UP @ $228.83 → STOP_LOSS -0.25%
    🟢 AVGO VOLUME_SPIKE @ $229.00 → TARGET_HIT +0.49%
    🟢 CRM VWAP_CROSS_UP @ $279.18 → TIMEOUT +0.13%
    🔴 CRM VWAP_CROSS_UP @ $279.66 → TIMEOUT -0.21%
    🔴 TSLA VWAP_CROSS_DOWN @ $335.91 → STOP_LOSS -0.28%
    🔴 TSLA VWAP_CROSS_UP @ $336.62 → STOP_LOSS -0.27%
    🔴 MSTR VOLUME_SPIKE @ $385.47 → STOP_LOSS -0.56%
    🔴 MSTR VWAP_CROSS_UP @ $387.96 → STOP_LOSS -0.55%
    🔴 AMD ORB_BREAKOUT @ $108.69 → STOP_LOSS -0.29%
    🔴 AMD ORB_BREAKOUT @ $108.78 → STOP_LOSS -0.29%
    🟢 META VOLUME_SPIKE @ $627.50 → TARGET_HIT +0.40%
    🔴 META VOLUME_SPIKE @ $629.00 → STOP_LOSS -0.20%
    🟢 CRWD ORB_BREAKOUT @ $443.95 → TARGET_HIT +0.50%
    🟢 CRWD ORB_BREAKOUT @ $446.39 → TARGET_HIT +0.49%
    🔴 AXON ORB_BREAKOUT @ $729.84 → STOP_LOSS -0.05%
    🔴 AXON ORB_BREAKOUT @ $728.75 → STOP_LOSS -0.05%
    🟢 SNOW VOLUME_SPIKE @ $200.60 → TARGET_HIT +0.66%
    🟢 SNOW VOLUME_SPIKE @ $201.55 → TARGET_HIT +0.66%
    🟢 ARM VWAP_CROSS_UP @ $125.48 → TARGET_HIT +0.35%
    🟢 ARM VWAP_CROSS_UP @ $125.94 → TARGET_HIT +0.35%
    🟢 NVDA VWAP_CROSS_UP @ $129.33 → TARGET_HIT +0.68%
    🔴 NVDA ORB_BREAKOUT @ $130.77 → STOP_LOSS -0.33%
    🔴 GOOGL VOLUME_SPIKE @ $168.10 → STOP_LOSS -0.29%
    🟢 GOOGL VOLUME_SPIKE @ $168.26 → TARGET_HIT +0.57%
    🟢 CELH VWAP_CROSS_UP @ $35.27 → TARGET_HIT +0.58%
    🔴 CELH ORB_BREAKOUT @ $35.51 → STOP_LOSS -0.29%
    🟢 MSFT VWAP_CROSS_UP @ $450.58 → TIMEOUT +0.04%
    🔴 MSFT VOLUME_SPIKE @ $451.31 → STOP_LOSS -0.18%
    🔴 PLTR VWAP_CROSS_DOWN @ $120.39 → STOP_LOSS -0.43%
    🔴 PLTR ORB_BREAKOUT @ $122.55 → STOP_LOSS -0.42%
    🔴 ORCL VWAP_CROSS_DOWN @ $155.49 → STOP_LOSS -0.22%
    🔴 ORCL VWAP_CROSS_UP @ $156.05 → STOP_LOSS -0.22%
    🔴 AAPL VOLUME_SPIKE @ $196.64 → STOP_LOSS -0.30%
    🔴 AAPL VOLUME_SPIKE @ $195.99 → STOP_LOSS -0.30%
  2025-05-23 [RISK_OFF        ] Trades:606 Setups:606
    🔴 SMCI ORB_BREAKOUT @ $42.38 → STOP_LOSS -0.59%
    🟢 SMCI ORB_BREAKOUT @ $42.08 → TARGET_HIT +1.19%
    🔴 AVGO ORB_BREAKOUT @ $235.12 → STOP_LOSS -0.22%
    🔴 AVGO VOLUME_SPIKE @ $233.91 → STOP_LOSS -0.22%
    🔴 CRM ORB_BREAKOUT @ $275.89 → STOP_LOSS -0.22%
    🔴 CRM ORB_BREAKOUT @ $276.38 → STOP_LOSS -0.22%
    🔴 TSLA ORB_BREAKOUT @ $355.27 → TIMEOUT -0.02%
    🟢 TSLA ORB_BREAKOUT @ $355.95 → TIMEOUT +0.13%
    🔴 MSTR ORB_BREAKDOWN @ $371.92 → STOP_LOSS -0.39%
    🟢 MSTR ORB_BREAKDOWN @ $372.50 → TARGET_HIT +0.79%
    🟢 AMD VOLUME_SPIKE @ $113.73 → TARGET_HIT +0.52%
    🔴 AMD ORB_BREAKOUT @ $114.65 → STOP_LOSS -0.26%
    🔴 META ORB_BREAKOUT @ $638.90 → STOP_LOSS -0.10%
    🔴 META VWAP_CROSS_DOWN @ $636.03 → STOP_LOSS -0.10%
    🟢 CRWD VOLUME_SPIKE @ $468.99 → TARGET_HIT +0.33%
    🔴 CRWD ORB_BREAKOUT @ $472.26 → STOP_LOSS -0.16%
    🔴 AXON ORB_BREAKOUT @ $747.63 → STOP_LOSS -0.03%
    🔴 AXON ORB_BREAKOUT @ $747.25 → STOP_LOSS -0.03%
    🔴 SNOW VWAP_CROSS_UP @ $205.64 → STOP_LOSS -0.22%
    🔴 SNOW VOLUME_SPIKE @ $205.54 → STOP_LOSS -0.22%
    🟢 ARM ORB_BREAKOUT @ $132.32 → TARGET_HIT +0.59%
    🟢 ARM ORB_BREAKOUT @ $132.39 → TARGET_HIT +0.59%
    🔴 NVDA TIGHT_CONSOLIDATION_BREAK @ $134.84 → STOP_LOSS -0.25%
    🔴 NVDA ORB_BREAKOUT @ $134.96 → STOP_LOSS -0.25%
    🟢 GOOGL VOLUME_SPIKE @ $170.62 → TARGET_HIT +0.36%
    🟢 GOOGL VWAP_CROSS_UP @ $171.27 → TARGET_HIT +0.36%
    🔴 CELH VOLUME_SPIKE @ $36.85 → STOP_LOSS -0.28%
    🔴 CELH VWAP_CROSS_DOWN @ $36.77 → STOP_LOSS -0.28%
    🔴 MSFT VWAP_CROSS_UP @ $458.08 → STOP_LOSS -0.12%
    🟢 MSFT VOLUME_SPIKE @ $457.98 → TIMEOUT +0.10%
    🟢 PLTR VWAP_CROSS_UP @ $125.96 → TARGET_HIT +0.90%
    🔴 PLTR VWAP_CROSS_UP @ $126.65 → STOP_LOSS -0.45%
    🟢 ORCL ORB_BREAKOUT @ $161.09 → TARGET_HIT +0.27%
    🟢 ORCL ORB_BREAKOUT @ $161.09 → TARGET_HIT +0.27%
    🟢 AAPL VOLUME_SPIKE @ $198.30 → TIMEOUT +0.07%
    🟢 AAPL VOLUME_SPIKE @ $198.30 → TIMEOUT +0.18%
  2025-05-27 [CHOPPY          ] Trades:588 Setups:588
    🟢 SMCI VWAP_CROSS_UP @ $41.31 → TARGET_HIT +1.43%
    🔴 SMCI VWAP_CROSS_DOWN @ $41.24 → STOP_LOSS -0.72%
    🔴 AVGO ORB_BREAKDOWN @ $235.06 → STOP_LOSS -0.39%
    🔴 AVGO ORB_BREAKDOWN @ $235.07 → STOP_LOSS -0.39%
    🟢 CRM ORB_BREAKDOWN @ $275.00 → TARGET_HIT +0.50%
    🔴 CRM ORB_BREAKDOWN @ $274.50 → STOP_LOSS -0.25%
    🟢 TSLA VOLUME_SPIKE @ $360.98 → TARGET_HIT +0.71%
    🔴 TSLA VWAP_CROSS_UP @ $362.33 → STOP_LOSS -0.35%
    🔴 MSTR VOLUME_SPIKE @ $362.75 → STOP_LOSS -0.39%
    🔴 MSTR ORB_BREAKDOWN @ $360.29 → STOP_LOSS -0.39%
    🔴 AMD VOLUME_SPIKE @ $114.17 → TIMEOUT -0.04%
    🟢 AMD VWAP_CROSS_DOWN @ $114.13 → TIMEOUT +0.13%
    🔴 META VOLUME_SPIKE @ $645.14 → STOP_LOSS -0.17%
    🟢 META TIGHT_CONSOLIDATION_BREAK @ $645.31 → TIMEOUT +0.06%
    🔴 CRWD VOLUME_SPIKE @ $467.96 → STOP_LOSS -0.11%
    🟢 CRWD VOLUME_SPIKE @ $466.98 → TARGET_HIT +0.22%
    🔴 AXON TIGHT_CONSOLIDATION_BREAK @ $751.34 → STOP_LOSS -0.07%
    🔴 AXON TIGHT_CONSOLIDATION_BREAK @ $751.43 → STOP_LOSS -0.07%
    🟢 SNOW ORB_BREAKDOWN @ $205.74 → TARGET_HIT +0.46%
    🔴 SNOW ORB_BREAKDOWN @ $205.27 → STOP_LOSS -0.23%
    🟢 ARM VWAP_CROSS_UP @ $134.96 → TIMEOUT +0.04%
    🟢 ARM TIGHT_CONSOLIDATION_BREAK @ $135.03 → TIMEOUT +0.01%
    🟢 NVDA ORB_BREAKDOWN @ $135.71 → TIMEOUT +0.33%
    🟢 NVDA ORB_BREAKDOWN @ $135.85 → TIMEOUT +0.38%
    🔴 GOOGL VOLUME_SPIKE @ $173.57 → STOP_LOSS -0.25%
    🔴 GOOGL TIGHT_CONSOLIDATION_BREAK @ $173.22 → TIMEOUT -0.06%
    🔴 CELH ORB_BREAKDOWN @ $36.16 → STOP_LOSS -0.56%
    🔴 CELH VWAP_CROSS_UP @ $36.46 → STOP_LOSS -0.55%
    🟢 MSFT ORB_BREAKDOWN @ $459.34 → TIMEOUT +0.16%
    🟢 MSFT ORB_BREAKDOWN @ $459.32 → TIMEOUT +0.17%
    🔴 PLTR VOLUME_SPIKE @ $124.93 → STOP_LOSS -0.51%
    🔴 PLTR VOLUME_SPIKE @ $123.32 → STOP_LOSS -0.52%
    🔴 ORCL ORB_BREAKDOWN @ $161.36 → TIMEOUT -0.09%
    🟢 ORCL VOLUME_SPIKE @ $161.52 → TIMEOUT +0.20%
    🟢 AAPL VOLUME_SPIKE @ $200.39 → TIMEOUT +0.41%
    🟢 AAPL VWAP_CROSS_UP @ $201.02 → TIMEOUT +0.09%
  2025-05-28 [NEUTRAL         ] Trades:559 Setups:559
    🔴 SMCI VOLUME_SPIKE @ $42.39 → STOP_LOSS -0.47%
    🟢 SMCI ORB_BREAKDOWN @ $41.92 → TARGET_HIT +0.95%
    🔴 AVGO ORB_BREAKDOWN @ $238.27 → STOP_LOSS -0.35%
    🔴 AVGO ORB_BREAKDOWN @ $238.36 → STOP_LOSS -0.35%
    🔴 CRM VWAP_CROSS_UP @ $259.46 → STOP_LOSS -0.55%
    🔴 CRM VWAP_CROSS_DOWN @ $257.87 → STOP_LOSS -0.55%
    🔴 TSLA ORB_BREAKDOWN @ $360.41 → STOP_LOSS -0.36%
    🔴 TSLA ORB_BREAKDOWN @ $360.63 → STOP_LOSS -0.36%
    🔴 MSTR ORB_BREAKDOWN @ $365.19 → STOP_LOSS -0.37%
    🔴 MSTR ORB_BREAKDOWN @ $365.06 → STOP_LOSS -0.37%
    🔴 AMD VOLUME_SPIKE @ $114.72 → STOP_LOSS -0.30%
    🔴 AMD VOLUME_SPIKE @ $114.61 → STOP_LOSS -0.30%
    🔴 META ORB_BREAKDOWN @ $643.76 → STOP_LOSS -0.20%
    🔴 META ORB_BREAKDOWN @ $643.25 → STOP_LOSS -0.20%
    🔴 CRWD VOLUME_SPIKE @ $460.38 → STOP_LOSS -0.16%
    🟢 CRWD ORB_BREAKDOWN @ $456.26 → TARGET_HIT +0.32%
    🔴 AXON VWAP_CROSS_UP @ $746.18 → STOP_LOSS -0.19%
    🔴 AXON VWAP_CROSS_UP @ $747.00 → STOP_LOSS -0.19%
    🔴 SNOW ORB_BREAKDOWN @ $201.63 → STOP_LOSS -0.23%
    🔴 SNOW ORB_BREAKDOWN @ $201.87 → STOP_LOSS -0.23%
    🟢 ARM ORB_BREAKDOWN @ $132.45 → TARGET_HIT +0.72%
    🟢 ARM ORB_BREAKDOWN @ $132.56 → TARGET_HIT +0.72%
    🟢 NVDA VWAP_CROSS_UP @ $141.97 → TARGET_HIT +0.67%
    🔴 NVDA VWAP_CROSS_DOWN @ $141.92 → STOP_LOSS -0.34%
    🔴 GOOGL VOLUME_SPIKE @ $172.60 → STOP_LOSS -0.23%
    🔴 GOOGL VOLUME_SPIKE @ $172.70 → STOP_LOSS -0.23%
    🔴 CELH VOLUME_SPIKE @ $34.60 → STOP_LOSS -0.43%
    🔴 CELH VWAP_CROSS_UP @ $34.75 → STOP_LOSS -0.42%
    🔴 MSFT ORB_BREAKDOWN @ $457.11 → STOP_LOSS -0.17%
    🔴 MSFT VWAP_CROSS_UP @ $459.21 → STOP_LOSS -0.17%
    🟢 PLTR ORB_BREAKDOWN @ $124.04 → TARGET_HIT +0.83%
    🔴 PLTR ORB_BREAKDOWN @ $122.37 → STOP_LOSS -0.42%
    🟢 ORCL VWAP_CROSS_DOWN @ $164.14 → TARGET_HIT +0.47%
    🟢 ORCL ORB_BREAKDOWN @ $163.04 → TIMEOUT +0.09%
    🟢 AAPL VOLUME_SPIKE @ $202.69 → TARGET_HIT +0.50%
    🔴 AAPL VOLUME_SPIKE @ $202.21 → STOP_LOSS -0.25%
  2025-05-29 [RISK_ON         ] Trades:628 Setups:628
    🟢 SMCI VWAP_CROSS_UP @ $39.92 → TARGET_HIT +0.97%
    🔴 SMCI VWAP_CROSS_DOWN @ $39.92 → STOP_LOSS -0.49%
    🟢 AVGO VOLUME_SPIKE @ $239.59 → TARGET_HIT +0.83%
    🟢 AVGO VOLUME_SPIKE @ $240.45 → TIMEOUT +0.30%
    🔴 CRM ORB_BREAKDOWN @ $264.22 → STOP_LOSS -0.27%
    🟢 CRM ORB_BREAKDOWN @ $264.21 → TARGET_HIT +0.54%
    🟢 TSLA VWAP_CROSS_UP @ $357.18 → TARGET_HIT +0.92%
    🟢 TSLA ORB_BREAKOUT @ $358.04 → TARGET_HIT +0.92%
    🔴 MSTR ORB_BREAKOUT @ $371.55 → STOP_LOSS -0.42%
    🔴 MSTR ORB_BREAKOUT @ $370.54 → STOP_LOSS -0.42%
    🟢 AMD VWAP_CROSS_UP @ $111.10 → TIMEOUT +0.14%
    🔴 AMD TIGHT_CONSOLIDATION_BREAK @ $111.69 → STOP_LOSS -0.37%
    🔴 META ORB_BREAKOUT @ $645.03 → TIMEOUT -0.03%
    🔴 META ORB_BREAKOUT @ $646.29 → STOP_LOSS -0.28%
    🟢 CRWD VWAP_CROSS_UP @ $461.61 → TARGET_HIT +0.51%
    🔴 CRWD TIGHT_CONSOLIDATION_BREAK @ $464.60 → STOP_LOSS -0.25%
    🔴 AXON VWAP_CROSS_UP @ $736.93 → STOP_LOSS -0.10%
    🔴 AXON VWAP_CROSS_DOWN @ $734.73 → STOP_LOSS -0.11%
    🟢 SNOW VWAP_CROSS_UP @ $201.41 → TARGET_HIT +0.39%
    🟢 SNOW TIGHT_CONSOLIDATION_BREAK @ $202.65 → TARGET_HIT +0.38%
    🔴 ARM VWAP_CROSS_UP @ $125.63 → STOP_LOSS -0.30%
    🔴 ARM VWAP_CROSS_DOWN @ $125.50 → STOP_LOSS -0.30%
    🔴 NVDA VOLUME_SPIKE @ $138.51 → STOP_LOSS -0.46%
    🟢 NVDA ORB_BREAKDOWN @ $137.57 → TARGET_HIT +0.92%
    🔴 GOOGL VWAP_CROSS_UP @ $170.95 → STOP_LOSS -0.30%
    🟢 GOOGL VWAP_CROSS_DOWN @ $170.69 → TIMEOUT +0.27%
    🔴 CELH VWAP_CROSS_DOWN @ $36.30 → STOP_LOSS -0.66%
    🟢 CELH VWAP_CROSS_UP @ $36.42 → TARGET_HIT +1.31%
    🔴 PLTR ORB_BREAKOUT @ $125.09 → STOP_LOSS -0.83%
    🔴 PLTR ORB_BREAKOUT @ $124.78 → STOP_LOSS -0.83%
    🟢 AAPL VWAP_CROSS_UP @ $198.68 → TIMEOUT +0.34%
    🔴 AAPL TIGHT_CONSOLIDATION_BREAK @ $199.46 → STOP_LOSS -0.32%
  2025-05-30 [RISK_ON         ] Trades:743 Setups:743
    🟢 SMCI VWAP_CROSS_DOWN @ $40.06 → TARGET_HIT +0.67%
    🔴 SMCI VOLUME_SPIKE @ $39.98 → STOP_LOSS -0.34%
    🟢 AVGO VWAP_CROSS_UP @ $247.32 → TARGET_HIT +0.53%
    🔴 AVGO ORB_BREAKOUT @ $249.46 → STOP_LOSS -0.26%
    🟢 CRM VWAP_CROSS_UP @ $261.13 → TARGET_HIT +0.36%
    🔴 CRM TIGHT_CONSOLIDATION_BREAK @ $261.65 → STOP_LOSS -0.18%
    🔴 TSLA ORB_BREAKOUT @ $346.33 → STOP_LOSS -0.26%
    🔴 TSLA ORB_BREAKOUT @ $346.86 → STOP_LOSS -0.26%
    🟢 MSTR VWAP_CROSS_UP @ $372.81 → TARGET_HIT +0.53%
    🔴 MSTR VWAP_CROSS_DOWN @ $371.37 → STOP_LOSS -0.27%
    🔴 AMD VWAP_CROSS_DOWN @ $112.66 → STOP_LOSS -0.28%
    🔴 AMD VWAP_CROSS_UP @ $112.93 → STOP_LOSS -0.27%
    🟢 META VWAP_CROSS_UP @ $653.61 → TARGET_HIT +0.56%
    🟢 META TIGHT_CONSOLIDATION_BREAK @ $655.92 → TARGET_HIT +0.56%
    🔴 CRWD VWAP_CROSS_UP @ $472.97 → STOP_LOSS -0.13%
    🔴 CRWD TIGHT_CONSOLIDATION_BREAK @ $473.02 → STOP_LOSS -0.13%
    🔴 ARM ORB_BREAKDOWN @ $123.80 → STOP_LOSS -0.21%
    🟢 ARM VWAP_CROSS_UP @ $125.06 → TARGET_HIT +0.42%
    🔴 NVDA ORB_BREAKOUT @ $137.66 → STOP_LOSS -0.25%
    🟢 NVDA VOLUME_SPIKE @ $136.93 → TARGET_HIT +0.50%
    🔴 GOOGL VWAP_CROSS_UP @ $168.84 → STOP_LOSS -0.19%
    🔴 GOOGL TIGHT_CONSOLIDATION_BREAK @ $169.25 → STOP_LOSS -0.19%
    🟢 CELH VWAP_CROSS_UP @ $37.09 → TARGET_HIT +0.75%
    🔴 CELH TIGHT_CONSOLIDATION_BREAK @ $37.56 → STOP_LOSS -0.37%
    🟢 PLTR TIGHT_CONSOLIDATION_BREAK @ $131.24 → TARGET_HIT +0.66%
    🟢 PLTR ORB_BREAKOUT @ $131.42 → TARGET_HIT +0.66%
    🟢 ORCL VWAP_CROSS_UP @ $163.67 → TARGET_HIT +0.33%
    🟢 ORCL VWAP_CROSS_UP @ $164.07 → TIMEOUT +0.07%
    🟢 AAPL VOLUME_SPIKE @ $200.37 → TARGET_HIT +0.31%
    🟢 AAPL VWAP_CROSS_UP @ $201.10 → TARGET_HIT +0.31%
  2025-06-02 [STRONG_RISK_ON  ] Trades:516 Setups:516
    🔴 AVGO VOLUME_SPIKE @ $252.98 → STOP_LOSS -0.28%
    🟢 AVGO TIGHT_CONSOLIDATION_BREAK @ $253.68 → TARGET_HIT +0.57%
    🔴 CRM VOLUME_SPIKE @ $262.23 → STOP_LOSS -0.16%
    🔴 CRM VOLUME_SPIKE @ $262.22 → STOP_LOSS -0.16%
    🔴 TSLA VOLUME_SPIKE @ $345.12 → STOP_LOSS -0.46%
    🟢 TSLA VWAP_CROSS_UP @ $345.93 → TARGET_HIT +0.91%
    🔴 MSTR ORB_BREAKOUT @ $383.75 → STOP_LOSS -0.34%
    🔴 MSTR VOLUME_SPIKE @ $382.31 → STOP_LOSS -0.34%
    🔴 AMD TIGHT_CONSOLIDATION_BREAK @ $116.07 → STOP_LOSS -0.29%
    🟢 AMD ORB_BREAKOUT @ $116.32 → TARGET_HIT +0.58%
    🔴 META VWAP_CROSS_UP @ $669.25 → STOP_LOSS -0.16%
    🟢 META VWAP_CROSS_DOWN @ $668.50 → TARGET_HIT +0.31%
    🔴 CRWD VWAP_CROSS_DOWN @ $480.98 → STOP_LOSS -0.27%
    🔴 CRWD VWAP_CROSS_UP @ $482.19 → STOP_LOSS -0.27%
    🔴 SNOW VWAP_CROSS_UP @ $208.69 → STOP_LOSS -0.17%
    🔴 SNOW VWAP_CROSS_DOWN @ $207.61 → STOP_LOSS -0.17%
    🔴 ARM ORB_BREAKOUT @ $129.41 → STOP_LOSS -0.15%
    🔴 ARM ORB_BREAKOUT @ $129.46 → STOP_LOSS -0.15%
    🟢 NVDA VWAP_CROSS_UP @ $138.31 → TARGET_HIT +0.47%
    🟢 NVDA VOLUME_SPIKE @ $138.22 → TARGET_HIT +0.47%
    🟢 GOOGL VOLUME_SPIKE @ $165.46 → TARGET_HIT +0.45%
    🔴 GOOGL VOLUME_SPIKE @ $166.69 → STOP_LOSS -0.22%
    🔴 CELH ORB_BREAKDOWN @ $37.89 → STOP_LOSS -0.49%
    🔴 CELH ORB_BREAKDOWN @ $37.68 → STOP_LOSS -0.50%
    🔴 MSFT VOLUME_SPIKE @ $462.77 → STOP_LOSS -0.09%
    🟢 MSFT VWAP_CROSS_DOWN @ $462.09 → TARGET_HIT +0.19%
    🟢 PLTR VOLUME_SPIKE @ $132.08 → TIMEOUT +0.68%
    🔴 PLTR VWAP_CROSS_UP @ $132.63 → STOP_LOSS -0.76%
    🔴 ORCL VWAP_CROSS_UP @ $167.25 → STOP_LOSS -0.16%
    🔴 ORCL VWAP_CROSS_DOWN @ $166.88 → STOP_LOSS -0.16%
    🔴 AAPL VOLUME_SPIKE @ $202.81 → STOP_LOSS -0.18%
    🔴 AAPL VOLUME_SPIKE @ $202.32 → STOP_LOSS -0.18%
  2025-06-03 [STRONG_RISK_ON  ] Trades:542 Setups:542
    🔴 SMCI ORB_BREAKOUT @ $44.62 → STOP_LOSS -0.37%
    🔴 SMCI ORB_BREAKOUT @ $44.38 → STOP_LOSS -0.37%
    🟢 AVGO VOLUME_SPIKE @ $258.85 → TARGET_HIT +0.50%
    🟢 AVGO VOLUME_SPIKE @ $259.46 → TARGET_HIT +0.50%
    🔴 MSTR ORB_BREAKDOWN @ $378.00 → STOP_LOSS -0.34%
    🔴 MSTR ORB_BREAKDOWN @ $378.05 → STOP_LOSS -0.34%
    🔴 AMD ORB_BREAKDOWN @ $115.93 → STOP_LOSS -0.29%
    🔴 AMD ORB_BREAKDOWN @ $116.27 → STOP_LOSS -0.29%
    🔴 META VWAP_CROSS_DOWN @ $678.07 → STOP_LOSS -0.19%
    🔴 META ORB_BREAKOUT @ $684.01 → STOP_LOSS -0.19%
    🔴 CRWD VOLUME_SPIKE @ $458.33 → STOP_LOSS -0.26%
    🟢 CRWD VOLUME_SPIKE @ $456.85 → TARGET_HIT +0.52%
    🔴 AXON ORB_BREAKOUT @ $773.20 → STOP_LOSS -0.11%
    🔴 AXON ORB_BREAKOUT @ $773.08 → STOP_LOSS -0.11%
    🔴 ARM ORB_BREAKDOWN @ $128.00 → STOP_LOSS -0.19%
    🔴 ARM ORB_BREAKDOWN @ $127.59 → STOP_LOSS -0.19%
    🔴 NVDA ORB_BREAKDOWN @ $141.59 → STOP_LOSS -0.22%
    🔴 NVDA VOLUME_SPIKE @ $141.81 → STOP_LOSS -0.22%
    🟢 GOOGL VWAP_CROSS_DOWN @ $167.08 → TARGET_HIT +0.30%
    🔴 GOOGL VWAP_CROSS_UP @ $167.39 → STOP_LOSS -0.15%
    🟢 PLTR ORB_BREAKDOWN @ $130.44 → TARGET_HIT +0.83%
    🔴 PLTR ORB_BREAKDOWN @ $129.73 → STOP_LOSS -0.42%
  2025-06-04 [STRONG_RISK_ON  ] Trades:395 Setups:395
    🟢 SMCI VOLUME_SPIKE @ $42.65 → TIMEOUT +1.06%
    🟢 SMCI VOLUME_SPIKE @ $42.46 → TIMEOUT +1.53%
    🟢 AVGO VWAP_CROSS_UP @ $261.42 → TIMEOUT +0.79%
    🔴 AVGO TIGHT_CONSOLIDATION_BREAK @ $262.07 → STOP_LOSS -0.53%
    🟢 CRM VWAP_CROSS_UP @ $265.62 → TIMEOUT +0.56%
    🔴 CRM ORB_BREAKOUT @ $266.12 → STOP_LOSS -0.32%
    🟢 MSTR VWAP_CROSS_UP @ $379.01 → TARGET_HIT +1.06%
    🔴 MSTR VOLUME_SPIKE @ $381.39 → TIMEOUT -0.20%
    🟢 AXON ORB_BREAKOUT @ $789.31 → TARGET_HIT +0.08%
    🔴 AXON ORB_BREAKOUT @ $790.83 → STOP_LOSS -0.04%
    🟢 SNOW VWAP_CROSS_UP @ $212.29 → TARGET_HIT +0.58%
    🔴 SNOW ORB_BREAKOUT @ $213.10 → STOP_LOSS -0.29%
    🟢 ARM VWAP_CROSS_UP @ $132.83 → TARGET_HIT +0.79%
    🔴 ARM VWAP_CROSS_DOWN @ $132.62 → STOP_LOSS -0.39%
    🔴 NVDA VOLUME_SPIKE @ $141.75 → STOP_LOSS -0.43%
    🔴 NVDA VWAP_CROSS_DOWN @ $141.42 → STOP_LOSS -0.44%
    🔴 GOOGL ORB_BREAKDOWN @ $168.50 → STOP_LOSS -0.38%
    🔴 GOOGL ORB_BREAKDOWN @ $168.52 → STOP_LOSS -0.38%
    🔴 CELH ORB_BREAKOUT @ $40.50 → TIMEOUT -0.20%
    🟢 CELH ORB_BREAKOUT @ $40.43 → TIMEOUT +0.30%
    🔴 MSFT VWAP_CROSS_UP @ $465.92 → STOP_LOSS -0.24%
    🔴 MSFT TIGHT_CONSOLIDATION_BREAK @ $466.45 → STOP_LOSS -0.24%
    🟢 PLTR ORB_BREAKOUT @ $130.92 → TIMEOUT +0.26%
    🟢 PLTR ORB_BREAKOUT @ $130.79 → TIMEOUT +0.57%
    🟢 AAPL VWAP_CROSS_UP @ $202.47 → TARGET_HIT +0.79%
    🔴 AAPL VWAP_CROSS_DOWN @ $202.03 → STOP_LOSS -0.40%
  2025-06-05 [RISK_ON         ] Trades:513 Setups:513
    🔴 AVGO VWAP_CROSS_DOWN @ $250.65 → STOP_LOSS -0.33%
    🔴 AVGO VWAP_CROSS_UP @ $252.50 → STOP_LOSS -0.33%
    🟢 MSTR VWAP_CROSS_UP @ $374.66 → TARGET_HIT +0.62%
    🟢 MSTR TIGHT_CONSOLIDATION_BREAK @ $374.90 → TARGET_HIT +0.62%
    🟢 AMD VOLUME_SPIKE @ $117.55 → TARGET_HIT +0.44%
    🔴 AMD VWAP_CROSS_UP @ $117.73 → STOP_LOSS -0.22%
    🔴 AXON VWAP_CROSS_DOWN @ $793.56 → STOP_LOSS -0.02%
    🔴 AXON VOLUME_SPIKE @ $796.00 → STOP_LOSS -0.02%
    🟢 ARM TIGHT_CONSOLIDATION_BREAK @ $133.18 → TARGET_HIT +0.36%
    🟢 ARM TIGHT_CONSOLIDATION_BREAK @ $133.28 → TARGET_HIT +0.36%
    🔴 NVDA ORB_BREAKOUT @ $142.30 → STOP_LOSS -0.21%
    🔴 NVDA VOLUME_SPIKE @ $141.99 → STOP_LOSS -0.22%
    🟢 GOOGL VOLUME_SPIKE @ $172.71 → TARGET_HIT +0.49%
    🔴 GOOGL ORB_BREAKOUT @ $173.19 → STOP_LOSS -0.24%
    🔴 CELH VWAP_CROSS_UP @ $40.92 → STOP_LOSS -0.41%
    🔴 CELH VWAP_CROSS_DOWN @ $40.70 → STOP_LOSS -0.41%
    🟢 MSFT VOLUME_SPIKE @ $472.27 → TARGET_HIT +0.20%
    🔴 MSFT VOLUME_SPIKE @ $471.76 → STOP_LOSS -0.10%
    🔴 PLTR VWAP_CROSS_UP @ $123.98 → STOP_LOSS -0.46%
    🔴 PLTR ORB_BREAKDOWN @ $122.57 → STOP_LOSS -0.47%
    🔴 ORCL ORB_BREAKDOWN @ $172.95 → STOP_LOSS -0.17%
    🔴 ORCL ORB_BREAKDOWN @ $172.89 → STOP_LOSS -0.17%
    🔴 AAPL TIGHT_CONSOLIDATION_BREAK @ $203.97 → STOP_LOSS -0.19%
    🔴 AAPL ORB_BREAKDOWN @ $203.18 → STOP_LOSS -0.19%
  2025-06-06 [STRONG_RISK_ON  ] Trades:389 Setups:389
    🟢 SMCI VWAP_CROSS_UP @ $42.49 → TARGET_HIT +0.69%
    🟢 SMCI VOLUME_SPIKE @ $42.57 → TARGET_HIT +0.69%
    🔴 AVGO ORB_BREAKOUT @ $247.00 → STOP_LOSS -0.25%
    🔴 AVGO ORB_BREAKOUT @ $246.91 → STOP_LOSS -0.25%
    🟢 CRM VOLUME_SPIKE @ $272.14 → TARGET_HIT +0.23%
    🔴 CRM TIGHT_CONSOLIDATION_BREAK @ $272.64 → TIMEOUT -0.06%
    🟢 TSLA ORB_BREAKOUT @ $292.34 → TIMEOUT +0.61%
    🟢 TSLA ORB_BREAKOUT @ $292.49 → TIMEOUT +0.48%
    🟢 MSTR VWAP_CROSS_UP @ $381.94 → TARGET_HIT +0.56%
    🟢 MSTR VOLUME_SPIKE @ $382.36 → TARGET_HIT +0.56%
    🔴 AMD VOLUME_SPIKE @ $121.67 → STOP_LOSS -0.38%
    🔴 AMD ORB_BREAKOUT @ $121.91 → STOP_LOSS -0.38%
    🔴 META VWAP_CROSS_UP @ $702.60 → STOP_LOSS -0.14%
    🔴 META VOLUME_SPIKE @ $703.42 → STOP_LOSS -0.14%
    🔴 CRWD VOLUME_SPIKE @ $469.87 → STOP_LOSS -0.05%
    🔴 CRWD TIGHT_CONSOLIDATION_BREAK @ $470.23 → STOP_LOSS -0.05%
    🟢 AXON ORB_BREAKDOWN @ $782.91 → TARGET_HIT +0.08%
    🟢 AXON ORB_BREAKDOWN @ $780.85 → TARGET_HIT +0.08%
    🟢 SNOW VOLUME_SPIKE @ $209.69 → TARGET_HIT +0.24%
    🔴 SNOW TIGHT_CONSOLIDATION_BREAK @ $211.50 → STOP_LOSS -0.12%
    🔴 ARM ORB_BREAKOUT @ $137.94 → STOP_LOSS -0.26%
    🔴 ARM ORB_BREAKOUT @ $138.15 → STOP_LOSS -0.26%
    🔴 NVDA ORB_BREAKOUT @ $144.46 → STOP_LOSS -0.21%
    🔴 NVDA VWAP_CROSS_DOWN @ $143.06 → STOP_LOSS -0.21%
    🔴 CELH ORB_BREAKOUT @ $42.72 → STOP_LOSS -0.32%
    🔴 CELH ORB_BREAKOUT @ $42.73 → STOP_LOSS -0.32%
    🟢 PLTR TIGHT_CONSOLIDATION_BREAK @ $127.95 → TARGET_HIT +0.69%
    🔴 PLTR ORB_BREAKOUT @ $128.31 → STOP_LOSS -0.34%
    🟢 ORCL VOLUME_SPIKE @ $177.13 → TARGET_HIT +0.28%
    🟢 ORCL ORB_BREAKOUT @ $178.08 → TARGET_HIT +0.28%
    🔴 AAPL VWAP_CROSS_UP @ $205.02 → TIMEOUT -0.15%
    🔴 AAPL TIGHT_CONSOLIDATION_BREAK @ $205.82 → STOP_LOSS -0.30%
  2025-06-09 [STRONG_RISK_ON  ] Trades:538 Setups:538
    🔴 SMCI VWAP_CROSS_UP @ $42.98 → STOP_LOSS -0.38%
    🔴 SMCI TIGHT_CONSOLIDATION_BREAK @ $43.27 → STOP_LOSS -0.37%
    🔴 AVGO VOLUME_SPIKE @ $243.44 → STOP_LOSS -0.29%
    🔴 AVGO ORB_BREAKDOWN @ $242.56 → STOP_LOSS -0.29%
    🟢 CRM VWAP_CROSS_UP @ $271.80 → TARGET_HIT +0.44%
    🟢 CRM TIGHT_CONSOLIDATION_BREAK @ $272.37 → TARGET_HIT +0.44%
    🔴 TSLA VOLUME_SPIKE @ $315.47 → STOP_LOSS -0.39%
    🔴 TSLA VOLUME_SPIKE @ $316.43 → STOP_LOSS -0.39%
    🟢 AMD VOLUME_SPIKE @ $122.22 → TARGET_HIT +0.64%
    🟢 AMD VWAP_CROSS_DOWN @ $122.24 → TARGET_HIT +0.64%
    🔴 META VWAP_CROSS_DOWN @ $699.87 → STOP_LOSS -0.22%
    🔴 META VWAP_CROSS_UP @ $700.36 → STOP_LOSS -0.22%
    🟢 CRWD VOLUME_SPIKE @ $463.58 → TARGET_HIT +0.20%
    🔴 CRWD VWAP_CROSS_UP @ $465.56 → STOP_LOSS -0.10%
    🟢 AXON ORB_BREAKDOWN @ $758.41 → TARGET_HIT +0.17%
    🔴 AXON ORB_BREAKDOWN @ $757.36 → STOP_LOSS -0.08%
    🔴 ARM ORB_BREAKOUT @ $140.12 → STOP_LOSS -0.25%
    🟢 ARM VOLUME_SPIKE @ $139.53 → TARGET_HIT +0.50%
    🔴 NVDA VWAP_CROSS_UP @ $143.38 → STOP_LOSS -0.38%
    🟢 NVDA VWAP_CROSS_DOWN @ $143.23 → TARGET_HIT +0.76%
    🔴 GOOGL ORB_BREAKOUT @ $180.25 → STOP_LOSS -0.60%
    🔴 GOOGL ORB_BREAKOUT @ $180.56 → STOP_LOSS -0.60%
    🔴 CELH VWAP_CROSS_UP @ $43.37 → STOP_LOSS -0.35%
    🟢 CELH VWAP_CROSS_DOWN @ $43.14 → TARGET_HIT +0.70%
    🔴 MSFT ORB_BREAKDOWN @ $467.81 → STOP_LOSS -0.16%
    🔴 MSFT ORB_BREAKDOWN @ $468.05 → STOP_LOSS -0.16%
    🔴 PLTR VWAP_CROSS_UP @ $132.93 → STOP_LOSS -0.37%
    🟢 PLTR VWAP_CROSS_DOWN @ $132.33 → TARGET_HIT +0.74%
    🔴 ORCL VWAP_CROSS_UP @ $176.09 → STOP_LOSS -0.22%
    🟢 ORCL VWAP_CROSS_DOWN @ $175.75 → TARGET_HIT +0.44%
    🔴 AAPL TIGHT_CONSOLIDATION_BREAK @ $203.54 → STOP_LOSS -0.21%
    🔴 AAPL ORB_BREAKOUT @ $204.19 → STOP_LOSS -0.21%
  2025-06-10 [STRONG_RISK_ON  ] Trades:598 Setups:598
    🟢 SMCI VOLUME_SPIKE @ $43.26 → TARGET_HIT +0.96%
    🔴 SMCI VOLUME_SPIKE @ $43.40 → STOP_LOSS -0.48%
    🟢 AVGO ORB_BREAKOUT @ $250.53 → TARGET_HIT +0.60%
    🟢 AVGO ORB_BREAKOUT @ $251.22 → TIMEOUT +0.09%
    🟢 TSLA VOLUME_SPIKE @ $332.46 → TARGET_HIT +0.74%
    🟢 TSLA VOLUME_SPIKE @ $332.26 → TARGET_HIT +0.74%
    🟢 AMD VOLUME_SPIKE @ $122.98 → TARGET_HIT +0.60%
    🔴 AMD ORB_BREAKDOWN @ $122.57 → STOP_LOSS -0.30%
    🔴 META VWAP_CROSS_UP @ $703.33 → STOP_LOSS -0.21%
    🟢 META VWAP_CROSS_DOWN @ $702.11 → TIMEOUT +0.25%
    🟢 CRWD VOLUME_SPIKE @ $473.23 → TARGET_HIT +0.23%
    🟢 CRWD VOLUME_SPIKE @ $474.51 → TARGET_HIT +0.22%
    🔴 ARM VOLUME_SPIKE @ $142.57 → STOP_LOSS -0.19%
    🔴 ARM VOLUME_SPIKE @ $142.69 → STOP_LOSS -0.19%
    🔴 NVDA TIGHT_CONSOLIDATION_BREAK @ $145.19 → STOP_LOSS -0.28%
    🟢 NVDA VOLUME_SPIKE @ $144.06 → TARGET_HIT +0.56%
    🔴 GOOGL VWAP_CROSS_UP @ $179.11 → STOP_LOSS -0.24%
    🟢 GOOGL VWAP_CROSS_DOWN @ $179.02 → TIMEOUT +0.25%
    🟢 CELH VWAP_CROSS_DOWN @ $42.72 → TIMEOUT +0.26%
    🔴 CELH VWAP_CROSS_UP @ $42.81 → STOP_LOSS -0.45%
    🟢 PLTR VWAP_CROSS_UP @ $133.97 → TARGET_HIT +0.98%
    🔴 PLTR ORB_BREAKOUT @ $135.16 → STOP_LOSS -0.49%
  2025-06-11 [STRONG_RISK_ON  ] Trades:422 Setups:422
    🟢 AVGO ORB_BREAKOUT @ $255.78 → TARGET_HIT +0.40%
    🔴 AVGO ORB_BREAKOUT @ $257.00 → STOP_LOSS -0.20%
    🟢 CRM ORB_BREAKOUT @ $266.57 → TARGET_HIT +0.30%
    🟢 CRM ORB_BREAKOUT @ $266.89 → TARGET_HIT +0.30%
    🔴 TSLA VOLUME_SPIKE @ $325.96 → STOP_LOSS -0.34%
    🔴 TSLA VWAP_CROSS_DOWN @ $325.02 → STOP_LOSS -0.34%
    🔴 AMD VWAP_CROSS_UP @ $120.92 → STOP_LOSS -0.41%
    🔴 AMD ORB_BREAKOUT @ $121.00 → STOP_LOSS -0.41%
    🟢 META VOLUME_SPIKE @ $687.46 → TARGET_HIT +0.24%
    🟢 META VWAP_CROSS_UP @ $689.59 → TARGET_HIT +0.24%
    🔴 CRWD VWAP_CROSS_DOWN @ $481.35 → STOP_LOSS -0.11%
    🔴 CRWD VWAP_CROSS_UP @ $484.16 → STOP_LOSS -0.11%
    🟢 AXON ORB_BREAKOUT @ $778.65 → TARGET_HIT +0.02%
    🔴 AXON ORB_BREAKOUT @ $780.64 → STOP_LOSS -0.01%
    🔴 SNOW VWAP_CROSS_UP @ $211.13 → STOP_LOSS -0.19%
    🟢 SNOW VWAP_CROSS_DOWN @ $210.27 → TARGET_HIT +0.38%
    🔴 ARM VOLUME_SPIKE @ $140.32 → STOP_LOSS -0.10%
    🔴 ARM VOLUME_SPIKE @ $139.76 → STOP_LOSS -0.10%
    🔴 NVDA ORB_BREAKOUT @ $143.41 → STOP_LOSS -0.17%
    🔴 NVDA ORB_BREAKOUT @ $143.60 → STOP_LOSS -0.17%
    🔴 GOOGL VWAP_CROSS_UP @ $175.64 → STOP_LOSS -0.14%
    🔴 GOOGL VWAP_CROSS_DOWN @ $175.28 → STOP_LOSS -0.14%
    🔴 CELH VOLUME_SPIKE @ $41.73 → STOP_LOSS -0.20%
    🔴 CELH ORB_BREAKDOWN @ $41.67 → STOP_LOSS -0.20%
    🟢 MSFT VOLUME_SPIKE @ $475.02 → TARGET_HIT +0.24%
    🟢 MSFT VWAP_CROSS_UP @ $475.94 → TARGET_HIT +0.24%
    🟢 ORCL VOLUME_SPIKE @ $197.87 → TARGET_HIT +0.90%
    🟢 ORCL ORB_BREAKOUT @ $199.30 → TARGET_HIT +0.90%
    🟢 AAPL VWAP_CROSS_UP @ $198.24 → TARGET_HIT +0.28%
    🔴 AAPL VOLUME_SPIKE @ $198.27 → STOP_LOSS -0.14%
  2025-06-12 [RISK_ON         ] Trades:485 Setups:485
    🔴 SMCI ORB_BREAKDOWN @ $41.71 → STOP_LOSS -0.62%
    🔴 SMCI ORB_BREAKDOWN @ $41.35 → STOP_LOSS -0.63%
    🟢 AVGO VOLUME_SPIKE @ $250.47 → TARGET_HIT +0.73%
    🟢 AVGO VWAP_CROSS_UP @ $251.72 → TIMEOUT +0.27%
    🟢 CRM ORB_BREAKDOWN @ $262.36 → TARGET_HIT +0.41%
    🔴 CRM ORB_BREAKDOWN @ $262.06 → TIMEOUT -0.16%
    🔴 TSLA ORB_BREAKOUT @ $316.41 → STOP_LOSS -0.73%
    🔴 TSLA ORB_BREAKOUT @ $317.32 → STOP_LOSS -0.73%
    🔴 MSTR VWAP_CROSS_DOWN @ $373.18 → STOP_LOSS -0.39%
    🔴 MSTR ORB_BREAKDOWN @ $372.29 → STOP_LOSS -0.39%
    🔴 AMD VWAP_CROSS_DOWN @ $116.00 → STOP_LOSS -0.41%
    🔴 AMD VWAP_CROSS_UP @ $116.32 → STOP_LOSS -0.41%
    🔴 META VWAP_CROSS_DOWN @ $689.75 → TIMEOUT -0.23%
    🟢 META VOLUME_SPIKE @ $687.77 → TARGET_HIT +0.54%
    🔴 CRWD VWAP_CROSS_UP @ $481.55 → STOP_LOSS -0.12%
    🟢 CRWD VWAP_CROSS_DOWN @ $481.05 → TARGET_HIT +0.25%
    🟢 AXON VWAP_CROSS_UP @ $778.55 → TARGET_HIT +0.07%
    🟢 AXON ORB_BREAKOUT @ $779.32 → TARGET_HIT +0.07%
    🟢 SNOW VWAP_CROSS_UP @ $210.79 → TARGET_HIT +0.54%
    🟢 SNOW TIGHT_CONSOLIDATION_BREAK @ $210.88 → TARGET_HIT +0.54%
    🔴 ARM ORB_BREAKDOWN @ $135.95 → STOP_LOSS -0.33%
    🔴 ARM ORB_BREAKDOWN @ $135.36 → STOP_LOSS -0.33%
    🟢 CELH ORB_BREAKDOWN @ $40.80 → TARGET_HIT +0.62%
    🔴 CELH ORB_BREAKDOWN @ $40.68 → STOP_LOSS -0.31%
    🟢 MSFT VOLUME_SPIKE @ $477.71 → TARGET_HIT +0.37%
    🟢 MSFT VOLUME_SPIKE @ $476.40 → TIMEOUT +0.21%
    🟢 PLTR ORB_BREAKOUT @ $136.84 → TARGET_HIT +0.97%
    🔴 PLTR ORB_BREAKOUT @ $138.26 → STOP_LOSS -0.48%
    🟢 ORCL ORB_BREAKOUT @ $206.24 → TARGET_HIT +1.23%
    🟢 ORCL ORB_BREAKOUT @ $206.96 → TARGET_HIT +1.22%
    🔴 AAPL ORB_BREAKDOWN @ $196.24 → STOP_LOSS -0.30%
    🔴 AAPL ORB_BREAKDOWN @ $196.38 → STOP_LOSS -0.30%
  2025-06-13 [NEUTRAL         ] Trades:652 Setups:652
    🟢 SMCI ORB_BREAKOUT @ $43.27 → TARGET_HIT +0.87%
    🟢 SMCI ORB_BREAKOUT @ $43.24 → TARGET_HIT +0.87%
    🟢 AVGO VOLUME_SPIKE @ $250.06 → TARGET_HIT +0.59%
    🟢 AVGO VWAP_CROSS_UP @ $251.24 → TARGET_HIT +0.59%
    🟢 CRM VOLUME_SPIKE @ $262.73 → TARGET_HIT +0.23%
    🟢 CRM TIGHT_CONSOLIDATION_BREAK @ $263.13 → TARGET_HIT +0.23%
$AVGO: possibly delisted; no price data found  (1d 2025-06-19 -> 2025-06-20)

1 Failed download:
['AVGO']: possibly delisted; no price data found  (1d 2025-06-19 -> 2025-06-20)
$CRM: possibly delisted; no price data found  (1d 2025-06-19 -> 2025-06-20)

1 Failed download:
['CRM']: possibly delisted; no price data found  (1d 2025-06-19 -> 2025-06-20)
$TSLA: possibly delisted; no price data found  (1d 2025-06-19 -> 2025-06-20)

1 Failed download:
['TSLA']: possibly delisted; no price data found  (1d 2025-06-19 -> 2025-06-20)
$AMD: possibly delisted; no price data found  (1d 2025-06-19 -> 2025-06-20)

1 Failed download:
['AMD']: possibly delisted; no price data found  (1d 2025-06-19 -> 2025-06-20)
$CRWD: possibly delisted; no price data found  (1d 2025-06-19 -> 2025-06-20)

1 Failed download:
['CRWD']: possibly delisted; no price data found  (1d 2025-06-19 -> 2025-06-20)
$SNOW: possibly delisted; no price data found  (1d 2025-06-19 -> 2025-06-20)

1 Failed download:
['SNOW']: possibly delisted; no price data found  (1d 2025-06-19 -> 2025-06-20)
$ARM: possibly delisted; no price data found  (1d 2025-06-19 -> 2025-06-20)

1 Failed download:
['ARM']: possibly delisted; no price data found  (1d 2025-06-19 -> 2025-06-20)
$NVDA: possibly delisted; no price data found  (1d 2025-06-19 -> 2025-06-20)

1 Failed download:
['NVDA']: possibly delisted; no price data found  (1d 2025-06-19 -> 2025-06-20)
$CELH: possibly delisted; no price data found  (1d 2025-06-19 -> 2025-06-20)

1 Failed download:
['CELH']: possibly delisted; no price data found  (1d 2025-06-19 -> 2025-06-20)
$PLTR: possibly delisted; no price data found  (1d 2025-06-19 -> 2025-06-20)

1 Failed download:
['PLTR']: possibly delisted; no price data found  (1d 2025-06-19 -> 2025-06-20)
$ORCL: possibly delisted; no price data found  (1d 2025-06-19 -> 2025-06-20)

1 Failed download:
['ORCL']: possibly delisted; no price data found  (1d 2025-06-19 -> 2025-06-20)
$AAPL: possibly delisted; no price data found  (1d 2025-06-19 -> 2025-06-20)

1 Failed download:
['AAPL']: possibly delisted; no price data found  (1d 2025-06-19 -> 2025-06-20)
    🔴 TSLA VOLUME_SPIKE @ $328.96 → STOP_LOSS -0.27%
    🔴 TSLA VOLUME_SPIKE @ $328.48 → STOP_LOSS -0.27%
    🟢 MSTR VOLUME_SPIKE @ $384.03 → TARGET_HIT +0.52%
    🔴 MSTR VWAP_CROSS_UP @ $385.80 → STOP_LOSS -0.26%
    🟢 META VWAP_CROSS_UP @ $699.59 → TARGET_HIT +0.34%
    🟢 META VOLUME_SPIKE @ $700.33 → TARGET_HIT +0.34%
    🔴 CRWD VWAP_CROSS_UP @ $481.21 → STOP_LOSS -0.10%
    🔴 CRWD VWAP_CROSS_DOWN @ $480.33 → STOP_LOSS -0.10%
    🟢 AXON VWAP_CROSS_DOWN @ $794.11 → TARGET_HIT +0.03%
    🔴 AXON VWAP_CROSS_DOWN @ $792.76 → STOP_LOSS -0.02%
    🟢 SNOW VWAP_CROSS_UP @ $208.38 → TARGET_HIT +0.17%
    🔴 SNOW TIGHT_CONSOLIDATION_BREAK @ $208.62 → STOP_LOSS -0.09%
    🟢 ARM ORB_BREAKOUT @ $141.65 → TARGET_HIT +0.51%
    🟢 ARM ORB_BREAKOUT @ $142.14 → TARGET_HIT +0.50%
    🔴 NVDA VWAP_CROSS_DOWN @ $143.31 → STOP_LOSS -0.24%
    🟢 NVDA VWAP_CROSS_UP @ $143.39 → TARGET_HIT +0.49%
    🔴 MSFT VOLUME_SPIKE @ $479.91 → STOP_LOSS -0.10%
    🔴 MSFT TIGHT_CONSOLIDATION_BREAK @ $480.43 → STOP_LOSS -0.10%
    🔴 PLTR VOLUME_SPIKE @ $143.92 → STOP_LOSS -0.32%
    🔴 PLTR VOLUME_SPIKE @ $143.81 → STOP_LOSS -0.32%
    🔴 ORCL VOLUME_SPIKE @ $212.10 → STOP_LOSS -0.29%
    🔴 ORCL ORB_BREAKDOWN @ $211.15 → STOP_LOSS -0.29%
    🔴 AAPL ORB_BREAKOUT @ $198.32 → STOP_LOSS -0.23%
    🔴 AAPL ORB_BREAKOUT @ $198.29 → STOP_LOSS -0.23%
  2025-06-16 [RISK_ON         ] Trades:463 Setups:463
    🟢 SMCI VOLUME_SPIKE @ $43.19 → TARGET_HIT +0.64%
    🟢 SMCI VOLUME_SPIKE @ $43.62 → TARGET_HIT +0.63%
    🔴 TSLA VWAP_CROSS_UP @ $324.05 → STOP_LOSS -0.41%
    🟢 TSLA VOLUME_SPIKE @ $323.46 → TIMEOUT +0.71%
    🔴 META VOLUME_SPIKE @ $701.05 → STOP_LOSS -0.12%
    🟢 META VWAP_CROSS_UP @ $700.98 → TARGET_HIT +0.23%
    🔴 CRWD ORB_BREAKOUT @ $484.62 → STOP_LOSS -0.18%
    🟢 CRWD ORB_BREAKOUT @ $484.51 → TARGET_HIT +0.36%
    🔴 SNOW ORB_BREAKOUT @ $209.82 → STOP_LOSS -0.12%
    🔴 SNOW ORB_BREAKOUT @ $209.82 → STOP_LOSS -0.12%
    🟢 GOOGL VOLUME_SPIKE @ $175.63 → TARGET_HIT +0.33%
    🟢 GOOGL VOLUME_SPIKE @ $175.75 → TARGET_HIT +0.33%
    🟢 CELH ORB_BREAKOUT @ $43.48 → TARGET_HIT +1.00%
    🟢 CELH ORB_BREAKOUT @ $43.75 → TARGET_HIT +0.99%
    🔴 MSFT VOLUME_SPIKE @ $474.71 → STOP_LOSS -0.11%
    🟢 MSFT VWAP_CROSS_UP @ $475.69 → TARGET_HIT +0.21%
    🟢 PLTR ORB_BREAKDOWN @ $140.96 → TARGET_HIT +0.79%
    🔴 PLTR ORB_BREAKDOWN @ $139.96 → STOP_LOSS -0.40%
    🔴 ORCL ORB_BREAKOUT @ $215.54 → STOP_LOSS -0.21%
    🟢 ORCL VWAP_CROSS_DOWN @ $213.85 → TARGET_HIT +0.43%
    🟢 AAPL VWAP_CROSS_UP @ $197.25 → TIMEOUT +0.25%
    🔴 AAPL TIGHT_CONSOLIDATION_BREAK @ $197.75 → STOP_LOSS -0.18%
  2025-06-17 [NEUTRAL         ] Trades:412 Setups:412
    🔴 SMCI TIGHT_CONSOLIDATION_BREAK @ $44.01 → TIMEOUT +0.00%
    🟢 SMCI TIGHT_CONSOLIDATION_BREAK @ $44.06 → TIMEOUT +0.08%
    🔴 AVGO ORB_BREAKOUT @ $253.73 → TIMEOUT -0.15%
    🔴 AVGO ORB_BREAKOUT @ $254.50 → STOP_LOSS -0.47%
    🔴 CRM VOLUME_SPIKE @ $260.89 → STOP_LOSS -0.32%
    🔴 CRM ORB_BREAKDOWN @ $260.77 → STOP_LOSS -0.32%
    🟢 TSLA VOLUME_SPIKE @ $323.86 → TIMEOUT +0.02%
    🔴 TSLA ORB_BREAKOUT @ $324.29 → STOP_LOSS -0.54%
    🔴 MSTR ORB_BREAKDOWN @ $368.95 → STOP_LOSS -0.45%
    🔴 MSTR VWAP_CROSS_UP @ $370.83 → STOP_LOSS -0.45%
    🔴 META TIGHT_CONSOLIDATION_BREAK @ $700.70 → TIMEOUT -0.09%
    🔴 META TIGHT_CONSOLIDATION_BREAK @ $701.10 → TIMEOUT -0.21%
    🔴 CRWD VWAP_CROSS_UP @ $488.56 → STOP_LOSS -0.24%
    🔴 CRWD TIGHT_CONSOLIDATION_BREAK @ $489.04 → STOP_LOSS -0.24%
    🔴 AXON TIGHT_CONSOLIDATION_BREAK @ $777.10 → STOP_LOSS -0.05%
    🔴 AXON TIGHT_CONSOLIDATION_BREAK @ $777.14 → STOP_LOSS -0.05%
    🔴 SNOW ORB_BREAKDOWN @ $210.18 → STOP_LOSS -0.29%
    🔴 SNOW VWAP_CROSS_UP @ $211.80 → STOP_LOSS -0.29%
    🟢 ARM VOLUME_SPIKE @ $146.02 → TARGET_HIT +0.87%
    🔴 ARM ORB_BREAKOUT @ $147.05 → STOP_LOSS -0.43%
    🟢 GOOGL VWAP_CROSS_DOWN @ $176.00 → TIMEOUT +0.39%
    🟢 GOOGL VWAP_CROSS_DOWN @ $175.29 → TIMEOUT +0.10%
    🔴 CELH VOLUME_SPIKE @ $44.38 → STOP_LOSS -0.47%
    🟢 CELH VWAP_CROSS_DOWN @ $44.31 → TIMEOUT +0.32%
    🟢 MSFT VOLUME_SPIKE @ $477.31 → TIMEOUT +0.33%
    🟢 MSFT TIGHT_CONSOLIDATION_BREAK @ $478.31 → TIMEOUT +0.14%
    🔴 PLTR VWAP_CROSS_DOWN @ $138.74 → STOP_LOSS -0.59%
    🔴 PLTR VWAP_CROSS_DOWN @ $138.29 → STOP_LOSS -0.59%
    🔴 ORCL VOLUME_SPIKE @ $213.43 → TIMEOUT -0.00%
    🔴 ORCL ORB_BREAKOUT @ $213.81 → STOP_LOSS -0.40%
    🔴 AAPL ORB_BREAKOUT @ $197.09 → TIMEOUT -0.17%
    🔴 AAPL ORB_BREAKOUT @ $197.19 → TIMEOUT -0.21%
  2025-06-18 [NEUTRAL         ] Trades:453 Setups:453
    🔴 SMCI VWAP_CROSS_UP @ $45.44 → STOP_LOSS -0.77%
    🔴 SMCI VOLUME_SPIKE @ $45.49 → STOP_LOSS -0.77%
    🔴 AVGO ORB_BREAKDOWN @ $246.65 → STOP_LOSS -0.29%
    🔴 AVGO ORB_BREAKDOWN @ $247.51 → STOP_LOSS -0.29%
    🟢 CRM VOLUME_SPIKE @ $260.63 → TARGET_HIT +0.33%
    🔴 CRM VWAP_CROSS_UP @ $261.14 → STOP_LOSS -0.17%
    🟢 TSLA ORB_BREAKDOWN @ $321.95 → TARGET_HIT +0.76%
    🟢 TSLA ORB_BREAKDOWN @ $321.67 → TARGET_HIT +0.76%
    🔴 MSTR VWAP_CROSS_UP @ $370.24 → STOP_LOSS -0.29%
    🔴 MSTR VWAP_CROSS_DOWN @ $369.51 → STOP_LOSS -0.29%
    🔴 AMD VOLUME_SPIKE @ $131.79 → STOP_LOSS -0.31%
    🟢 AMD VOLUME_SPIKE @ $131.17 → TARGET_HIT +0.62%
    🔴 CRWD VWAP_CROSS_UP @ $486.63 → STOP_LOSS -0.24%
    🔴 CRWD VWAP_CROSS_DOWN @ $484.00 → STOP_LOSS -0.24%
    🔴 AXON VWAP_CROSS_UP @ $772.58 → STOP_LOSS -0.09%
    🔴 AXON VWAP_CROSS_DOWN @ $770.18 → STOP_LOSS -0.09%
    🔴 SNOW VWAP_CROSS_UP @ $214.58 → STOP_LOSS -0.12%
    🔴 SNOW VWAP_CROSS_DOWN @ $214.16 → STOP_LOSS -0.12%
    🔴 ARM VWAP_CROSS_UP @ $147.25 → STOP_LOSS -0.12%
    🔴 ARM VOLUME_SPIKE @ $146.86 → STOP_LOSS -0.12%
    🟢 GOOGL VWAP_CROSS_DOWN @ $172.79 → TARGET_HIT +0.86%
    🟢 GOOGL ORB_BREAKDOWN @ $172.40 → TARGET_HIT +0.87%
    🔴 CELH ORB_BREAKDOWN @ $43.64 → STOP_LOSS -0.36%
    🔴 CELH VWAP_CROSS_UP @ $43.87 → STOP_LOSS -0.36%
    🔴 ORCL ORB_BREAKDOWN @ $208.46 → STOP_LOSS -0.26%
    🔴 ORCL ORB_BREAKDOWN @ $208.65 → STOP_LOSS -0.26%
    🔴 AAPL VOLUME_SPIKE @ $200.54 → STOP_LOSS -0.30%
    🔴 AAPL VWAP_CROSS_DOWN @ $199.78 → STOP_LOSS -0.30%
  2025-06-20 [NEUTRAL         ] Trades:432 Setups:432
    🔴 SMCI VWAP_CROSS_UP @ $42.89 → STOP_LOSS -0.36%
    🔴 SMCI VWAP_CROSS_DOWN @ $42.47 → STOP_LOSS -0.37%
    🔴 AVGO VWAP_CROSS_UP @ $249.28 → STOP_LOSS -0.24%
    🔴 AVGO VWAP_CROSS_DOWN @ $248.59 → STOP_LOSS -0.24%
    🟢 CRM ORB_BREAKOUT @ $262.38 → TARGET_HIT +0.34%
    🟢 CRM ORB_BREAKOUT @ $263.44 → TARGET_HIT +0.34%
    🟢 TSLA ORB_BREAKOUT @ $344.30 → TARGET_HIT +1.02%
    🔴 TSLA ORB_BREAKOUT @ $345.81 → STOP_LOSS -0.51%
    🔴 MSTR VWAP_CROSS_DOWN @ $364.73 → STOP_LOSS -0.27%
    🔴 MSTR VOLUME_SPIKE @ $365.27 → STOP_LOSS -0.27%
    🟢 AMD VOLUME_SPIKE @ $131.64 → TARGET_HIT +0.61%
    🔴 AMD ORB_BREAKOUT @ $133.13 → STOP_LOSS -0.30%
    🟢 META VWAP_CROSS_UP @ $685.00 → TARGET_HIT +0.27%
    🔴 META ORB_BREAKOUT @ $686.78 → STOP_LOSS -0.13%
    🟢 CRWD ORB_BREAKOUT @ $476.89 → TARGET_HIT +0.38%
    🟢 CRWD ORB_BREAKOUT @ $476.67 → TARGET_HIT +0.38%
    🟢 SNOW VOLUME_SPIKE @ $213.45 → TARGET_HIT +0.25%
    🔴 SNOW ORB_BREAKOUT @ $213.84 → STOP_LOSS -0.12%
    🟢 ARM ORB_BREAKOUT @ $147.10 → TARGET_HIT +0.53%
    🔴 ARM ORB_BREAKOUT @ $148.07 → STOP_LOSS -0.26%
    🔴 NVDA VWAP_CROSS_DOWN @ $142.37 → STOP_LOSS -0.23%
    🟢 NVDA VOLUME_SPIKE @ $142.50 → TARGET_HIT +0.46%
    🔴 GOOGL TIGHT_CONSOLIDATION_BREAK @ $166.49 → STOP_LOSS -0.31%
    🔴 GOOGL TIGHT_CONSOLIDATION_BREAK @ $166.57 → STOP_LOSS -0.31%
    🔴 CELH ORB_BREAKOUT @ $43.66 → STOP_LOSS -0.32%
    🔴 CELH ORB_BREAKOUT @ $43.68 → STOP_LOSS -0.32%
    🟢 MSFT VOLUME_SPIKE @ $475.95 → TARGET_HIT +0.36%
    🟢 MSFT TIGHT_CONSOLIDATION_BREAK @ $476.84 → TARGET_HIT +0.36%
    🟢 PLTR ORB_BREAKOUT @ $140.29 → TARGET_HIT +0.58%
    🟢 PLTR ORB_BREAKOUT @ $140.34 → TARGET_HIT +0.58%
    🟢 ORCL VWAP_CROSS_DOWN @ $205.36 → TARGET_HIT +0.40%
    🔴 ORCL ORB_BREAKDOWN @ $204.11 → STOP_LOSS -0.20%
    🔴 AAPL VOLUME_SPIKE @ $202.09 → STOP_LOSS -0.19%
    🔴 AAPL VWAP_CROSS_DOWN @ $201.06 → STOP_LOSS -0.19%
  2025-06-23 [RISK_ON         ] Trades:769 Setups:769
    🔴 SMCI VOLUME_SPIKE @ $41.32 → STOP_LOSS -0.34%
    🟢 SMCI VOLUME_SPIKE @ $41.69 → TARGET_HIT +0.67%
    🟢 AVGO VWAP_CROSS_DOWN @ $263.32 → TARGET_HIT +0.38%
    🔴 AVGO VWAP_CROSS_UP @ $263.43 → STOP_LOSS -0.19%
    🔴 CRM VOLUME_SPIKE @ $267.72 → STOP_LOSS -0.16%
    🟢 CRM VWAP_CROSS_UP @ $268.50 → TARGET_HIT +0.32%
    🔴 MSTR VWAP_CROSS_DOWN @ $374.33 → STOP_LOSS -0.27%
    🟢 MSTR ORB_BREAKOUT @ $376.83 → TARGET_HIT +0.53%
    🔴 META VOLUME_SPIKE @ $706.25 → STOP_LOSS -0.14%
    🟢 META VOLUME_SPIKE @ $704.17 → TARGET_HIT +0.27%
    🔴 CRWD VOLUME_SPIKE @ $482.74 → STOP_LOSS -0.07%
    🔴 CRWD VWAP_CROSS_UP @ $485.12 → STOP_LOSS -0.07%
    🟢 AXON ORB_BREAKOUT @ $783.98 → TARGET_HIT +0.10%
    🔴 AXON ORB_BREAKOUT @ $784.63 → STOP_LOSS -0.05%
    🔴 SNOW VOLUME_SPIKE @ $220.63 → STOP_LOSS -0.23%
    🔴 SNOW VWAP_CROSS_UP @ $220.85 → STOP_LOSS -0.23%
    🟢 ARM VWAP_CROSS_UP @ $153.38 → TARGET_HIT +0.56%
    🟢 ARM TIGHT_CONSOLIDATION_BREAK @ $153.73 → TARGET_HIT +0.56%
    🔴 NVDA VWAP_CROSS_DOWN @ $145.35 → STOP_LOSS -0.18%
    🟢 NVDA VWAP_CROSS_UP @ $145.44 → TARGET_HIT +0.36%
    🔴 GOOGL VWAP_CROSS_UP @ $166.93 → STOP_LOSS -0.20%
    🔴 GOOGL VWAP_CROSS_DOWN @ $166.73 → STOP_LOSS -0.20%
    🟢 CELH VOLUME_SPIKE @ $45.29 → TARGET_HIT +0.93%
    🟢 CELH ORB_BREAKOUT @ $45.85 → TIMEOUT +0.26%
    🟢 MSFT VWAP_CROSS_UP @ $488.24 → TARGET_HIT +0.27%
    🟢 MSFT TIGHT_CONSOLIDATION_BREAK @ $488.34 → TARGET_HIT +0.27%
    🟢 PLTR VOLUME_SPIKE @ $140.12 → TARGET_HIT +0.60%
    🟢 PLTR VOLUME_SPIKE @ $140.47 → TARGET_HIT +0.60%
    🔴 ORCL VWAP_CROSS_DOWN @ $211.01 → STOP_LOSS -0.33%
    🟢 ORCL VWAP_CROSS_UP @ $211.38 → TARGET_HIT +0.66%
    🔴 AAPL VWAP_CROSS_UP @ $201.36 → STOP_LOSS -0.20%
    🔴 AAPL VWAP_CROSS_DOWN @ $201.30 → STOP_LOSS -0.20%
  2025-06-24 [STRONG_RISK_ON  ] Trades:566 Setups:566
    🟢 SMCI ORB_BREAKOUT @ $45.90 → TARGET_HIT +1.36%
    🔴 SMCI ORB_BREAKOUT @ $46.70 → STOP_LOSS -0.67%
    🔴 AVGO VWAP_CROSS_DOWN @ $266.88 → STOP_LOSS -0.22%
    🔴 AVGO VWAP_CROSS_UP @ $267.48 → STOP_LOSS -0.22%
    🔴 CRM VOLUME_SPIKE @ $271.01 → STOP_LOSS -0.15%
    🔴 CRM ORB_BREAKDOWN @ $270.02 → STOP_LOSS -0.15%
    🔴 TSLA VOLUME_SPIKE @ $332.25 → STOP_LOSS -0.33%
    🔴 TSLA VOLUME_SPIKE @ $332.03 → STOP_LOSS -0.33%
    🔴 AMD VOLUME_SPIKE @ $140.29 → STOP_LOSS -0.31%
    🔴 AMD VOLUME_SPIKE @ $140.92 → STOP_LOSS -0.31%
    🔴 META VOLUME_SPIKE @ $713.60 → STOP_LOSS -0.12%
    🔴 META TIGHT_CONSOLIDATION_BREAK @ $714.19 → STOP_LOSS -0.12%
    🟢 SNOW VWAP_CROSS_DOWN @ $223.30 → TARGET_HIT +0.14%
    🔴 SNOW ORB_BREAKDOWN @ $222.44 → STOP_LOSS -0.07%
    🔴 ARM VWAP_CROSS_UP @ $158.69 → STOP_LOSS -0.26%
    🔴 ARM TIGHT_CONSOLIDATION_BREAK @ $158.87 → STOP_LOSS -0.26%
    🟢 NVDA VWAP_CROSS_UP @ $149.37 → TARGET_HIT +0.63%
    🔴 NVDA ORB_BREAKOUT @ $149.79 → STOP_LOSS -0.31%
    🟢 GOOGL TIGHT_CONSOLIDATION_BREAK @ $171.02 → TARGET_HIT +0.37%
    🔴 GOOGL TIGHT_CONSOLIDATION_BREAK @ $171.20 → STOP_LOSS -0.18%
    🔴 CELH VWAP_CROSS_UP @ $45.21 → STOP_LOSS -0.36%
    🔴 CELH VOLUME_SPIKE @ $45.30 → STOP_LOSS -0.36%
    🔴 MSFT VWAP_CROSS_DOWN @ $493.28 → STOP_LOSS -0.10%
    🔴 MSFT VWAP_CROSS_UP @ $493.70 → STOP_LOSS -0.10%
    🟢 PLTR VWAP_CROSS_DOWN @ $146.06 → TARGET_HIT +0.57%
    🔴 PLTR VOLUME_SPIKE @ $145.31 → STOP_LOSS -0.29%
    🔴 ORCL ORB_BREAKDOWN @ $213.05 → STOP_LOSS -0.19%
    🔴 ORCL ORB_BREAKDOWN @ $213.49 → STOP_LOSS -0.19%
    🟢 AAPL VOLUME_SPIKE @ $201.53 → TARGET_HIT +0.28%
    🟢 AAPL VWAP_CROSS_UP @ $202.43 → TARGET_HIT +0.28%
  2025-06-25 [STRONG_RISK_ON  ] Trades:526 Setups:526
    🟢 SMCI VWAP_CROSS_UP @ $46.83 → TARGET_HIT +1.32%
    🔴 SMCI ORB_BREAKOUT @ $48.15 → STOP_LOSS -0.64%
    🔴 AVGO ORB_BREAKOUT @ $268.27 → STOP_LOSS -0.27%
    🔴 AVGO ORB_BREAKOUT @ $268.06 → STOP_LOSS -0.27%
    🟢 CRM VOLUME_SPIKE @ $266.26 → TARGET_HIT +0.35%
    🔴 CRM VWAP_CROSS_DOWN @ $266.01 → STOP_LOSS -0.18%
    🔴 TSLA VOLUME_SPIKE @ $326.89 → STOP_LOSS -0.40%
    🔴 TSLA VWAP_CROSS_UP @ $329.23 → STOP_LOSS -0.39%
    🔴 MSTR ORB_BREAKDOWN @ $385.58 → STOP_LOSS -0.25%
    🔴 MSTR ORB_BREAKDOWN @ $385.38 → STOP_LOSS -0.25%
    🟢 CRWD VOLUME_SPIKE @ $498.00 → TARGET_HIT +0.22%
    🟢 CRWD TIGHT_CONSOLIDATION_BREAK @ $500.89 → TARGET_HIT +0.22%
    🔴 AXON VWAP_CROSS_DOWN @ $798.42 → STOP_LOSS -0.06%
    🟢 AXON VWAP_CROSS_UP @ $798.85 → TARGET_HIT +0.12%
    🟢 NVDA ORB_BREAKDOWN @ $155.96 → TARGET_HIT +0.41%
    🟢 NVDA ORB_BREAKDOWN @ $156.00 → TARGET_HIT +0.41%
    🟢 GOOGL VWAP_CROSS_UP @ $171.14 → TARGET_HIT +0.39%
    🟢 GOOGL TIGHT_CONSOLIDATION_BREAK @ $171.76 → TARGET_HIT +0.39%
    🔴 CELH ORB_BREAKOUT @ $46.88 → STOP_LOSS -0.39%
    🔴 CELH ORB_BREAKOUT @ $46.92 → STOP_LOSS -0.39%
    🔴 MSFT VWAP_CROSS_DOWN @ $494.80 → STOP_LOSS -0.14%
    🔴 MSFT VWAP_CROSS_UP @ $495.17 → STOP_LOSS -0.14%
    🔴 PLTR VOLUME_SPIKE @ $144.26 → STOP_LOSS -0.31%
    🔴 PLTR VOLUME_SPIKE @ $144.36 → STOP_LOSS -0.31%
    🟢 ORCL VOLUME_SPIKE @ $210.75 → TARGET_HIT +0.38%
    🟢 ORCL VOLUME_SPIKE @ $211.34 → TARGET_HIT +0.38%
    🟢 AAPL VWAP_CROSS_DOWN @ $200.66 → TARGET_HIT +0.36%
    🔴 AAPL TIGHT_CONSOLIDATION_BREAK @ $200.21 → STOP_LOSS -0.18%
  2025-06-26 [STRONG_RISK_ON  ] Trades:432 Setups:432
    🔴 SMCI VOLUME_SPIKE @ $49.62 → STOP_LOSS -0.65%
    🟢 SMCI ORB_BREAKDOWN @ $49.14 → TARGET_HIT +1.31%
    🔴 AVGO VOLUME_SPIKE @ $269.49 → STOP_LOSS -0.26%
    🟢 AVGO VOLUME_SPIKE @ $270.29 → TARGET_HIT +0.51%
    🔴 CRM ORB_BREAKOUT @ $273.20 → STOP_LOSS -0.27%
    🔴 CRM ORB_BREAKOUT @ $273.80 → STOP_LOSS -0.27%
    🟢 TSLA VOLUME_SPIKE @ $326.55 → TARGET_HIT +0.81%
    🔴 TSLA ORB_BREAKOUT @ $326.94 → STOP_LOSS -0.40%
    🔴 MSTR VWAP_CROSS_DOWN @ $386.89 → STOP_LOSS -0.26%
    🟢 MSTR VWAP_CROSS_UP @ $388.56 → TARGET_HIT +0.51%
    🟢 AMD VOLUME_SPIKE @ $145.34 → TARGET_HIT +0.69%
    🔴 AMD VOLUME_SPIKE @ $146.34 → STOP_LOSS -0.34%
    🔴 META VOLUME_SPIKE @ $733.20 → STOP_LOSS -0.21%
    🔴 META VOLUME_SPIKE @ $733.98 → STOP_LOSS -0.21%
    🟢 CRWD VWAP_CROSS_UP @ $501.86 → TARGET_HIT +0.14%
    🔴 CRWD TIGHT_CONSOLIDATION_BREAK @ $504.40 → STOP_LOSS -0.07%
    🟢 AXON VOLUME_SPIKE @ $810.46 → TARGET_HIT +0.15%
    🔴 AXON TIGHT_CONSOLIDATION_BREAK @ $813.74 → STOP_LOSS -0.07%
    🟢 SNOW VOLUME_SPIKE @ $223.35 → TARGET_HIT +0.37%
    🔴 SNOW ORB_BREAKOUT @ $224.25 → STOP_LOSS -0.19%
    🟢 ARM VOLUME_SPIKE @ $160.66 → TARGET_HIT +0.65%
    🟢 ARM VOLUME_SPIKE @ $161.93 → TARGET_HIT +0.65%
    🔴 NVDA VOLUME_SPIKE @ $156.33 → STOP_LOSS -0.33%
    🔴 NVDA VWAP_CROSS_DOWN @ $155.77 → STOP_LOSS -0.33%
    🟢 GOOGL VWAP_CROSS_DOWN @ $174.28 → TIMEOUT +0.09%
    🔴 GOOGL VWAP_CROSS_UP @ $174.60 → STOP_LOSS -0.53%
    🟢 CELH VWAP_CROSS_UP @ $45.44 → TARGET_HIT +0.78%
    🔴 CELH VWAP_CROSS_UP @ $45.48 → STOP_LOSS -0.39%
    🔴 PLTR VOLUME_SPIKE @ $138.41 → STOP_LOSS -0.92%
    🔴 PLTR VOLUME_SPIKE @ $138.72 → STOP_LOSS -0.92%
    🔴 ORCL VOLUME_SPIKE @ $213.50 → TIMEOUT -0.05%
    🔴 ORCL VOLUME_SPIKE @ $213.79 → TIMEOUT -0.16%
    🔴 AAPL VOLUME_SPIKE @ $202.81 → STOP_LOSS -0.23%
    🟢 AAPL VWAP_CROSS_DOWN @ $202.13 → TARGET_HIT +0.46%
  2025-06-27 [STRONG_RISK_ON  ] Trades:585 Setups:585
